2020-05-15 02:32:33	INFO	hifv_importdata::pipeline.infrastructure.basetask::	Starting execution for stage 1
2020-05-15 02:32:33	INFO	hifv_importdata::pipeline.infrastructure.basetask::	Equivalent CASA call: hifv_importdata(ocorr_mode='co', nocopy=False, vis=['13A-213_05_15_2013_continuum.ms'], createmms='automatic', asis='Receiver CalAtmosphere', overwrite=False)
2020-05-15 02:32:33	WARN	hifv_importdata::pipeline.h.tasks.importdata.importdata::	13A-213_05_15_2013_continuum.ms already in /mnt/ufs18/rs-033/ChomiukLab/LocalGroupX/NGC6822. Will import existing data.
2020-05-15 02:32:33	INFO	hifv_importdata::pipeline.h.tasks.importdata.importdata::	Creating pipeline objects for measurement set(s) /mnt/ufs18/rs-033/ChomiukLab/LocalGroupX/NGC6822/13A-213_05_15_2013_continuum.ms
2020-05-15 02:32:33	INFO	hifv_importdata::pipeline.infrastructure.tablereader::	Analysing /mnt/ufs18/rs-033/ChomiukLab/LocalGroupX/NGC6822/13A-213_05_15_2013_continuum.ms
2020-05-15 02:32:33	INFO	pipeline.infrastructure.tablereader::msmetadata_cmpt.cc::open	Performing internal consistency checks on /mnt/ufs18/rs-033/ChomiukLab/LocalGroupX/NGC6822/13A-213_05_15_2013_continuum.ms...
2020-05-15 02:32:33	INFO	hifv_importdata::pipeline.infrastructure.tablereader::	Populating ms.antenna_array...
2020-05-15 02:32:33	INFO	hifv_importdata::pipeline.infrastructure.tablereader::	Populating ms.spectral_windows...
2020-05-15 02:32:34	INFO	hifv_importdata::pipeline.infrastructure.tablereader::	No DataDescription XML found at /mnt/ufs18/rs-033/ChomiukLab/LocalGroupX/NGC6822/13A-213_05_15_2013_continuum.ms/DataDescription.xml.
2020-05-15 02:32:34	INFO	hifv_importdata::pipeline.infrastructure.tablereader::	No SpectralWindow XML found at /mnt/ufs18/rs-033/ChomiukLab/LocalGroupX/NGC6822/13A-213_05_15_2013_continuum.ms/SpectralWindow.xml.
2020-05-15 02:32:34	INFO	hifv_importdata::pipeline.infrastructure.tablereader::	Unable to read receiver info for MS 13A-213_05_15_2013_continuum.ms
2020-05-15 02:32:34	INFO	hifv_importdata::pipeline.infrastructure.tablereader::	No receiver info available for MS 13A-213_05_15_2013_continuum.ms spw id 0
2020-05-15 02:32:34	INFO	hifv_importdata::pipeline.infrastructure.tablereader::	No receiver info available for MS 13A-213_05_15_2013_continuum.ms spw id 1
2020-05-15 02:32:35	INFO	hifv_importdata::pipeline.infrastructure.tablereader::	No receiver info available for MS 13A-213_05_15_2013_continuum.ms spw id 2
2020-05-15 02:32:35	INFO	hifv_importdata::pipeline.infrastructure.tablereader::	No receiver info available for MS 13A-213_05_15_2013_continuum.ms spw id 3
2020-05-15 02:32:35	INFO	hifv_importdata::pipeline.infrastructure.tablereader::	No receiver info available for MS 13A-213_05_15_2013_continuum.ms spw id 4
2020-05-15 02:32:35	INFO	hifv_importdata::pipeline.infrastructure.tablereader::	No receiver info available for MS 13A-213_05_15_2013_continuum.ms spw id 5
2020-05-15 02:32:35	INFO	hifv_importdata::pipeline.infrastructure.tablereader::	No receiver info available for MS 13A-213_05_15_2013_continuum.ms spw id 6
2020-05-15 02:32:35	INFO	hifv_importdata::pipeline.infrastructure.tablereader::	No receiver info available for MS 13A-213_05_15_2013_continuum.ms spw id 7
2020-05-15 02:32:35	INFO	hifv_importdata::pipeline.infrastructure.tablereader::	Populating ms.states...
2020-05-15 02:32:35	INFO	pipeline.infrastructure.tablereader::MSMetaData::_computeScanAndSubScanProperties 	Computing scan and subscan properties...
2020-05-15 02:32:35	INFO	hifv_importdata::pipeline.infrastructure.tablereader::	Populating ms.fields...
2020-05-15 02:32:35	INFO	hifv_importdata::pipeline.infrastructure.tablereader::	Populating ms.sources...
2020-05-15 02:32:35	INFO	hifv_importdata::pipeline.infrastructure.tablereader::	Populating ms.data_descriptions...
2020-05-15 02:32:35	INFO	hifv_importdata::pipeline.infrastructure.tablereader::	Populating ms.polarizations...
2020-05-15 02:32:35	INFO	hifv_importdata::pipeline.infrastructure.tablereader::	Populating ms.array_name ...
2020-05-15 02:32:36	INFO	hifv_importdata::pipeline.infrastructure.tablereader::	Linking fields to states...
2020-05-15 02:32:36	INFO	hifv_importdata::pipeline.infrastructure.tablereader::	Linking fields to sources...
2020-05-15 02:32:36	INFO	hifv_importdata::pipeline.infrastructure.tablereader::	Linking intents to spws...
2020-05-15 02:32:36	INFO	hifv_importdata::pipeline.infrastructure.tablereader::	Linking spectral windows to fields...
2020-05-15 02:32:36	INFO	hifv_importdata::pipeline.infrastructure.tablereader::	Populating ms.scans...
2020-05-15 02:32:40	INFO	hifv_importdata::pipeline.h.tasks.importdata.fluxes::	No Source XML found at /mnt/ufs18/rs-033/ChomiukLab/LocalGroupX/NGC6822/13A-213_05_15_2013_continuum.ms/Source.xml. No flux import performed. 
2020-05-15 02:32:40	INFO	hifv_importdata::pipeline.h.tasks.importdata.fluxes::	Exported 0 flux measurements to /mnt/ufs18/rs-033/ChomiukLab/LocalGroupX/NGC6822/flux.csv
2020-05-15 02:32:40	INFO	hifv_importdata::pipeline.h.tasks.importdata.fluxes::	Imported 0 flux measurements from /mnt/ufs18/rs-033/ChomiukLab/LocalGroupX/NGC6822/flux.csv
