2020-05-15 03:44:40	INFO	hifv_solint::pipeline.infrastructure.basetask::	Starting execution for stage 12
2020-05-15 03:44:40	INFO	hifv_solint::pipeline.infrastructure.basetask::	Equivalent CASA call: hifv_solint(pipelinemode="automatic")
2020-05-15 03:44:40	INFO	hifv_solint::pipeline.hifv.tasks.fluxscale.solint::	Splitting out calibrators into calibrators.ms
2020-05-15 03:44:40	INFO	hifv_solint::pipeline.infrastructure.jobrequest::	Executing split(vis='13A-213_05_15_2013_continuum.ms', outputvis='calibrators.ms', keepmms=True, scan='2,3,4,5,9,13,17', datacolumn='corrected', keepflags=False, width=1, timebin='0s')
2020-05-15 03:44:40	INFO	split::::	
2020-05-15 03:44:40	INFO	split::::+	##########################################
2020-05-15 03:44:40	INFO	split::::+	##### Begin Task: split              #####
2020-05-15 03:44:40	INFO	split::::	split(vis="/mnt/ufs18/rs-033/ChomiukLab/LocalGroupX/NGC6822/13A-213_05_15_2013_continuum.ms",outputvis="calibrators.ms",keepmms=True,field="",spw="",
2020-05-15 03:44:40	INFO	split::::+	        scan="2,3,4,5,9,13,17",antenna="",correlation="",timerange="",intent="",
2020-05-15 03:44:40	INFO	split::::+	        array="",uvrange="",observation="",feed="",datacolumn="corrected",
2020-05-15 03:44:40	INFO	split::::+	        keepflags=False,width=1,timebin="0s",combine="")
2020-05-15 03:44:40	INFO	MSTransformManager::parseMsSpecParams	Input file name is /mnt/ufs18/rs-033/ChomiukLab/LocalGroupX/NGC6822/13A-213_05_15_2013_continuum.ms
2020-05-15 03:44:40	INFO	MSTransformManager::parseMsSpecParams	Data column is CORRECTED
2020-05-15 03:44:40	INFO	MSTransformManager::parseMsSpecParams	Output file name is calibrators.ms
2020-05-15 03:44:40	INFO	MSTransformManager::parseDataSelParams	scan selection is 2,3,4,5,9,13,17
2020-05-15 03:44:40	INFO	MSTransformManager::colCheckInfo	Adding DATA column to output MS from input CORRECTED_DATA column
2020-05-15 03:44:40	INFO	MSTransformManager::initDataSelectionParams	Selected Scans Ids are [2, 3, 4, 5, 9, 13, 17]
2020-05-15 03:44:40	INFO	MSTransformManager::open	Select data
2020-05-15 03:44:40	INFO	MSTransformManager::createOutputMSStructure	Create output MS structure
2020-05-15 03:44:42	INFO	MSTransformDataHandler::makeSelection	635040 out of 3967704 rows are going to be considered due to the selection criteria.
2020-05-15 03:44:54	INFO	split::::	CASA Version 5.6.1-8  
2020-05-15 03:44:54	INFO	split::::	
2020-05-15 03:44:54	INFO	split::::	##### End Task: split                #####
2020-05-15 03:44:54	INFO	split::::+	##########################################
2020-05-15 03:44:54	INFO	pipeline.hifv.tasks.fluxscale.solint::pipeline.hifv.tasks.fluxscale.solint::	End time, begin time 56427.3870081 56427.3842303
2020-05-15 03:44:54	INFO	pipeline.hifv.tasks.fluxscale.solint::pipeline.hifv.tasks.fluxscale.solint::	append durations, old, begin:
2020-05-15 03:44:54	INFO	pipeline.hifv.tasks.fluxscale.solint::pipeline.hifv.tasks.fluxscale.solint::	Scan 2 has 240.000000154s on source
2020-05-15 03:44:54	INFO	pipeline.hifv.tasks.fluxscale.solint::pipeline.hifv.tasks.fluxscale.solint::	End time, begin time 56427.3912326 56427.3871817
2020-05-15 03:44:54	INFO	pipeline.hifv.tasks.fluxscale.solint::pipeline.hifv.tasks.fluxscale.solint::	append durations, old, begin:
2020-05-15 03:44:54	INFO	pipeline.hifv.tasks.fluxscale.solint::pipeline.hifv.tasks.fluxscale.solint::	Scan 3 has 350.000000093s on source
2020-05-15 03:44:54	INFO	pipeline.hifv.tasks.fluxscale.solint::pipeline.hifv.tasks.fluxscale.solint::	End time, begin time 56427.3957465 56427.3948206
2020-05-15 03:44:54	INFO	pipeline.hifv.tasks.fluxscale.solint::pipeline.hifv.tasks.fluxscale.solint::	append durations, old, begin:
2020-05-15 03:44:54	INFO	pipeline.hifv.tasks.fluxscale.solint::pipeline.hifv.tasks.fluxscale.solint::	Scan 4 has 79.9999998417s on source
2020-05-15 03:44:54	INFO	pipeline.hifv.tasks.fluxscale.solint::pipeline.hifv.tasks.fluxscale.solint::	End time, old begin time 56427.3978299 56427.3948206
2020-05-15 03:44:54	INFO	pipeline.hifv.tasks.fluxscale.solint::pipeline.hifv.tasks.fluxscale.solint::	Scan 5 has 259.9999998s on source
2020-05-15 03:44:54	INFO	pipeline.hifv.tasks.fluxscale.solint::pipeline.hifv.tasks.fluxscale.solint::	End time, begin time 56427.4195891 56427.4177951
2020-05-15 03:44:54	INFO	pipeline.hifv.tasks.fluxscale.solint::pipeline.hifv.tasks.fluxscale.solint::	append durations, old, begin:
2020-05-15 03:44:54	INFO	pipeline.hifv.tasks.fluxscale.solint::pipeline.hifv.tasks.fluxscale.solint::	Scan 9 has 154.999999772s on source
2020-05-15 03:44:54	INFO	pipeline.hifv.tasks.fluxscale.solint::pipeline.hifv.tasks.fluxscale.solint::	End time, begin time 56427.4414062 56427.4396123
2020-05-15 03:44:54	INFO	pipeline.hifv.tasks.fluxscale.solint::pipeline.hifv.tasks.fluxscale.solint::	append durations, old, begin:
2020-05-15 03:44:54	INFO	pipeline.hifv.tasks.fluxscale.solint::pipeline.hifv.tasks.fluxscale.solint::	Scan 13 has 154.999999772s on source
2020-05-15 03:44:54	INFO	pipeline.hifv.tasks.fluxscale.solint::pipeline.hifv.tasks.fluxscale.solint::	End time, begin time 56427.4631655 56427.4614873
2020-05-15 03:44:54	INFO	pipeline.hifv.tasks.fluxscale.solint::pipeline.hifv.tasks.fluxscale.solint::	append durations, old, begin:
2020-05-15 03:44:54	INFO	pipeline.hifv.tasks.fluxscale.solint::pipeline.hifv.tasks.fluxscale.solint::	Scan 17 has 145.000001206s on source
2020-05-15 03:45:03	INFO	pipeline.infrastructure.jobrequest::pipeline.infrastructure.jobrequest::	Executing flagdata(vis='calibrators.ms', mode='summary', field='1,2', flagbackup=False, savepars=False)
2020-05-15 03:45:03	INFO	flagdata::::	
2020-05-15 03:45:03	INFO	flagdata::::+	##########################################
2020-05-15 03:45:03	INFO	flagdata::::+	##### Begin Task: flagdata           #####
2020-05-15 03:45:03	INFO	flagdata::::	flagdata(vis="calibrators.ms",mode="summary",autocorr=False,inpfile="",reason="any",
2020-05-15 03:45:03	INFO	flagdata::::+	        tbuff=0.0,spw="",field="1,2",antenna="",uvrange="",
2020-05-15 03:45:03	INFO	flagdata::::+	        timerange="",correlation="",scan="",intent="",array="",
2020-05-15 03:45:03	INFO	flagdata::::+	        observation="",feed="",clipminmax=[],datacolumn="DATA",clipoutside=True,
2020-05-15 03:45:03	INFO	flagdata::::+	        channelavg=False,chanbin=1,timeavg=False,timebin="0s",clipzeros=False,
2020-05-15 03:45:03	INFO	flagdata::::+	        quackinterval=1.0,quackmode="beg",quackincrement=False,tolerance=0.0,addantenna="",
2020-05-15 03:45:03	INFO	flagdata::::+	        lowerlimit=0.0,upperlimit=90.0,ntime="scan",combinescans=False,timecutoff=4.0,
2020-05-15 03:45:03	INFO	flagdata::::+	        freqcutoff=3.0,timefit="line",freqfit="poly",maxnpieces=7,flagdimension="freqtime",
2020-05-15 03:45:03	INFO	flagdata::::+	        usewindowstats="none",halfwin=1,extendflags=True,winsize=3,timedev="",
2020-05-15 03:45:03	INFO	flagdata::::+	        freqdev="",timedevscale=5.0,freqdevscale=5.0,spectralmax=1000000.0,spectralmin=0.0,
2020-05-15 03:45:03	INFO	flagdata::::+	        antint_ref_antenna="",minchanfrac=0.6,verbose=False,extendpols=True,growtime=50.0,
2020-05-15 03:45:03	INFO	flagdata::::+	        growfreq=50.0,growaround=False,flagneartime=False,flagnearfreq=False,minrel=0.0,
2020-05-15 03:45:03	INFO	flagdata::::+	        maxrel=1.0,minabs=0,maxabs=-1,spwchan=False,spwcorr=False,
2020-05-15 03:45:03	INFO	flagdata::::+	        basecnt=False,fieldcnt=False,name="Summary",action="apply",display="",
2020-05-15 03:45:03	INFO	flagdata::::+	        flagbackup=False,savepars=False,cmdreason="",outfile="",overwrite=True,
2020-05-15 03:45:03	INFO	flagdata::::+	        writeflags=True)
2020-05-15 03:45:03	INFO	AgentFlagger::open	Table type is Measurement Set
2020-05-15 03:45:03	INFO	flagdata::::	Summary mode is active
2020-05-15 03:45:04	INFO	flagdata::::	Initializing the agents
2020-05-15 03:45:04	INFO	Summary::setAgentParameters 	 display is: 
2020-05-15 03:45:04	INFO	AgentFlagger::initAgents	There are 1 valid agents in list
2020-05-15 03:45:04	INFO	flagdata::::	Running the agentflagger tool
2020-05-15 03:45:04	INFO	FlagMSHandler::	------------------------------------------------------------------------------------ 
2020-05-15 03:45:04	INFO	FlagMSHandler::	Chunk = 1 [progress: 2%], Observation = 0, Array = 0, Scan = 2, Field = 1 (1331+305=3C286), Spw = 0, Channels = 128, Corrs = [ RR RL LR LL ], Total Rows = 14631
2020-05-15 03:45:04	INFO	FlagMSHandler::	------------------------------------------------------------------------------------ 
2020-05-15 03:45:04	INFO	FlagMSHandler::	Chunk = 2 [progress: 4%], Observation = 0, Array = 0, Scan = 2, Field = 1 (1331+305=3C286), Spw = 1, Channels = 128, Corrs = [ RR RL LR LL ], Total Rows = 14654
2020-05-15 03:45:04	INFO	FlagMSHandler::	------------------------------------------------------------------------------------ 
2020-05-15 03:45:04	INFO	FlagMSHandler::	Chunk = 3 [progress: 6%], Observation = 0, Array = 0, Scan = 2, Field = 1 (1331+305=3C286), Spw = 2, Channels = 128, Corrs = [ RR RL LR LL ], Total Rows = 14654
2020-05-15 03:45:04	INFO	FlagMSHandler::	------------------------------------------------------------------------------------ 
2020-05-15 03:45:04	INFO	FlagMSHandler::	Chunk = 4 [progress: 9%], Observation = 0, Array = 0, Scan = 2, Field = 1 (1331+305=3C286), Spw = 3, Channels = 128, Corrs = [ RR RL LR LL ], Total Rows = 14741
2020-05-15 03:45:05	INFO	FlagMSHandler::	------------------------------------------------------------------------------------ 
2020-05-15 03:45:05	INFO	FlagMSHandler::	Chunk = 5 [progress: 11%], Observation = 0, Array = 0, Scan = 2, Field = 1 (1331+305=3C286), Spw = 4, Channels = 128, Corrs = [ RR RL LR LL ], Total Rows = 13477
2020-05-15 03:45:05	INFO	FlagMSHandler::	------------------------------------------------------------------------------------ 
2020-05-15 03:45:05	INFO	FlagMSHandler::	Chunk = 6 [progress: 13%], Observation = 0, Array = 0, Scan = 2, Field = 1 (1331+305=3C286), Spw = 5, Channels = 128, Corrs = [ RR RL LR LL ], Total Rows = 14740
2020-05-15 03:45:05	INFO	FlagMSHandler::	------------------------------------------------------------------------------------ 
2020-05-15 03:45:05	INFO	FlagMSHandler::	Chunk = 7 [progress: 15%], Observation = 0, Array = 0, Scan = 2, Field = 1 (1331+305=3C286), Spw = 6, Channels = 128, Corrs = [ RR RL LR LL ], Total Rows = 14697
2020-05-15 03:45:05	INFO	FlagMSHandler::	------------------------------------------------------------------------------------ 
2020-05-15 03:45:05	INFO	FlagMSHandler::	Chunk = 8 [progress: 18%], Observation = 0, Array = 0, Scan = 2, Field = 1 (1331+305=3C286), Spw = 7, Channels = 128, Corrs = [ RR RL LR LL ], Total Rows = 14661
2020-05-15 03:45:05	INFO	FlagMSHandler::	------------------------------------------------------------------------------------ 
2020-05-15 03:45:05	INFO	FlagMSHandler::	Chunk = 9 [progress: 21%], Observation = 0, Array = 0, Scan = 3, Field = 1 (1331+305=3C286), Spw = 0, Channels = 128, Corrs = [ RR RL LR LL ], Total Rows = 23075
2020-05-15 03:45:05	INFO	FlagMSHandler::	------------------------------------------------------------------------------------ 
2020-05-15 03:45:05	INFO	FlagMSHandler::	Chunk = 10 [progress: 25%], Observation = 0, Array = 0, Scan = 3, Field = 1 (1331+305=3C286), Spw = 1, Channels = 128, Corrs = [ RR RL LR LL ], Total Rows = 23075
2020-05-15 03:45:06	INFO	FlagMSHandler::	------------------------------------------------------------------------------------ 
2020-05-15 03:45:06	INFO	FlagMSHandler::	Chunk = 11 [progress: 29%], Observation = 0, Array = 0, Scan = 3, Field = 1 (1331+305=3C286), Spw = 2, Channels = 128, Corrs = [ RR RL LR LL ], Total Rows = 23075
2020-05-15 03:45:06	INFO	FlagMSHandler::	------------------------------------------------------------------------------------ 
2020-05-15 03:45:06	INFO	FlagMSHandler::	Chunk = 12 [progress: 32%], Observation = 0, Array = 0, Scan = 3, Field = 1 (1331+305=3C286), Spw = 3, Channels = 128, Corrs = [ RR RL LR LL ], Total Rows = 23075
2020-05-15 03:45:06	INFO	FlagMSHandler::	------------------------------------------------------------------------------------ 
2020-05-15 03:45:06	INFO	FlagMSHandler::	Chunk = 13 [progress: 35%], Observation = 0, Array = 0, Scan = 3, Field = 1 (1331+305=3C286), Spw = 4, Channels = 128, Corrs = [ RR RL LR LL ], Total Rows = 19915
2020-05-15 03:45:06	INFO	FlagMSHandler::	------------------------------------------------------------------------------------ 
2020-05-15 03:45:06	INFO	FlagMSHandler::	Chunk = 14 [progress: 39%], Observation = 0, Array = 0, Scan = 3, Field = 1 (1331+305=3C286), Spw = 5, Channels = 128, Corrs = [ RR RL LR LL ], Total Rows = 23075
2020-05-15 03:45:07	INFO	FlagMSHandler::	------------------------------------------------------------------------------------ 
2020-05-15 03:45:07	INFO	FlagMSHandler::	Chunk = 15 [progress: 43%], Observation = 0, Array = 0, Scan = 3, Field = 1 (1331+305=3C286), Spw = 6, Channels = 128, Corrs = [ RR RL LR LL ], Total Rows = 23075
2020-05-15 03:45:07	INFO	FlagMSHandler::	------------------------------------------------------------------------------------ 
2020-05-15 03:45:07	INFO	FlagMSHandler::	Chunk = 16 [progress: 46%], Observation = 0, Array = 0, Scan = 3, Field = 1 (1331+305=3C286), Spw = 7, Channels = 128, Corrs = [ RR RL LR LL ], Total Rows = 23075
2020-05-15 03:45:07	INFO	FlagMSHandler::	------------------------------------------------------------------------------------ 
2020-05-15 03:45:07	INFO	FlagMSHandler::	Chunk = 17 [progress: 47%], Observation = 0, Array = 0, Scan = 4, Field = 2 (J1923-2104), Spw = 0, Channels = 128, Corrs = [ RR RL LR LL ], Total Rows = 3989
2020-05-15 03:45:07	INFO	FlagMSHandler::	------------------------------------------------------------------------------------ 
2020-05-15 03:45:07	INFO	FlagMSHandler::	Chunk = 18 [progress: 48%], Observation = 0, Array = 0, Scan = 4, Field = 2 (J1923-2104), Spw = 1, Channels = 128, Corrs = [ RR RL LR LL ], Total Rows = 3989
2020-05-15 03:45:07	INFO	FlagMSHandler::	------------------------------------------------------------------------------------ 
2020-05-15 03:45:07	INFO	FlagMSHandler::	Chunk = 19 [progress: 48%], Observation = 0, Array = 0, Scan = 4, Field = 2 (J1923-2104), Spw = 2, Channels = 128, Corrs = [ RR RL LR LL ], Total Rows = 3989
2020-05-15 03:45:07	INFO	FlagMSHandler::	------------------------------------------------------------------------------------ 
2020-05-15 03:45:07	INFO	FlagMSHandler::	Chunk = 20 [progress: 49%], Observation = 0, Array = 0, Scan = 4, Field = 2 (J1923-2104), Spw = 3, Channels = 128, Corrs = [ RR RL LR LL ], Total Rows = 3989
2020-05-15 03:45:07	INFO	FlagMSHandler::	------------------------------------------------------------------------------------ 
2020-05-15 03:45:07	INFO	FlagMSHandler::	Chunk = 21 [progress: 49%], Observation = 0, Array = 0, Scan = 4, Field = 2 (J1923-2104), Spw = 4, Channels = 128, Corrs = [ RR RL LR LL ], Total Rows = 3666
2020-05-15 03:45:07	INFO	FlagMSHandler::	------------------------------------------------------------------------------------ 
2020-05-15 03:45:07	INFO	FlagMSHandler::	Chunk = 22 [progress: 50%], Observation = 0, Array = 0, Scan = 4, Field = 2 (J1923-2104), Spw = 5, Channels = 128, Corrs = [ RR RL LR LL ], Total Rows = 3989
2020-05-15 03:45:07	INFO	FlagMSHandler::	------------------------------------------------------------------------------------ 
2020-05-15 03:45:07	INFO	FlagMSHandler::	Chunk = 23 [progress: 51%], Observation = 0, Array = 0, Scan = 4, Field = 2 (J1923-2104), Spw = 6, Channels = 128, Corrs = [ RR RL LR LL ], Total Rows = 3989
2020-05-15 03:45:07	INFO	FlagMSHandler::	------------------------------------------------------------------------------------ 
2020-05-15 03:45:07	INFO	FlagMSHandler::	Chunk = 24 [progress: 51%], Observation = 0, Array = 0, Scan = 4, Field = 2 (J1923-2104), Spw = 7, Channels = 128, Corrs = [ RR RL LR LL ], Total Rows = 3989
2020-05-15 03:45:08	INFO	FlagMSHandler::	------------------------------------------------------------------------------------ 
2020-05-15 03:45:08	INFO	FlagMSHandler::	Chunk = 25 [progress: 53%], Observation = 0, Array = 0, Scan = 5, Field = 2 (J1923-2104), Spw = 0, Channels = 128, Corrs = [ RR RL LR LL ], Total Rows = 10500
2020-05-15 03:45:08	INFO	FlagMSHandler::	------------------------------------------------------------------------------------ 
2020-05-15 03:45:08	INFO	FlagMSHandler::	Chunk = 26 [progress: 55%], Observation = 0, Array = 0, Scan = 5, Field = 2 (J1923-2104), Spw = 1, Channels = 128, Corrs = [ RR RL LR LL ], Total Rows = 10500
2020-05-15 03:45:08	INFO	FlagMSHandler::	------------------------------------------------------------------------------------ 
2020-05-15 03:45:08	INFO	FlagMSHandler::	Chunk = 27 [progress: 56%], Observation = 0, Array = 0, Scan = 5, Field = 2 (J1923-2104), Spw = 2, Channels = 128, Corrs = [ RR RL LR LL ], Total Rows = 10500
2020-05-15 03:45:08	INFO	FlagMSHandler::	------------------------------------------------------------------------------------ 
2020-05-15 03:45:08	INFO	FlagMSHandler::	Chunk = 28 [progress: 58%], Observation = 0, Array = 0, Scan = 5, Field = 2 (J1923-2104), Spw = 3, Channels = 128, Corrs = [ RR RL LR LL ], Total Rows = 10500
2020-05-15 03:45:08	INFO	FlagMSHandler::	------------------------------------------------------------------------------------ 
2020-05-15 03:45:08	INFO	FlagMSHandler::	Chunk = 29 [progress: 59%], Observation = 0, Array = 0, Scan = 5, Field = 2 (J1923-2104), Spw = 4, Channels = 128, Corrs = [ RR RL LR LL ], Total Rows = 9660
2020-05-15 03:45:08	INFO	FlagMSHandler::	------------------------------------------------------------------------------------ 
2020-05-15 03:45:08	INFO	FlagMSHandler::	Chunk = 30 [progress: 61%], Observation = 0, Array = 0, Scan = 5, Field = 2 (J1923-2104), Spw = 5, Channels = 128, Corrs = [ RR RL LR LL ], Total Rows = 10500
2020-05-15 03:45:08	INFO	FlagMSHandler::	------------------------------------------------------------------------------------ 
2020-05-15 03:45:08	INFO	FlagMSHandler::	Chunk = 31 [progress: 63%], Observation = 0, Array = 0, Scan = 5, Field = 2 (J1923-2104), Spw = 6, Channels = 128, Corrs = [ RR RL LR LL ], Total Rows = 10500
2020-05-15 03:45:08	INFO	FlagMSHandler::	------------------------------------------------------------------------------------ 
2020-05-15 03:45:08	INFO	FlagMSHandler::	Chunk = 32 [progress: 64%], Observation = 0, Array = 0, Scan = 5, Field = 2 (J1923-2104), Spw = 7, Channels = 128, Corrs = [ RR RL LR LL ], Total Rows = 10500
2020-05-15 03:45:08	INFO	FlagMSHandler::	------------------------------------------------------------------------------------ 
2020-05-15 03:45:08	INFO	FlagMSHandler::	Chunk = 33 [progress: 66%], Observation = 0, Array = 0, Scan = 9, Field = 2 (J1923-2104), Spw = 0, Channels = 128, Corrs = [ RR RL LR LL ], Total Rows = 9553
2020-05-15 03:45:09	INFO	FlagMSHandler::	------------------------------------------------------------------------------------ 
2020-05-15 03:45:09	INFO	FlagMSHandler::	Chunk = 34 [progress: 67%], Observation = 0, Array = 0, Scan = 9, Field = 2 (J1923-2104), Spw = 1, Channels = 128, Corrs = [ RR RL LR LL ], Total Rows = 9553
2020-05-15 03:45:09	INFO	FlagMSHandler::	------------------------------------------------------------------------------------ 
2020-05-15 03:45:09	INFO	FlagMSHandler::	Chunk = 35 [progress: 69%], Observation = 0, Array = 0, Scan = 9, Field = 2 (J1923-2104), Spw = 2, Channels = 128, Corrs = [ RR RL LR LL ], Total Rows = 9553
2020-05-15 03:45:09	INFO	FlagMSHandler::	------------------------------------------------------------------------------------ 
2020-05-15 03:45:09	INFO	FlagMSHandler::	Chunk = 36 [progress: 70%], Observation = 0, Array = 0, Scan = 9, Field = 2 (J1923-2104), Spw = 3, Channels = 128, Corrs = [ RR RL LR LL ], Total Rows = 9553
2020-05-15 03:45:09	INFO	FlagMSHandler::	------------------------------------------------------------------------------------ 
2020-05-15 03:45:09	INFO	FlagMSHandler::	Chunk = 37 [progress: 72%], Observation = 0, Array = 0, Scan = 9, Field = 2 (J1923-2104), Spw = 4, Channels = 128, Corrs = [ RR RL LR LL ], Total Rows = 8787
2020-05-15 03:45:09	INFO	FlagMSHandler::	------------------------------------------------------------------------------------ 
2020-05-15 03:45:09	INFO	FlagMSHandler::	Chunk = 38 [progress: 73%], Observation = 0, Array = 0, Scan = 9, Field = 2 (J1923-2104), Spw = 5, Channels = 128, Corrs = [ RR RL LR LL ], Total Rows = 9553
2020-05-15 03:45:09	INFO	FlagMSHandler::	------------------------------------------------------------------------------------ 
2020-05-15 03:45:09	INFO	FlagMSHandler::	Chunk = 39 [progress: 75%], Observation = 0, Array = 0, Scan = 9, Field = 2 (J1923-2104), Spw = 6, Channels = 128, Corrs = [ RR RL LR LL ], Total Rows = 9553
2020-05-15 03:45:09	INFO	FlagMSHandler::	------------------------------------------------------------------------------------ 
2020-05-15 03:45:09	INFO	FlagMSHandler::	Chunk = 40 [progress: 76%], Observation = 0, Array = 0, Scan = 9, Field = 2 (J1923-2104), Spw = 7, Channels = 128, Corrs = [ RR RL LR LL ], Total Rows = 9553
2020-05-15 03:45:09	INFO	FlagMSHandler::	------------------------------------------------------------------------------------ 
2020-05-15 03:45:09	INFO	FlagMSHandler::	Chunk = 41 [progress: 78%], Observation = 0, Array = 0, Scan = 13, Field = 2 (J1923-2104), Spw = 0, Channels = 128, Corrs = [ RR RL LR LL ], Total Rows = 9553
2020-05-15 03:45:09	INFO	FlagMSHandler::	------------------------------------------------------------------------------------ 
2020-05-15 03:45:09	INFO	FlagMSHandler::	Chunk = 42 [progress: 79%], Observation = 0, Array = 0, Scan = 13, Field = 2 (J1923-2104), Spw = 1, Channels = 128, Corrs = [ RR RL LR LL ], Total Rows = 9553
2020-05-15 03:45:09	INFO	FlagMSHandler::	------------------------------------------------------------------------------------ 
2020-05-15 03:45:09	INFO	FlagMSHandler::	Chunk = 43 [progress: 81%], Observation = 0, Array = 0, Scan = 13, Field = 2 (J1923-2104), Spw = 2, Channels = 128, Corrs = [ RR RL LR LL ], Total Rows = 9553
2020-05-15 03:45:10	INFO	FlagMSHandler::	------------------------------------------------------------------------------------ 
2020-05-15 03:45:10	INFO	FlagMSHandler::	Chunk = 44 [progress: 82%], Observation = 0, Array = 0, Scan = 13, Field = 2 (J1923-2104), Spw = 3, Channels = 128, Corrs = [ RR RL LR LL ], Total Rows = 9553
2020-05-15 03:45:10	INFO	FlagMSHandler::	------------------------------------------------------------------------------------ 
2020-05-15 03:45:10	INFO	FlagMSHandler::	Chunk = 45 [progress: 84%], Observation = 0, Array = 0, Scan = 13, Field = 2 (J1923-2104), Spw = 4, Channels = 128, Corrs = [ RR RL LR LL ], Total Rows = 8787
2020-05-15 03:45:10	INFO	FlagMSHandler::	------------------------------------------------------------------------------------ 
2020-05-15 03:45:10	INFO	FlagMSHandler::	Chunk = 46 [progress: 85%], Observation = 0, Array = 0, Scan = 13, Field = 2 (J1923-2104), Spw = 5, Channels = 128, Corrs = [ RR RL LR LL ], Total Rows = 9553
2020-05-15 03:45:10	INFO	FlagMSHandler::	------------------------------------------------------------------------------------ 
2020-05-15 03:45:10	INFO	FlagMSHandler::	Chunk = 47 [progress: 87%], Observation = 0, Array = 0, Scan = 13, Field = 2 (J1923-2104), Spw = 6, Channels = 128, Corrs = [ RR RL LR LL ], Total Rows = 9553
2020-05-15 03:45:10	INFO	FlagMSHandler::	------------------------------------------------------------------------------------ 
2020-05-15 03:45:10	INFO	FlagMSHandler::	Chunk = 48 [progress: 88%], Observation = 0, Array = 0, Scan = 13, Field = 2 (J1923-2104), Spw = 7, Channels = 128, Corrs = [ RR RL LR LL ], Total Rows = 9553
2020-05-15 03:45:10	INFO	FlagMSHandler::	------------------------------------------------------------------------------------ 
2020-05-15 03:45:10	INFO	FlagMSHandler::	Chunk = 49 [progress: 90%], Observation = 0, Array = 0, Scan = 17, Field = 2 (J1923-2104), Spw = 0, Channels = 128, Corrs = [ RR RL LR LL ], Total Rows = 9000
2020-05-15 03:45:10	INFO	FlagMSHandler::	------------------------------------------------------------------------------------ 
2020-05-15 03:45:10	INFO	FlagMSHandler::	Chunk = 50 [progress: 91%], Observation = 0, Array = 0, Scan = 17, Field = 2 (J1923-2104), Spw = 1, Channels = 128, Corrs = [ RR RL LR LL ], Total Rows = 9000
2020-05-15 03:45:10	INFO	FlagMSHandler::	------------------------------------------------------------------------------------ 
2020-05-15 03:45:10	INFO	FlagMSHandler::	Chunk = 51 [progress: 93%], Observation = 0, Array = 0, Scan = 17, Field = 2 (J1923-2104), Spw = 2, Channels = 128, Corrs = [ RR RL LR LL ], Total Rows = 9000
2020-05-15 03:45:10	INFO	FlagMSHandler::	------------------------------------------------------------------------------------ 
2020-05-15 03:45:10	INFO	FlagMSHandler::	Chunk = 52 [progress: 94%], Observation = 0, Array = 0, Scan = 17, Field = 2 (J1923-2104), Spw = 3, Channels = 128, Corrs = [ RR RL LR LL ], Total Rows = 9000
2020-05-15 03:45:10	INFO	FlagMSHandler::	------------------------------------------------------------------------------------ 
2020-05-15 03:45:10	INFO	FlagMSHandler::	Chunk = 53 [progress: 95%], Observation = 0, Array = 0, Scan = 17, Field = 2 (J1923-2104), Spw = 4, Channels = 128, Corrs = [ RR RL LR LL ], Total Rows = 8280
2020-05-15 03:45:10	INFO	FlagMSHandler::	------------------------------------------------------------------------------------ 
2020-05-15 03:45:10	INFO	FlagMSHandler::	Chunk = 54 [progress: 97%], Observation = 0, Array = 0, Scan = 17, Field = 2 (J1923-2104), Spw = 5, Channels = 128, Corrs = [ RR RL LR LL ], Total Rows = 9000
2020-05-15 03:45:11	INFO	FlagMSHandler::	------------------------------------------------------------------------------------ 
2020-05-15 03:45:11	INFO	FlagMSHandler::	Chunk = 55 [progress: 98%], Observation = 0, Array = 0, Scan = 17, Field = 2 (J1923-2104), Spw = 6, Channels = 128, Corrs = [ RR RL LR LL ], Total Rows = 9000
2020-05-15 03:45:11	INFO	FlagMSHandler::	------------------------------------------------------------------------------------ 
2020-05-15 03:45:11	INFO	FlagMSHandler::	Chunk = 56 [progress: 100%], Observation = 0, Array = 0, Scan = 17, Field = 2 (J1923-2104), Spw = 7, Channels = 128, Corrs = [ RR RL LR LL ], Total Rows = 9000
2020-05-15 03:45:11	INFO	FlagMSHandler::nextChunk 	==================================================================================== 
2020-05-15 03:45:11	INFO	Summary::getResult 	 antenna ea01 flagged: 4.33268e+06 total: 2.5876e+07 (16.7%)
2020-05-15 03:45:11	INFO	Summary::getResult 	 antenna ea02 flagged: 4.91664e+06 total: 2.5876e+07 (19%)
2020-05-15 03:45:11	INFO	Summary::getResult 	 antenna ea03 flagged: 4.60482e+06 total: 2.47383e+07 (18.6%)
2020-05-15 03:45:11	INFO	Summary::getResult 	 antenna ea04 flagged: 4.87801e+06 total: 2.58196e+07 (18.9%)
2020-05-15 03:45:11	INFO	Summary::getResult 	 antenna ea05 flagged: 4.50966e+06 total: 2.49324e+07 (18.1%)
2020-05-15 03:45:11	INFO	Summary::getResult 	 antenna ea06 flagged: 4.46511e+06 total: 2.53629e+07 (17.6%)
2020-05-15 03:45:11	INFO	Summary::getResult 	 antenna ea07 flagged: 5.58443e+06 total: 2.55293e+07 (21.9%)
2020-05-15 03:45:11	INFO	Summary::getResult 	 antenna ea08 flagged: 4.19901e+06 total: 2.56302e+07 (16.4%)
2020-05-15 03:45:11	INFO	Summary::getResult 	 antenna ea09 flagged: 2.42602e+06 total: 1.18825e+07 (20.4%)
2020-05-15 03:45:11	INFO	Summary::getResult 	 antenna ea10 flagged: 5.05427e+06 total: 2.56189e+07 (19.7%)
2020-05-15 03:45:11	INFO	Summary::getResult 	 antenna ea11 flagged: 5.28507e+06 total: 2.58432e+07 (20.5%)
2020-05-15 03:45:11	INFO	Summary::getResult 	 antenna ea12 flagged: 4.78001e+06 total: 2.57413e+07 (18.6%)
2020-05-15 03:45:11	INFO	Summary::getResult 	 antenna ea13 flagged: 5.20255e+06 total: 2.57454e+07 (20.2%)
2020-05-15 03:45:11	INFO	Summary::getResult 	 antenna ea14 flagged: 5.39968e+06 total: 2.5623e+07 (21.1%)
2020-05-15 03:45:11	INFO	Summary::getResult 	 antenna ea15 flagged: 5.13017e+06 total: 2.56348e+07 (20%)
2020-05-15 03:45:11	INFO	Summary::getResult 	 antenna ea16 flagged: 4.78238e+06 total: 2.57413e+07 (18.6%)
2020-05-15 03:45:11	INFO	Summary::getResult 	 antenna ea17 flagged: 5.2949e+06 total: 2.56937e+07 (20.6%)
2020-05-15 03:45:11	INFO	Summary::getResult 	 antenna ea18 flagged: 4.36468e+06 total: 2.58171e+07 (16.9%)
2020-05-15 03:45:11	INFO	Summary::getResult 	 antenna ea19 flagged: 4.61634e+06 total: 2.27277e+07 (20.3%)
2020-05-15 03:45:11	INFO	Summary::getResult 	 antenna ea21 flagged: 4.77059e+06 total: 2.5876e+07 (18.4%)
2020-05-15 03:45:11	INFO	Summary::getResult 	 antenna ea22 flagged: 5.30803e+06 total: 2.57449e+07 (20.6%)
2020-05-15 03:45:11	INFO	Summary::getResult 	 antenna ea23 flagged: 4.55368e+06 total: 2.58473e+07 (17.6%)
2020-05-15 03:45:11	INFO	Summary::getResult 	 antenna ea24 flagged: 5.25216e+06 total: 2.58125e+07 (20.3%)
2020-05-15 03:45:11	INFO	Summary::getResult 	 antenna ea26 flagged: 5.0879e+06 total: 2.56527e+07 (19.8%)
2020-05-15 03:45:11	INFO	Summary::getResult 	 antenna ea27 flagged: 4.19045e+06 total: 2.57413e+07 (16.3%)
2020-05-15 03:45:11	INFO	Summary::getResult 	 antenna ea28 flagged: 5.53817e+06 total: 2.57725e+07 (21.5%)
2020-05-15 03:45:11	INFO	Summary::getResult 	 array 0 flagged: 6.22637e+07 total: 3.2514e+08 (19.1%)
2020-05-15 03:45:11	INFO	Summary::getResult 	 correlation LL flagged: 1.75582e+07 total: 8.12851e+07 (21.6%)
2020-05-15 03:45:11	INFO	Summary::getResult 	 correlation LR flagged: 1.1944e+07 total: 8.12851e+07 (14.7%)
2020-05-15 03:45:11	INFO	Summary::getResult 	 correlation RL flagged: 1.20231e+07 total: 8.12851e+07 (14.8%)
2020-05-15 03:45:11	INFO	Summary::getResult 	 correlation RR flagged: 2.07384e+07 total: 8.12851e+07 (25.5%)
2020-05-15 03:45:11	INFO	Summary::getResult 	 field 1331+305=3C286 flagged: 2.77574e+07 total: 1.5242e+08 (18.2%)
2020-05-15 03:45:11	INFO	Summary::getResult 	 field J1923-2104 flagged: 3.45063e+07 total: 1.72721e+08 (20%)
2020-05-15 03:45:11	INFO	Summary::getResult 	 observation 0 flagged: 6.22637e+07 total: 3.2514e+08 (19.1%)
2020-05-15 03:45:11	INFO	Summary::getResult 	 scan 13 flagged: 7.96127e+06 total: 3.87369e+07 (20.6%)
2020-05-15 03:45:11	INFO	Summary::getResult 	 scan 17 flagged: 7.30238e+06 total: 3.64954e+07 (20%)
2020-05-15 03:45:11	INFO	Summary::getResult 	 scan 2 flagged: 1.04529e+07 total: 5.95226e+07 (17.6%)
2020-05-15 03:45:11	INFO	Summary::getResult 	 scan 3 flagged: 1.73045e+07 total: 9.28973e+07 (18.6%)
2020-05-15 03:45:11	INFO	Summary::getResult 	 scan 4 flagged: 3.17012e+06 total: 1.61736e+07 (19.6%)
2020-05-15 03:45:11	INFO	Summary::getResult 	 scan 5 flagged: 8.19904e+06 total: 4.25779e+07 (19.3%)
2020-05-15 03:45:11	INFO	Summary::getResult 	 scan 9 flagged: 7.8735e+06 total: 3.87369e+07 (20.3%)
2020-05-15 03:45:11	INFO	Summary::getResult 	 spw 0 flagged: 1.3028e+07 total: 4.11141e+07 (31.7%)
2020-05-15 03:45:11	INFO	Summary::getResult 	 spw 1 flagged: 6.81126e+06 total: 4.11259e+07 (16.6%)
2020-05-15 03:45:11	INFO	Summary::getResult 	 spw 2 flagged: 7.438e+06 total: 4.11259e+07 (18.1%)
2020-05-15 03:45:11	INFO	Summary::getResult 	 spw 3 flagged: 4.13477e+06 total: 4.11704e+07 (10%)
2020-05-15 03:45:11	INFO	Summary::getResult 	 spw 4 flagged: 9.83406e+06 total: 3.71569e+07 (26.5%)
2020-05-15 03:45:11	INFO	Summary::getResult 	 spw 5 flagged: 5.75599e+06 total: 4.11699e+07 (14%)
2020-05-15 03:45:11	INFO	Summary::getResult 	 spw 6 flagged: 4.08072e+06 total: 4.11479e+07 (9.92%)
2020-05-15 03:45:11	INFO	Summary::getResult 	 spw 7 flagged: 1.11809e+07 total: 4.11295e+07 (27.2%)
2020-05-15 03:45:11	INFO	Summary::getResult 	 Total Flagged: 6.22637e+07 Total Counts: 3.2514e+08 (19.1%)
2020-05-15 03:45:11	INFO	flagdata::::	Flags are not written to the MS. (action='calculate')
2020-05-15 03:45:11	INFO	flagdata::::	##### End Task: flagdata             #####
2020-05-15 03:45:11	INFO	flagdata::::+	##########################################
2020-05-15 03:45:11	INFO	pipeline.hif.heuristics.findrefant::pipeline.hif.heuristics.findrefant::	Get good antennas {'ea23': 21293619.0, 'ea15': 20504650.0, 'ea14': 20223361.0, 'ea17': 20398799.0, 'ea16': 20958931.0, 'ea11': 20558128.0, 'ea10': 20564674.0, 'ea13': 20542861.0, 'ea12': 20961305.0, 'ea19': 18111340.0, 'ea18': 21452412.0, 'ea24': 20560315.0, 'ea27': 21550865.0, 'ea21': 21105381.0, 'ea08': 21431194.0, 'ea09': 9456481.0, 'ea28': 20234376.0, 'ea22': 20436865.0, 'ea02': 20959330.0, 'ea03': 20133489.0, 'ea26': 20564834.0, 'ea01': 21543288.0, 'ea06': 20897838.0, 'ea07': 19944910.0, 'ea04': 20941635.0, 'ea05': 20422689.0}
2020-05-15 03:45:11	INFO	pipeline.hif.heuristics.findrefant::pipeline.hif.heuristics.findrefant::	Get good antenna score {'ea15': 24.737795907496057, 'ea14': 24.398435329625979, 'ea17': 24.610092170314278, 'ea16': 25.285862354016881, 'ea11': 24.802314338658796, 'ea10': 24.810211747881116, 'ea13': 24.783895495610039, 'ea12': 25.288726461791672, 'ea19': 21.850391620011543, 'ea18': 25.881221565816499, 'ea05': 24.638914215276277, 'ea24': 24.804952840640038, 'ea27': 26.0, 'ea07': 24.062498651446241, 'ea08': 25.855623150161257, 'ea09': 11.408753476948604, 'ea28': 24.411724355379704, 'ea04': 25.264995627785709, 'ea02': 25.286343726806326, 'ea03': 24.290009426535779, 'ea26': 24.810404779576132, 'ea01': 25.990858742792923, 'ea06': 25.212156820619498, 'ea21': 25.462546677360745, 'ea22': 24.65601682345465, 'ea23': 25.689646053650282}
2020-05-15 03:45:11	INFO	pipeline.hif.heuristics.findrefant::pipeline.hif.heuristics.findrefant::	Antenna ea01 flagging score 25.9908587428 total score 35.2034304509
2020-05-15 03:45:11	INFO	pipeline.hif.heuristics.findrefant::pipeline.hif.heuristics.findrefant::	Antenna ea02 flagging score 25.2863437268 total score 47.5553249514
2020-05-15 03:45:11	INFO	pipeline.hif.heuristics.findrefant::pipeline.hif.heuristics.findrefant::	Antenna ea03 flagging score 24.2900094265 total score 40.9856976563
2020-05-15 03:45:11	INFO	pipeline.hif.heuristics.findrefant::pipeline.hif.heuristics.findrefant::	Antenna ea04 flagging score 25.2649956278 total score 47.5500975622
2020-05-15 03:45:11	INFO	pipeline.hif.heuristics.findrefant::pipeline.hif.heuristics.findrefant::	Antenna ea05 flagging score 24.6389142153 total score 45.2495742989
2020-05-15 03:45:11	INFO	pipeline.hif.heuristics.findrefant::pipeline.hif.heuristics.findrefant::	Antenna ea06 flagging score 25.2121568206 total score 38.3915825944
2020-05-15 03:45:11	INFO	pipeline.hif.heuristics.findrefant::pipeline.hif.heuristics.findrefant::	Antenna ea07 flagging score 24.0624986514 total score 49.2707529943
2020-05-15 03:45:11	INFO	pipeline.hif.heuristics.findrefant::pipeline.hif.heuristics.findrefant::	Antenna ea08 flagging score 25.8556231502 total score 30.6686611046
2020-05-15 03:45:11	INFO	pipeline.hif.heuristics.findrefant::pipeline.hif.heuristics.findrefant::	Antenna ea09 flagging score 11.4087534769 total score 37.7791780394
2020-05-15 03:45:11	INFO	pipeline.hif.heuristics.findrefant::pipeline.hif.heuristics.findrefant::	Antenna ea10 flagging score 24.8102117479 total score 49.2382291696
2020-05-15 03:45:11	INFO	pipeline.hif.heuristics.findrefant::pipeline.hif.heuristics.findrefant::	Antenna ea11 flagging score 24.8023143387 total score 48.2359825987
2020-05-15 03:45:11	INFO	pipeline.hif.heuristics.findrefant::pipeline.hif.heuristics.findrefant::	Antenna ea12 flagging score 25.2887264618 total score 44.7729607069
2020-05-15 03:45:11	INFO	pipeline.hif.heuristics.findrefant::pipeline.hif.heuristics.findrefant::	Antenna ea13 flagging score 24.7838954956 total score 51.4064734166
2020-05-15 03:45:11	INFO	pipeline.hif.heuristics.findrefant::pipeline.hif.heuristics.findrefant::	Antenna ea14 flagging score 24.3984353296 total score 50.6021127275
2020-05-15 03:45:11	INFO	pipeline.hif.heuristics.findrefant::pipeline.hif.heuristics.findrefant::	Antenna ea15 flagging score 24.7377959075 total score 50.4789683823
2020-05-15 03:45:11	INFO	pipeline.hif.heuristics.findrefant::pipeline.hif.heuristics.findrefant::	Antenna ea16 flagging score 25.285862354 total score 45.0234657887
2020-05-15 03:45:11	INFO	pipeline.hif.heuristics.findrefant::pipeline.hif.heuristics.findrefant::	Antenna ea17 flagging score 24.6100921703 total score 48.0569019509
2020-05-15 03:45:11	INFO	pipeline.hif.heuristics.findrefant::pipeline.hif.heuristics.findrefant::	Antenna ea18 flagging score 25.8812215658 total score 43.7456569981
2020-05-15 03:45:11	INFO	pipeline.hif.heuristics.findrefant::pipeline.hif.heuristics.findrefant::	Antenna ea19 flagging score 21.85039162 total score 43.9457801817
2020-05-15 03:45:11	INFO	pipeline.hif.heuristics.findrefant::pipeline.hif.heuristics.findrefant::	Antenna ea21 flagging score 25.4625466774 total score 46.4221244061
2020-05-15 03:45:11	INFO	pipeline.hif.heuristics.findrefant::pipeline.hif.heuristics.findrefant::	Antenna ea22 flagging score 24.6560168235 total score 50.0116508003
2020-05-15 03:45:11	INFO	pipeline.hif.heuristics.findrefant::pipeline.hif.heuristics.findrefant::	Antenna ea23 flagging score 25.6896460537 total score 44.6752528668
2020-05-15 03:45:11	INFO	pipeline.hif.heuristics.findrefant::pipeline.hif.heuristics.findrefant::	Antenna ea24 flagging score 24.8049528406 total score 50.4421717261
2020-05-15 03:45:11	INFO	pipeline.hif.heuristics.findrefant::pipeline.hif.heuristics.findrefant::	Antenna ea26 flagging score 24.8104047796 total score 51.2490816942
2020-05-15 03:45:11	INFO	pipeline.hif.heuristics.findrefant::pipeline.hif.heuristics.findrefant::	Antenna ea27 flagging score 26.0 total score 26.0
2020-05-15 03:45:11	INFO	pipeline.hif.heuristics.findrefant::pipeline.hif.heuristics.findrefant::	Antenna ea28 flagging score 24.4117243554 total score 48.6214376871
2020-05-15 03:45:11	INFO	pipeline.infrastructure.jobrequest::pipeline.infrastructure.jobrequest::	Executing gaincal(vis='calibrators.ms', caltable='13A-213_05_15_2013_continuum.ms.hifv_solint.s12_1.testgaincal.tbl', field='1', selectdata=True, scan='2,3,4,5,9,13,17', solint='int', combine='scan', preavg=-1.0, refant='ea13,ea26,ea14,ea15,ea24,ea22,ea07,ea10,ea28,ea11,ea17,ea02,ea04,ea21,ea05,ea16,ea12,ea23,ea19,ea18,ea03,ea06,ea09,ea01,ea08,ea27,ea25', minblperant=4, minsnr=5.0, solnorm=False, gaintype='G', smodel=[], calmode='ap', append=False, gaintable=[[]], gainfield=[''], interp=[''], spwmap=[], parang=True)
2020-05-15 03:45:11	INFO	gaincal::::	
2020-05-15 03:45:11	INFO	gaincal::::+	##########################################
2020-05-15 03:45:11	INFO	gaincal::::+	##### Begin Task: gaincal            #####
2020-05-15 03:45:11	INFO	gaincal::::	gaincal(vis="calibrators.ms",caltable="13A-213_05_15_2013_continuum.ms.hifv_solint.s12_1.testgaincal.tbl",field="1",spw="",intent="",
2020-05-15 03:45:11	INFO	gaincal::::+	        selectdata=True,timerange="",uvrange="",antenna="",scan="2,3,4,5,9,13,17",
2020-05-15 03:45:11	INFO	gaincal::::+	        observation="",msselect="",solint="int",combine="scan",preavg=-1.0,
2020-05-15 03:45:11	INFO	gaincal::::+	        refant="ea13,ea26,ea14,ea15,ea24,ea22,ea07,ea10,ea28,ea11,ea17,ea02,ea04,ea21,ea05,ea16,ea12,ea23,ea19,ea18,ea03,ea06,ea09,ea01,ea08,ea27,ea25",refantmode="flex",minblperant=4,minsnr=5.0,solnorm=False,
2020-05-15 03:45:11	INFO	gaincal::::+	        normtype="mean",gaintype="G",smodel=[],calmode="ap",solmode="",
2020-05-15 03:45:11	INFO	gaincal::::+	        rmsthresh=[],append=False,splinetime=3600.0,npointaver=3,phasewrap=180.0,
2020-05-15 03:45:11	INFO	gaincal::::+	        docallib=False,callib="",gaintable=[''],gainfield=[''],interp=[''],
2020-05-15 03:45:11	INFO	gaincal::::+	        spwmap=[],parang=True)
2020-05-15 03:45:11	INFO	gaincal::calibrater::open	****Using NEW VI2-driven calibrater tool****
2020-05-15 03:45:11	INFO	gaincal::calibrater::open	Opening MS: calibrators.ms for calibration.
2020-05-15 03:45:11	INFO	gaincal::Calibrater::	Initializing nominal selection to the whole MS.
2020-05-15 03:45:11	INFO	gaincal::::	NB: gaincal automatically excludes auto-correlations.
2020-05-15 03:45:11	INFO	calibrater::setdata	Beginning selectvis--(MSSelection version)-------
2020-05-15 03:45:11	INFO	calibrater::reset	Reseting solve/apply state
2020-05-15 03:45:11	INFO	Calibrater::selectvis	Performing selection on MeasurementSet
2020-05-15 03:45:11	INFO	Calibrater::selectvis+	 Selecting on scan: '2,3,4,5,9,13,17'
2020-05-15 03:45:11	INFO	Calibrater::selectvis+	 Selecting on field: '1'
2020-05-15 03:45:11	INFO	Calibrater::selectvis+	 Selecting with TaQL: 'ANTENNA1!=ANTENNA2'
2020-05-15 03:45:11	INFO	Calibrater::selectvis	By selection 635040 rows are reduced to 297695
2020-05-15 03:45:11	INFO	Calibrater::selectvis	Frequency selection: Selecting all channels in all spws.
2020-05-15 03:45:11	INFO	calibrater::setdata	chanmode=none nchan=1 start=0 step=1 mStart='0km/s' mStep='0km/s' msSelect='ANTENNA1!=ANTENNA2'
2020-05-15 03:45:11	INFO	calibrater::setapply	Beginning setapply--(MSSelection version)-------
2020-05-15 03:45:11	INFO	Calibrater::setapply(type, applypar)	Arranging to APPLY:
2020-05-15 03:45:11	INFO	Calibrater::setapply(type, applypar)	.   P Jones <pre-computed>
2020-05-15 03:45:11	INFO	calibrater::setsolve	Beginning setsolve--(MSSelection version)-------
2020-05-15 03:45:11	INFO	Calibrater::setsolve	Arranging to SOLVE:
2020-05-15 03:45:11	INFO	Calibrater::setsolve	.   G Jones: table=13A-213_05_15_2013_continuum.ms.hifv_solint.s12_1.testgaincal.tbl append=false solint=int refantmode='flex' refant='ea13,ea26,ea14,ea15,ea24,ea22,ea07,ea10,ea28,ea11,ea17,ea02,ea04,ea21,ea05,ea16,ea12,ea23,ea19,ea18,ea03,ea06,ea09,ea01,ea08,ea27,ea25' minsnr=5 apmode=AP solnorm=false
2020-05-15 03:45:11	INFO	calibrater::solve	Beginning solve-----------------------------
2020-05-15 03:45:11	INFO	Calibrater::solve	The following calibration terms are arranged for apply:
2020-05-15 03:45:11	INFO	Calibrater::solve	.   P Jones <pre-computed>
2020-05-15 03:45:11	INFO	Calibrater::solve	The following calibration term is arranged for solve:
2020-05-15 03:45:11	INFO	Calibrater::solve	.   G Jones: table=13A-213_05_15_2013_continuum.ms.hifv_solint.s12_1.testgaincal.tbl append=false solint=int refantmode='flex' refant='ea13,ea26,ea14,ea15,ea24,ea22,ea07,ea10,ea28,ea11,ea17,ea02,ea04,ea21,ea05,ea16,ea12,ea23,ea19,ea18,ea03,ea06,ea09,ea01,ea08,ea27,ea25' minsnr=5 apmode=AP solnorm=false
2020-05-15 03:45:11	INFO	ChannelAverageTVI::parseConfiguration	Channel bin is [-1, -1, -1, -1, -1, -1, -1, -1]
2020-05-15 03:45:11	INFO	Calibrater::solve	For solint = int, found 956 solution intervals.
2020-05-15 03:45:27	INFO	Calibrater::solve	  Found good G Jones solutions in 954 solution intervals.
2020-05-15 03:45:27	INFO		Applying refant: ea13 (ea26,ea14,ea15,ea24,ea22,ea07,ea10,ea28,ea11,ea17,ea02,ea04,ea21,ea05,ea16,ea12,ea23,ea19,ea18,ea03,ea06,ea09,ea01,ea08,ea27,ea25) refantmode = flex (hold alternate refants' phase constant) when refant flagged
2020-05-15 03:45:27	INFO		At 2013/05/15/09:13:17.5 (Spw=0, Fld=1), using refant ea11 (id=10) (alternate)
2020-05-15 03:45:28	INFO		At 2013/05/15/09:13:17.5 (Spw=1, Fld=1), using refant ea11 (id=10) (alternate)
2020-05-15 03:45:28	INFO		At 2013/05/15/09:13:17.5 (Spw=2, Fld=1), using refant ea11 (id=10) (alternate)
2020-05-15 03:45:28	INFO		At 2013/05/15/09:13:17.5 (Spw=3, Fld=1), using refant ea11 (id=10) (alternate)
2020-05-15 03:45:28	INFO		At 2013/05/15/09:13:22.5 (Spw=4, Fld=1), using refant ea24 (id=22) (alternate)
2020-05-15 03:45:28	INFO		At 2013/05/15/09:19:17.5 (Spw=4, Fld=1), using refant ea26 (id=24) (alternate)
2020-05-15 03:45:28	INFO		At 2013/05/15/09:19:32.5 (Spw=4, Fld=1), using refant ea26 (id=24) (alternate)
2020-05-15 03:45:28	INFO		At 2013/05/15/09:19:47.5 (Spw=4, Fld=1), refant (id=24) was flagged; flagging all antennas strictly.
2020-05-15 03:45:28	INFO		At 2013/05/15/09:20:07.5 (Spw=4, Fld=1), using refant ea10 (id=9) (alternate)
2020-05-15 03:45:28	INFO		At 2013/05/15/09:20:12.5 (Spw=4, Fld=1), refant (id=9) was flagged; flagging all antennas strictly.
2020-05-15 03:45:28	INFO		At 2013/05/15/09:20:52.5 (Spw=4, Fld=1), using refant ea26 (id=24) (alternate)
2020-05-15 03:45:28	INFO		At 2013/05/15/09:21:27.5 (Spw=4, Fld=1), using refant ea26 (id=24) (alternate)
2020-05-15 03:45:28	INFO		At 2013/05/15/09:23:02.5 (Spw=4, Fld=1), using refant ea26 (id=24) (alternate)
2020-05-15 03:45:28	INFO		At 2013/05/15/09:13:17.5 (Spw=5, Fld=1), using refant ea11 (id=10) (alternate)
2020-05-15 03:45:28	INFO		At 2013/05/15/09:13:17.5 (Spw=6, Fld=1), using refant ea11 (id=10) (alternate)
2020-05-15 03:45:28	INFO		At 2013/05/15/09:13:17.5 (Spw=7, Fld=1), using refant ea11 (id=10) (alternate)
2020-05-15 03:45:28	INFO		 NB: An alternate refant was used at least once to maintain
2020-05-15 03:45:28	INFO	+	  phase continuity where the user's preferred refant drops out.
2020-05-15 03:45:28	INFO	+	  Alternate refants are held constant in phase (_not_ zeroed)
2020-05-15 03:45:28	INFO	+	  during these periods, and the preferred refant may return at
2020-05-15 03:45:28	INFO	+	  a non-zero phase.  This is generally harmless.
2020-05-15 03:45:28	INFO		Writing solutions to table: 13A-213_05_15_2013_continuum.ms.hifv_solint.s12_1.testgaincal.tbl
2020-05-15 03:45:29	INFO	calibrater::solve	Finished solving.
2020-05-15 03:45:29	INFO	gaincal::::	Calibration solve statistics per spw:  (expected/attempted/succeeded):
2020-05-15 03:45:29	INFO	gaincal::::	  Spw 0: 120/120/120
2020-05-15 03:45:29	INFO	gaincal::::	  Spw 1: 120/120/120
2020-05-15 03:45:29	INFO	gaincal::::	  Spw 2: 120/120/120
2020-05-15 03:45:29	INFO	gaincal::::	  Spw 3: 120/120/120
2020-05-15 03:45:29	INFO	gaincal::::	  Spw 4: 116/116/114
2020-05-15 03:45:29	INFO	gaincal::::	  Spw 5: 120/120/120
2020-05-15 03:45:29	INFO	gaincal::::	  Spw 6: 120/120/120
2020-05-15 03:45:29	INFO	gaincal::::	  Spw 7: 120/120/120
2020-05-15 03:45:29	INFO	gaincal::::	##### End Task: gaincal              #####
2020-05-15 03:45:29	INFO	gaincal::::+	##########################################
2020-05-15 03:45:29	INFO	pipeline.infrastructure.jobrequest::pipeline.infrastructure.jobrequest::	Executing gaincal(vis='calibrators.ms', caltable='13A-213_05_15_2013_continuum.ms.hifv_solint.s12_1.testgaincal.tbl', field='2', selectdata=True, scan='2,3,4,5,9,13,17', solint='int', combine='scan', preavg=-1.0, refant='ea13,ea26,ea14,ea15,ea24,ea22,ea07,ea10,ea28,ea11,ea17,ea02,ea04,ea21,ea05,ea16,ea12,ea23,ea19,ea18,ea03,ea06,ea09,ea01,ea08,ea27,ea25', minblperant=4, minsnr=5.0, solnorm=False, gaintype='G', smodel=[], calmode='ap', append=True, gaintable=[[]], gainfield=[''], interp=[''], spwmap=[], parang=True)
2020-05-15 03:45:29	INFO	gaincal::::	
2020-05-15 03:45:29	INFO	gaincal::::+	##########################################
2020-05-15 03:45:29	INFO	gaincal::::+	##### Begin Task: gaincal            #####
2020-05-15 03:45:29	INFO	gaincal::::	gaincal(vis="calibrators.ms",caltable="13A-213_05_15_2013_continuum.ms.hifv_solint.s12_1.testgaincal.tbl",field="2",spw="",intent="",
2020-05-15 03:45:29	INFO	gaincal::::+	        selectdata=True,timerange="",uvrange="",antenna="",scan="2,3,4,5,9,13,17",
2020-05-15 03:45:29	INFO	gaincal::::+	        observation="",msselect="",solint="int",combine="scan",preavg=-1.0,
2020-05-15 03:45:29	INFO	gaincal::::+	        refant="ea13,ea26,ea14,ea15,ea24,ea22,ea07,ea10,ea28,ea11,ea17,ea02,ea04,ea21,ea05,ea16,ea12,ea23,ea19,ea18,ea03,ea06,ea09,ea01,ea08,ea27,ea25",refantmode="flex",minblperant=4,minsnr=5.0,solnorm=False,
2020-05-15 03:45:29	INFO	gaincal::::+	        normtype="mean",gaintype="G",smodel=[],calmode="ap",solmode="",
2020-05-15 03:45:29	INFO	gaincal::::+	        rmsthresh=[],append=True,splinetime=3600.0,npointaver=3,phasewrap=180.0,
2020-05-15 03:45:29	INFO	gaincal::::+	        docallib=False,callib="",gaintable=[''],gainfield=[''],interp=[''],
2020-05-15 03:45:29	INFO	gaincal::::+	        spwmap=[],parang=True)
2020-05-15 03:45:29	INFO	gaincal::calibrater::open	****Using NEW VI2-driven calibrater tool****
2020-05-15 03:45:29	INFO	gaincal::calibrater::open	Opening MS: calibrators.ms for calibration.
2020-05-15 03:45:29	INFO	gaincal::Calibrater::	Initializing nominal selection to the whole MS.
2020-05-15 03:45:29	INFO	gaincal::::	NB: gaincal automatically excludes auto-correlations.
2020-05-15 03:45:29	INFO	calibrater::setdata	Beginning selectvis--(MSSelection version)-------
2020-05-15 03:45:29	INFO	calibrater::reset	Reseting solve/apply state
2020-05-15 03:45:29	INFO	Calibrater::selectvis	Performing selection on MeasurementSet
2020-05-15 03:45:29	INFO	Calibrater::selectvis+	 Selecting on scan: '2,3,4,5,9,13,17'
2020-05-15 03:45:29	INFO	Calibrater::selectvis+	 Selecting on field: '2'
2020-05-15 03:45:29	INFO	Calibrater::selectvis+	 Selecting with TaQL: 'ANTENNA1!=ANTENNA2'
2020-05-15 03:45:29	INFO	Calibrater::selectvis	By selection 635040 rows are reduced to 337345
2020-05-15 03:45:29	INFO	Calibrater::selectvis	Frequency selection: Selecting all channels in all spws.
2020-05-15 03:45:29	INFO	calibrater::setdata	chanmode=none nchan=1 start=0 step=1 mStart='0km/s' mStep='0km/s' msSelect='ANTENNA1!=ANTENNA2'
2020-05-15 03:45:29	INFO	calibrater::setapply	Beginning setapply--(MSSelection version)-------
2020-05-15 03:45:29	INFO	Calibrater::setapply(type, applypar)	Arranging to APPLY:
2020-05-15 03:45:29	INFO	Calibrater::setapply(type, applypar)	.   P Jones <pre-computed>
2020-05-15 03:45:29	INFO	calibrater::setsolve	Beginning setsolve--(MSSelection version)-------
2020-05-15 03:45:29	INFO	Calibrater::setsolve	Arranging to SOLVE:
2020-05-15 03:45:29	INFO	Calibrater::setsolve	.   G Jones: table=13A-213_05_15_2013_continuum.ms.hifv_solint.s12_1.testgaincal.tbl append=true solint=int refantmode='flex' refant='ea13,ea26,ea14,ea15,ea24,ea22,ea07,ea10,ea28,ea11,ea17,ea02,ea04,ea21,ea05,ea16,ea12,ea23,ea19,ea18,ea03,ea06,ea09,ea01,ea08,ea27,ea25' minsnr=5 apmode=AP solnorm=false
2020-05-15 03:45:29	INFO	calibrater::solve	Beginning solve-----------------------------
2020-05-15 03:45:29	INFO	Calibrater::solve	The following calibration terms are arranged for apply:
2020-05-15 03:45:29	INFO	Calibrater::solve	.   P Jones <pre-computed>
2020-05-15 03:45:29	INFO	Calibrater::solve	The following calibration term is arranged for solve:
2020-05-15 03:45:29	INFO	Calibrater::solve	.   G Jones: table=13A-213_05_15_2013_continuum.ms.hifv_solint.s12_1.testgaincal.tbl append=true solint=int refantmode='flex' refant='ea13,ea26,ea14,ea15,ea24,ea22,ea07,ea10,ea28,ea11,ea17,ea02,ea04,ea21,ea05,ea16,ea12,ea23,ea19,ea18,ea03,ea06,ea09,ea01,ea08,ea27,ea25' minsnr=5 apmode=AP solnorm=false
2020-05-15 03:45:29	INFO	ChannelAverageTVI::parseConfiguration	Channel bin is [-1, -1, -1, -1, -1, -1, -1, -1]
2020-05-15 03:45:29	INFO	Calibrater::solve	For solint = int, found 1168 solution intervals.
2020-05-15 03:45:48	INFO	Calibrater::solve	  Found good G Jones solutions in 1160 solution intervals.
2020-05-15 03:45:48	INFO		Applying refant: ea13 (ea26,ea14,ea15,ea24,ea22,ea07,ea10,ea28,ea11,ea17,ea02,ea04,ea21,ea05,ea16,ea12,ea23,ea19,ea18,ea03,ea06,ea09,ea01,ea08,ea27,ea25) refantmode = flex (hold alternate refants' phase constant) when refant flagged
2020-05-15 03:45:48	INFO		At 2013/05/15/09:28:37.5 (Spw=0, Fld=2), using refant ea24 (id=22) (alternate)
2020-05-15 03:45:48	INFO		At 2013/05/15/09:28:37.5 (Spw=1, Fld=2), refant (id=12) was flagged; flagging all antennas strictly.
2020-05-15 03:45:48	INFO		At 2013/05/15/09:28:42.5 (Spw=1, Fld=2), refant (id=12) was flagged; flagging all antennas strictly.
2020-05-15 03:45:48	INFO		At 2013/05/15/09:28:47.5 (Spw=1, Fld=2), refant (id=12) was flagged; flagging all antennas strictly.
2020-05-15 03:45:48	INFO		At 2013/05/15/09:28:52.5 (Spw=1, Fld=2), refant (id=12) was flagged; flagging all antennas strictly.
2020-05-15 03:45:48	INFO		At 2013/05/15/09:28:57.5 (Spw=1, Fld=2), refant (id=12) was flagged; flagging all antennas strictly.
2020-05-15 03:45:48	INFO		At 2013/05/15/09:29:02.5 (Spw=1, Fld=2), using refant ea03 (id=2) (alternate)
2020-05-15 03:45:48	INFO		At 2013/05/15/09:29:07.5 (Spw=1, Fld=2), refant (id=2) was flagged; flagging all antennas strictly.
2020-05-15 03:45:48	INFO		At 2013/05/15/09:29:17.5 (Spw=1, Fld=2), using refant ea16 (id=15) (alternate)
2020-05-15 03:45:48	INFO		At 2013/05/15/09:29:22.5 (Spw=1, Fld=2), using refant ea06 (id=5) (alternate)
2020-05-15 03:45:48	INFO		At 2013/05/15/09:29:32.5 (Spw=1, Fld=2), using refant ea24 (id=22) (alternate)
2020-05-15 03:45:48	INFO		At 2013/05/15/09:29:47.5 (Spw=1, Fld=2), using refant ea18 (id=17) (alternate)
2020-05-15 03:45:48	INFO		At 2013/05/15/09:30:02.5 (Spw=1, Fld=2), using refant ea11 (id=10) (alternate)
2020-05-15 03:45:48	INFO		At 2013/05/15/09:30:12.5 (Spw=1, Fld=2), using refant ea15 (id=14) (alternate)
2020-05-15 03:45:48	INFO		At 2013/05/15/09:30:22.5 (Spw=1, Fld=2), using refant ea07 (id=6) (alternate)
2020-05-15 03:45:48	INFO		At 2013/05/15/09:30:27.5 (Spw=1, Fld=2), refant (id=6) was flagged; flagging all antennas strictly.
2020-05-15 03:45:48	INFO		At 2013/05/15/09:30:32.5 (Spw=1, Fld=2), using refant ea27 (id=25) (alternate)
2020-05-15 03:45:48	INFO		At 2013/05/15/09:30:37.5 (Spw=1, Fld=2), refant (id=25) was flagged; flagging all antennas strictly.
2020-05-15 03:45:48	INFO		At 2013/05/15/09:30:42.5 (Spw=1, Fld=2), refant (id=25) was flagged; flagging all antennas strictly.
2020-05-15 03:45:48	INFO		At 2013/05/15/09:30:47.5 (Spw=1, Fld=2), refant (id=25) was flagged; flagging all antennas strictly.
2020-05-15 03:45:48	INFO		At 2013/05/15/09:30:52.5 (Spw=1, Fld=2), refant (id=25) was flagged; flagging all antennas strictly.
2020-05-15 03:45:48	INFO		At 2013/05/15/09:30:57.5 (Spw=1, Fld=2), refant (id=25) was flagged; flagging all antennas strictly.
2020-05-15 03:45:48	INFO		At 2013/05/15/09:31:02.5 (Spw=1, Fld=2), refant (id=25) was flagged; flagging all antennas strictly.
2020-05-15 03:45:48	INFO		At 2013/05/15/09:31:07.5 (Spw=1, Fld=2), refant (id=25) was flagged; flagging all antennas strictly.
2020-05-15 03:45:48	INFO		At 2013/05/15/09:31:17.5 (Spw=1, Fld=2), refant (id=25) was flagged; flagging all antennas strictly.
2020-05-15 03:45:48	INFO		At 2013/05/15/09:31:22.5 (Spw=1, Fld=2), refant (id=25) was flagged; flagging all antennas strictly.
2020-05-15 03:45:48	INFO		At 2013/05/15/09:31:27.5 (Spw=1, Fld=2), refant (id=25) was flagged; flagging all antennas strictly.
2020-05-15 03:45:48	INFO		At 2013/05/15/09:31:37.5 (Spw=1, Fld=2), using refant ea11 (id=10) (alternate)
2020-05-15 03:45:48	INFO		At 2013/05/15/09:31:42.5 (Spw=1, Fld=2), using refant ea18 (id=17) (alternate)
2020-05-15 03:45:48	INFO		At 2013/05/15/09:31:57.5 (Spw=1, Fld=2), using refant ea21 (id=19) (alternate)
2020-05-15 03:45:48	INFO		At 2013/05/15/09:32:02.5 (Spw=1, Fld=2), using refant ea16 (id=15) (alternate)
2020-05-15 03:45:48	INFO		At 2013/05/15/09:32:07.5 (Spw=1, Fld=2), using refant ea12 (id=11) (alternate)
2020-05-15 03:45:48	INFO		At 2013/05/15/09:32:22.5 (Spw=1, Fld=2), using refant ea08 (id=7) (alternate)
2020-05-15 03:45:48	INFO		At 2013/05/15/09:32:32.5 (Spw=1, Fld=2), using refant ea06 (id=5) (alternate)
2020-05-15 03:45:48	INFO		At 2013/05/15/09:32:37.5 (Spw=1, Fld=2), refant (id=5) was flagged; flagging all antennas strictly.
2020-05-15 03:45:48	INFO		At 2013/05/15/09:32:42.5 (Spw=1, Fld=2), refant (id=5) was flagged; flagging all antennas strictly.
2020-05-15 03:45:48	INFO		At 2013/05/15/09:32:47.5 (Spw=1, Fld=2), refant (id=5) was flagged; flagging all antennas strictly.
2020-05-15 03:45:48	INFO		At 2013/05/15/09:32:52.5 (Spw=1, Fld=2), refant (id=5) was flagged; flagging all antennas strictly.
2020-05-15 03:45:48	INFO		At 2013/05/15/09:28:37.5 (Spw=2, Fld=2), using refant ea24 (id=22) (alternate)
2020-05-15 03:45:48	INFO		At 2013/05/15/09:28:37.5 (Spw=3, Fld=2), using refant ea24 (id=22) (alternate)
2020-05-15 03:45:48	INFO		At 2013/05/15/09:28:37.5 (Spw=4, Fld=2), refant (id=12) was flagged; flagging all antennas strictly.
2020-05-15 03:45:48	INFO		At 2013/05/15/09:28:42.5 (Spw=4, Fld=2), refant (id=12) was flagged; flagging all antennas strictly.
2020-05-15 03:45:48	INFO		At 2013/05/15/09:28:47.5 (Spw=4, Fld=2), refant (id=12) was flagged; flagging all antennas strictly.
2020-05-15 03:45:48	INFO		At 2013/05/15/09:28:52.5 (Spw=4, Fld=2), refant (id=12) was flagged; flagging all antennas strictly.
2020-05-15 03:45:48	INFO		At 2013/05/15/09:28:57.5 (Spw=4, Fld=2), refant (id=12) was flagged; flagging all antennas strictly.
2020-05-15 03:45:48	INFO		At 2013/05/15/09:29:02.5 (Spw=4, Fld=2), refant (id=12) was flagged; flagging all antennas strictly.
2020-05-15 03:45:48	INFO		At 2013/05/15/09:29:07.5 (Spw=4, Fld=2), refant (id=12) was flagged; flagging all antennas strictly.
2020-05-15 03:45:48	INFO		At 2013/05/15/09:29:12.5 (Spw=4, Fld=2), refant (id=12) was flagged; flagging all antennas strictly.
2020-05-15 03:45:48	INFO		At 2013/05/15/09:29:17.5 (Spw=4, Fld=2), refant (id=12) was flagged; flagging all antennas strictly.
2020-05-15 03:45:48	INFO		At 2013/05/15/09:29:22.5 (Spw=4, Fld=2), refant (id=12) was flagged; flagging all antennas strictly.
2020-05-15 03:45:48	INFO		At 2013/05/15/09:29:27.5 (Spw=4, Fld=2), refant (id=12) was flagged; flagging all antennas strictly.
2020-05-15 03:45:48	INFO		At 2013/05/15/09:29:32.5 (Spw=4, Fld=2), refant (id=12) was flagged; flagging all antennas strictly.
2020-05-15 03:45:48	INFO		At 2013/05/15/09:29:37.5 (Spw=4, Fld=2), refant (id=12) was flagged; flagging all antennas strictly.
2020-05-15 03:45:48	INFO		At 2013/05/15/09:29:42.5 (Spw=4, Fld=2), refant (id=12) was flagged; flagging all antennas strictly.
2020-05-15 03:45:48	INFO		At 2013/05/15/09:29:47.5 (Spw=4, Fld=2), refant (id=12) was flagged; flagging all antennas strictly.
2020-05-15 03:45:48	INFO		At 2013/05/15/09:29:52.5 (Spw=4, Fld=2), refant (id=12) was flagged; flagging all antennas strictly.
2020-05-15 03:45:48	INFO		At 2013/05/15/09:30:02.5 (Spw=4, Fld=2), refant (id=12) was flagged; flagging all antennas strictly.
2020-05-15 03:45:48	INFO		At 2013/05/15/09:30:07.5 (Spw=4, Fld=2), refant (id=12) was flagged; flagging all antennas strictly.
2020-05-15 03:45:48	INFO		At 2013/05/15/09:30:12.5 (Spw=4, Fld=2), refant (id=12) was flagged; flagging all antennas strictly.
2020-05-15 03:45:48	INFO		At 2013/05/15/09:30:17.5 (Spw=4, Fld=2), refant (id=12) was flagged; flagging all antennas strictly.
2020-05-15 03:45:48	INFO		At 2013/05/15/09:30:22.5 (Spw=4, Fld=2), refant (id=12) was flagged; flagging all antennas strictly.
2020-05-15 03:45:48	INFO		At 2013/05/15/09:30:27.5 (Spw=4, Fld=2), refant (id=12) was flagged; flagging all antennas strictly.
2020-05-15 03:45:48	INFO		At 2013/05/15/09:30:32.5 (Spw=4, Fld=2), refant (id=12) was flagged; flagging all antennas strictly.
2020-05-15 03:45:48	INFO		At 2013/05/15/09:30:37.5 (Spw=4, Fld=2), refant (id=12) was flagged; flagging all antennas strictly.
2020-05-15 03:45:48	INFO		At 2013/05/15/09:30:42.5 (Spw=4, Fld=2), refant (id=12) was flagged; flagging all antennas strictly.
2020-05-15 03:45:48	INFO		At 2013/05/15/09:30:47.5 (Spw=4, Fld=2), refant (id=12) was flagged; flagging all antennas strictly.
2020-05-15 03:45:48	INFO		At 2013/05/15/09:30:52.5 (Spw=4, Fld=2), refant (id=12) was flagged; flagging all antennas strictly.
2020-05-15 03:45:48	INFO		At 2013/05/15/09:30:57.5 (Spw=4, Fld=2), refant (id=12) was flagged; flagging all antennas strictly.
2020-05-15 03:45:48	INFO		At 2013/05/15/09:31:02.5 (Spw=4, Fld=2), refant (id=12) was flagged; flagging all antennas strictly.
2020-05-15 03:45:48	INFO		At 2013/05/15/09:31:07.5 (Spw=4, Fld=2), refant (id=12) was flagged; flagging all antennas strictly.
2020-05-15 03:45:48	INFO		At 2013/05/15/09:31:12.5 (Spw=4, Fld=2), refant (id=12) was flagged; flagging all antennas strictly.
2020-05-15 03:45:48	INFO		At 2013/05/15/09:31:17.5 (Spw=4, Fld=2), refant (id=12) was flagged; flagging all antennas strictly.
2020-05-15 03:45:48	INFO		At 2013/05/15/09:31:22.5 (Spw=4, Fld=2), refant (id=12) was flagged; flagging all antennas strictly.
2020-05-15 03:45:48	INFO		At 2013/05/15/09:31:27.5 (Spw=4, Fld=2), refant (id=12) was flagged; flagging all antennas strictly.
2020-05-15 03:45:48	INFO		At 2013/05/15/09:31:32.5 (Spw=4, Fld=2), refant (id=12) was flagged; flagging all antennas strictly.
2020-05-15 03:45:48	INFO		At 2013/05/15/09:31:37.5 (Spw=4, Fld=2), refant (id=12) was flagged; flagging all antennas strictly.
2020-05-15 03:45:48	INFO		At 2013/05/15/09:31:42.5 (Spw=4, Fld=2), refant (id=12) was flagged; flagging all antennas strictly.
2020-05-15 03:45:48	INFO		At 2013/05/15/09:31:47.5 (Spw=4, Fld=2), refant (id=12) was flagged; flagging all antennas strictly.
2020-05-15 03:45:48	INFO		At 2013/05/15/09:31:52.5 (Spw=4, Fld=2), refant (id=12) was flagged; flagging all antennas strictly.
2020-05-15 03:45:48	INFO		At 2013/05/15/09:31:57.5 (Spw=4, Fld=2), refant (id=12) was flagged; flagging all antennas strictly.
2020-05-15 03:45:48	INFO		At 2013/05/15/09:32:02.5 (Spw=4, Fld=2), refant (id=12) was flagged; flagging all antennas strictly.
2020-05-15 03:45:48	INFO		At 2013/05/15/09:32:07.5 (Spw=4, Fld=2), refant (id=12) was flagged; flagging all antennas strictly.
2020-05-15 03:45:48	INFO		At 2013/05/15/09:32:12.5 (Spw=4, Fld=2), refant (id=12) was flagged; flagging all antennas strictly.
2020-05-15 03:45:48	INFO		At 2013/05/15/09:32:17.5 (Spw=4, Fld=2), refant (id=12) was flagged; flagging all antennas strictly.
2020-05-15 03:45:48	INFO		At 2013/05/15/09:32:22.5 (Spw=4, Fld=2), refant (id=12) was flagged; flagging all antennas strictly.
2020-05-15 03:45:48	INFO		At 2013/05/15/09:32:27.5 (Spw=4, Fld=2), refant (id=12) was flagged; flagging all antennas strictly.
2020-05-15 03:45:48	INFO		At 2013/05/15/09:32:32.5 (Spw=4, Fld=2), refant (id=12) was flagged; flagging all antennas strictly.
2020-05-15 03:45:48	INFO		At 2013/05/15/09:32:37.5 (Spw=4, Fld=2), refant (id=12) was flagged; flagging all antennas strictly.
2020-05-15 03:45:48	INFO		At 2013/05/15/09:32:42.5 (Spw=4, Fld=2), refant (id=12) was flagged; flagging all antennas strictly.
2020-05-15 03:45:48	INFO		At 2013/05/15/09:32:47.5 (Spw=4, Fld=2), refant (id=12) was flagged; flagging all antennas strictly.
2020-05-15 03:45:48	INFO		At 2013/05/15/09:32:52.5 (Spw=4, Fld=2), refant (id=12) was flagged; flagging all antennas strictly.
2020-05-15 03:45:48	INFO		At 2013/05/15/10:01:37.5 (Spw=4, Fld=2), refant (id=12) was flagged; flagging all antennas strictly.
2020-05-15 03:45:48	INFO		At 2013/05/15/10:01:42.5 (Spw=4, Fld=2), refant (id=12) was flagged; flagging all antennas strictly.
2020-05-15 03:45:48	INFO		At 2013/05/15/10:01:47.5 (Spw=4, Fld=2), refant (id=12) was flagged; flagging all antennas strictly.
2020-05-15 03:45:48	INFO		At 2013/05/15/10:01:52.5 (Spw=4, Fld=2), refant (id=12) was flagged; flagging all antennas strictly.
2020-05-15 03:45:48	INFO		At 2013/05/15/10:01:57.5 (Spw=4, Fld=2), refant (id=12) was flagged; flagging all antennas strictly.
2020-05-15 03:45:48	INFO		At 2013/05/15/10:02:02.5 (Spw=4, Fld=2), refant (id=12) was flagged; flagging all antennas strictly.
2020-05-15 03:45:48	INFO		At 2013/05/15/10:02:07.5 (Spw=4, Fld=2), refant (id=12) was flagged; flagging all antennas strictly.
2020-05-15 03:45:48	INFO		At 2013/05/15/10:02:12.5 (Spw=4, Fld=2), refant (id=12) was flagged; flagging all antennas strictly.
2020-05-15 03:45:48	INFO		At 2013/05/15/10:02:17.5 (Spw=4, Fld=2), refant (id=12) was flagged; flagging all antennas strictly.
2020-05-15 03:45:48	INFO		At 2013/05/15/10:02:22.5 (Spw=4, Fld=2), refant (id=12) was flagged; flagging all antennas strictly.
2020-05-15 03:45:48	INFO		At 2013/05/15/10:02:27.5 (Spw=4, Fld=2), refant (id=12) was flagged; flagging all antennas strictly.
2020-05-15 03:45:48	INFO		At 2013/05/15/10:02:32.5 (Spw=4, Fld=2), refant (id=12) was flagged; flagging all antennas strictly.
2020-05-15 03:45:48	INFO		At 2013/05/15/10:02:37.5 (Spw=4, Fld=2), refant (id=12) was flagged; flagging all antennas strictly.
2020-05-15 03:45:48	INFO		At 2013/05/15/10:02:42.5 (Spw=4, Fld=2), refant (id=12) was flagged; flagging all antennas strictly.
2020-05-15 03:45:48	INFO		At 2013/05/15/10:02:47.5 (Spw=4, Fld=2), refant (id=12) was flagged; flagging all antennas strictly.
2020-05-15 03:45:48	INFO		At 2013/05/15/10:02:52.5 (Spw=4, Fld=2), refant (id=12) was flagged; flagging all antennas strictly.
2020-05-15 03:45:48	INFO		At 2013/05/15/10:02:57.5 (Spw=4, Fld=2), using refant ea26 (id=24) (alternate)
2020-05-15 03:45:48	INFO		At 2013/05/15/10:33:02.5 (Spw=4, Fld=2), refant (id=12) was flagged; flagging all antennas strictly.
2020-05-15 03:45:48	INFO		At 2013/05/15/10:33:07.5 (Spw=4, Fld=2), refant (id=12) was flagged; flagging all antennas strictly.
2020-05-15 03:45:48	INFO		At 2013/05/15/10:33:12.5 (Spw=4, Fld=2), refant (id=12) was flagged; flagging all antennas strictly.
2020-05-15 03:45:48	INFO		At 2013/05/15/10:33:17.5 (Spw=4, Fld=2), using refant ea26 (id=24) (alternate)
2020-05-15 03:45:48	INFO		At 2013/05/15/10:33:37.5 (Spw=4, Fld=2), refant (id=24) was flagged; flagging all antennas strictly.
2020-05-15 03:45:48	INFO		At 2013/05/15/10:33:42.5 (Spw=4, Fld=2), refant (id=24) was flagged; flagging all antennas strictly.
2020-05-15 03:45:48	INFO		At 2013/05/15/10:33:47.5 (Spw=4, Fld=2), refant (id=24) was flagged; flagging all antennas strictly.
2020-05-15 03:45:48	INFO		At 2013/05/15/10:33:52.5 (Spw=4, Fld=2), refant (id=24) was flagged; flagging all antennas strictly.
2020-05-15 03:45:48	INFO		At 2013/05/15/10:33:57.5 (Spw=4, Fld=2), refant (id=24) was flagged; flagging all antennas strictly.
2020-05-15 03:45:48	INFO		At 2013/05/15/10:34:02.5 (Spw=4, Fld=2), refant (id=24) was flagged; flagging all antennas strictly.
2020-05-15 03:45:48	INFO		At 2013/05/15/10:34:07.5 (Spw=4, Fld=2), refant (id=24) was flagged; flagging all antennas strictly.
2020-05-15 03:45:48	INFO		At 2013/05/15/10:34:12.5 (Spw=4, Fld=2), refant (id=24) was flagged; flagging all antennas strictly.
2020-05-15 03:45:48	INFO		At 2013/05/15/10:34:17.5 (Spw=4, Fld=2), refant (id=24) was flagged; flagging all antennas strictly.
2020-05-15 03:45:48	INFO		At 2013/05/15/10:34:27.5 (Spw=4, Fld=2), refant (id=24) was flagged; flagging all antennas strictly.
2020-05-15 03:45:48	INFO		At 2013/05/15/10:34:32.5 (Spw=4, Fld=2), refant (id=24) was flagged; flagging all antennas strictly.
2020-05-15 03:45:48	INFO		At 2013/05/15/10:34:37.5 (Spw=4, Fld=2), refant (id=24) was flagged; flagging all antennas strictly.
2020-05-15 03:45:48	INFO		At 2013/05/15/10:34:42.5 (Spw=4, Fld=2), refant (id=24) was flagged; flagging all antennas strictly.
2020-05-15 03:45:48	INFO		At 2013/05/15/10:34:47.5 (Spw=4, Fld=2), refant (id=24) was flagged; flagging all antennas strictly.
2020-05-15 03:45:48	INFO		At 2013/05/15/10:34:52.5 (Spw=4, Fld=2), refant (id=24) was flagged; flagging all antennas strictly.
2020-05-15 03:45:48	INFO		At 2013/05/15/10:34:57.5 (Spw=4, Fld=2), refant (id=24) was flagged; flagging all antennas strictly.
2020-05-15 03:45:48	INFO		At 2013/05/15/10:35:02.5 (Spw=4, Fld=2), refant (id=24) was flagged; flagging all antennas strictly.
2020-05-15 03:45:48	INFO		At 2013/05/15/10:35:07.5 (Spw=4, Fld=2), refant (id=24) was flagged; flagging all antennas strictly.
2020-05-15 03:45:48	INFO		At 2013/05/15/10:35:12.5 (Spw=4, Fld=2), refant (id=24) was flagged; flagging all antennas strictly.
2020-05-15 03:45:48	INFO		At 2013/05/15/10:35:17.5 (Spw=4, Fld=2), refant (id=24) was flagged; flagging all antennas strictly.
2020-05-15 03:45:48	INFO		At 2013/05/15/10:35:22.5 (Spw=4, Fld=2), refant (id=24) was flagged; flagging all antennas strictly.
2020-05-15 03:45:48	INFO		At 2013/05/15/10:35:37.5 (Spw=4, Fld=2), using refant ea24 (id=22) (alternate)
2020-05-15 03:45:48	INFO		At 2013/05/15/11:04:32.5 (Spw=4, Fld=2), refant (id=22) was flagged; flagging all antennas strictly.
2020-05-15 03:45:48	INFO		At 2013/05/15/11:04:37.5 (Spw=4, Fld=2), refant (id=22) was flagged; flagging all antennas strictly.
2020-05-15 03:45:48	INFO		At 2013/05/15/11:04:42.5 (Spw=4, Fld=2), refant (id=22) was flagged; flagging all antennas strictly.
2020-05-15 03:45:48	INFO		At 2013/05/15/11:04:47.5 (Spw=4, Fld=2), refant (id=22) was flagged; flagging all antennas strictly.
2020-05-15 03:45:48	INFO		At 2013/05/15/11:04:52.5 (Spw=4, Fld=2), refant (id=22) was flagged; flagging all antennas strictly.
2020-05-15 03:45:48	INFO		At 2013/05/15/11:04:57.5 (Spw=4, Fld=2), refant (id=22) was flagged; flagging all antennas strictly.
2020-05-15 03:45:48	INFO		At 2013/05/15/11:05:02.5 (Spw=4, Fld=2), refant (id=22) was flagged; flagging all antennas strictly.
2020-05-15 03:45:48	INFO		At 2013/05/15/11:05:07.5 (Spw=4, Fld=2), refant (id=22) was flagged; flagging all antennas strictly.
2020-05-15 03:45:48	INFO		At 2013/05/15/11:05:12.5 (Spw=4, Fld=2), refant (id=22) was flagged; flagging all antennas strictly.
2020-05-15 03:45:48	INFO		At 2013/05/15/11:05:17.5 (Spw=4, Fld=2), refant (id=22) was flagged; flagging all antennas strictly.
2020-05-15 03:45:48	INFO		At 2013/05/15/11:05:22.5 (Spw=4, Fld=2), refant (id=22) was flagged; flagging all antennas strictly.
2020-05-15 03:45:48	INFO		At 2013/05/15/11:05:27.5 (Spw=4, Fld=2), refant (id=22) was flagged; flagging all antennas strictly.
2020-05-15 03:45:48	INFO		At 2013/05/15/11:05:32.5 (Spw=4, Fld=2), refant (id=22) was flagged; flagging all antennas strictly.
2020-05-15 03:45:48	INFO		At 2013/05/15/11:05:37.5 (Spw=4, Fld=2), refant (id=22) was flagged; flagging all antennas strictly.
2020-05-15 03:45:48	INFO		At 2013/05/15/11:05:42.5 (Spw=4, Fld=2), refant (id=22) was flagged; flagging all antennas strictly.
2020-05-15 03:45:48	INFO		At 2013/05/15/11:05:47.5 (Spw=4, Fld=2), refant (id=22) was flagged; flagging all antennas strictly.
2020-05-15 03:45:48	INFO		At 2013/05/15/11:05:52.5 (Spw=4, Fld=2), refant (id=22) was flagged; flagging all antennas strictly.
2020-05-15 03:45:48	INFO		At 2013/05/15/11:05:57.5 (Spw=4, Fld=2), refant (id=22) was flagged; flagging all antennas strictly.
2020-05-15 03:45:48	INFO		At 2013/05/15/11:06:02.5 (Spw=4, Fld=2), refant (id=22) was flagged; flagging all antennas strictly.
2020-05-15 03:45:48	INFO		At 2013/05/15/11:06:07.5 (Spw=4, Fld=2), refant (id=22) was flagged; flagging all antennas strictly.
2020-05-15 03:45:48	INFO		At 2013/05/15/11:06:12.5 (Spw=4, Fld=2), refant (id=22) was flagged; flagging all antennas strictly.
2020-05-15 03:45:48	INFO		At 2013/05/15/11:06:17.5 (Spw=4, Fld=2), refant (id=22) was flagged; flagging all antennas strictly.
2020-05-15 03:45:48	INFO		At 2013/05/15/11:06:22.5 (Spw=4, Fld=2), refant (id=22) was flagged; flagging all antennas strictly.
2020-05-15 03:45:48	INFO		At 2013/05/15/11:06:27.5 (Spw=4, Fld=2), refant (id=22) was flagged; flagging all antennas strictly.
2020-05-15 03:45:48	INFO		At 2013/05/15/11:06:32.5 (Spw=4, Fld=2), refant (id=22) was flagged; flagging all antennas strictly.
2020-05-15 03:45:48	INFO		At 2013/05/15/11:06:37.5 (Spw=4, Fld=2), refant (id=22) was flagged; flagging all antennas strictly.
2020-05-15 03:45:48	INFO		At 2013/05/15/11:06:42.5 (Spw=4, Fld=2), refant (id=22) was flagged; flagging all antennas strictly.
2020-05-15 03:45:48	INFO		At 2013/05/15/11:06:47.5 (Spw=4, Fld=2), refant (id=22) was flagged; flagging all antennas strictly.
2020-05-15 03:45:48	INFO		At 2013/05/15/11:06:52.5 (Spw=4, Fld=2), refant (id=22) was flagged; flagging all antennas strictly.
2020-05-15 03:45:48	INFO		At 2013/05/15/11:06:57.5 (Spw=4, Fld=2), refant (id=22) was flagged; flagging all antennas strictly.
2020-05-15 03:45:48	INFO		At 2013/05/15/09:28:37.5 (Spw=6, Fld=2), using refant ea24 (id=22) (alternate)
2020-05-15 03:45:48	INFO		At 2013/05/15/09:28:37.5 (Spw=7, Fld=2), using refant ea24 (id=22) (alternate)
2020-05-15 03:45:48	INFO		 NB: An alternate refant was used at least once to maintain
2020-05-15 03:45:48	INFO	+	  phase continuity where the user's preferred refant drops out.
2020-05-15 03:45:48	INFO	+	  Alternate refants are held constant in phase (_not_ zeroed)
2020-05-15 03:45:48	INFO	+	  during these periods, and the preferred refant may return at
2020-05-15 03:45:48	INFO	+	  a non-zero phase.  This is generally harmless.
2020-05-15 03:45:48	INFO		Appending solutions to table: 13A-213_05_15_2013_continuum.ms.hifv_solint.s12_1.testgaincal.tbl
2020-05-15 03:45:50	INFO	calibrater::solve	Finished solving.
2020-05-15 03:45:50	INFO	gaincal::::	Calibration solve statistics per spw:  (expected/attempted/succeeded):
2020-05-15 03:45:50	INFO	gaincal::::	  Spw 0: 146/146/145
2020-05-15 03:45:50	INFO	gaincal::::	  Spw 1: 146/146/145
2020-05-15 03:45:50	INFO	gaincal::::	  Spw 2: 146/146/145
2020-05-15 03:45:50	INFO	gaincal::::	  Spw 3: 146/146/145
2020-05-15 03:45:50	INFO	gaincal::::	  Spw 4: 146/146/145
2020-05-15 03:45:50	INFO	gaincal::::	  Spw 5: 146/146/145
2020-05-15 03:45:50	INFO	gaincal::::	  Spw 6: 146/146/145
2020-05-15 03:45:50	INFO	gaincal::::	  Spw 7: 146/146/145
2020-05-15 03:45:50	INFO	gaincal::::	##### End Task: gaincal              #####
2020-05-15 03:45:50	INFO	gaincal::::+	##########################################
2020-05-15 03:45:51	INFO	pipeline.hifv.tasks.fluxscale.solint::pipeline.hifv.tasks.fluxscale.solint::	For solint = int fraction of flagged solutions = 0.155760538211
2020-05-15 03:45:51	INFO	pipeline.hifv.tasks.fluxscale.solint::pipeline.hifv.tasks.fluxscale.solint::	Median fraction of flagged solutions per antenna = 0.104777672658
2020-05-15 03:45:51	INFO	pipeline.infrastructure.jobrequest::pipeline.infrastructure.jobrequest::	Executing gaincal(vis='calibrators.ms', caltable='13A-213_05_15_2013_continuum.ms.hifv_solint.s12_1.testgaincal3.tbl', field='1', selectdata=True, scan='2,3,4,5,9,13,17', solint='15.0s', combine='scan', preavg=-1.0, refant='ea13,ea26,ea14,ea15,ea24,ea22,ea07,ea10,ea28,ea11,ea17,ea02,ea04,ea21,ea05,ea16,ea12,ea23,ea19,ea18,ea03,ea06,ea09,ea01,ea08,ea27,ea25', minblperant=4, minsnr=5.0, solnorm=False, gaintype='G', smodel=[], calmode='ap', append=False, gaintable=[[]], gainfield=[''], interp=[''], spwmap=[], parang=True)
2020-05-15 03:45:51	INFO	gaincal::::	
2020-05-15 03:45:51	INFO	gaincal::::+	##########################################
2020-05-15 03:45:51	INFO	gaincal::::+	##### Begin Task: gaincal            #####
2020-05-15 03:45:51	INFO	gaincal::::	gaincal(vis="calibrators.ms",caltable="13A-213_05_15_2013_continuum.ms.hifv_solint.s12_1.testgaincal3.tbl",field="1",spw="",intent="",
2020-05-15 03:45:51	INFO	gaincal::::+	        selectdata=True,timerange="",uvrange="",antenna="",scan="2,3,4,5,9,13,17",
2020-05-15 03:45:51	INFO	gaincal::::+	        observation="",msselect="",solint="15.0s",combine="scan",preavg=-1.0,
2020-05-15 03:45:51	INFO	gaincal::::+	        refant="ea13,ea26,ea14,ea15,ea24,ea22,ea07,ea10,ea28,ea11,ea17,ea02,ea04,ea21,ea05,ea16,ea12,ea23,ea19,ea18,ea03,ea06,ea09,ea01,ea08,ea27,ea25",refantmode="flex",minblperant=4,minsnr=5.0,solnorm=False,
2020-05-15 03:45:51	INFO	gaincal::::+	        normtype="mean",gaintype="G",smodel=[],calmode="ap",solmode="",
2020-05-15 03:45:51	INFO	gaincal::::+	        rmsthresh=[],append=False,splinetime=3600.0,npointaver=3,phasewrap=180.0,
2020-05-15 03:45:51	INFO	gaincal::::+	        docallib=False,callib="",gaintable=[''],gainfield=[''],interp=[''],
2020-05-15 03:45:51	INFO	gaincal::::+	        spwmap=[],parang=True)
2020-05-15 03:45:51	INFO	gaincal::calibrater::open	****Using NEW VI2-driven calibrater tool****
2020-05-15 03:45:51	INFO	gaincal::calibrater::open	Opening MS: calibrators.ms for calibration.
2020-05-15 03:45:51	INFO	gaincal::Calibrater::	Initializing nominal selection to the whole MS.
2020-05-15 03:45:51	INFO	gaincal::::	NB: gaincal automatically excludes auto-correlations.
2020-05-15 03:45:51	INFO	calibrater::setdata	Beginning selectvis--(MSSelection version)-------
2020-05-15 03:45:51	INFO	calibrater::reset	Reseting solve/apply state
2020-05-15 03:45:51	INFO	Calibrater::selectvis	Performing selection on MeasurementSet
2020-05-15 03:45:51	INFO	Calibrater::selectvis+	 Selecting on scan: '2,3,4,5,9,13,17'
2020-05-15 03:45:51	INFO	Calibrater::selectvis+	 Selecting on field: '1'
2020-05-15 03:45:51	INFO	Calibrater::selectvis+	 Selecting with TaQL: 'ANTENNA1!=ANTENNA2'
2020-05-15 03:45:51	INFO	Calibrater::selectvis	By selection 635040 rows are reduced to 297695
2020-05-15 03:45:51	INFO	Calibrater::selectvis	Frequency selection: Selecting all channels in all spws.
2020-05-15 03:45:51	INFO	calibrater::setdata	chanmode=none nchan=1 start=0 step=1 mStart='0km/s' mStep='0km/s' msSelect='ANTENNA1!=ANTENNA2'
2020-05-15 03:45:51	INFO	calibrater::setapply	Beginning setapply--(MSSelection version)-------
2020-05-15 03:45:51	INFO	Calibrater::setapply(type, applypar)	Arranging to APPLY:
2020-05-15 03:45:51	INFO	Calibrater::setapply(type, applypar)	.   P Jones <pre-computed>
2020-05-15 03:45:51	INFO	calibrater::setsolve	Beginning setsolve--(MSSelection version)-------
2020-05-15 03:45:51	INFO	Calibrater::setsolve	Arranging to SOLVE:
2020-05-15 03:45:51	INFO	Calibrater::setsolve	.   G Jones: table=13A-213_05_15_2013_continuum.ms.hifv_solint.s12_1.testgaincal3.tbl append=false solint=15.0s refantmode='flex' refant='ea13,ea26,ea14,ea15,ea24,ea22,ea07,ea10,ea28,ea11,ea17,ea02,ea04,ea21,ea05,ea16,ea12,ea23,ea19,ea18,ea03,ea06,ea09,ea01,ea08,ea27,ea25' minsnr=5 apmode=AP solnorm=false
2020-05-15 03:45:51	INFO	calibrater::solve	Beginning solve-----------------------------
2020-05-15 03:45:51	INFO	Calibrater::solve	The following calibration terms are arranged for apply:
2020-05-15 03:45:51	INFO	Calibrater::solve	.   P Jones <pre-computed>
2020-05-15 03:45:51	INFO	Calibrater::solve	The following calibration term is arranged for solve:
2020-05-15 03:45:51	INFO	Calibrater::solve	.   G Jones: table=13A-213_05_15_2013_continuum.ms.hifv_solint.s12_1.testgaincal3.tbl append=false solint=15.0s refantmode='flex' refant='ea13,ea26,ea14,ea15,ea24,ea22,ea07,ea10,ea28,ea11,ea17,ea02,ea04,ea21,ea05,ea16,ea12,ea23,ea19,ea18,ea03,ea06,ea09,ea01,ea08,ea27,ea25' minsnr=5 apmode=AP solnorm=false
2020-05-15 03:45:51	INFO	ChannelAverageTVI::parseConfiguration	Channel bin is [-1, -1, -1, -1, -1, -1, -1, -1]
2020-05-15 03:45:51	INFO	Calibrater::solve	For solint = 15.0s, found 328 solution intervals.
2020-05-15 03:46:09	INFO	Calibrater::solve	  Found good G Jones solutions in 327 solution intervals.
2020-05-15 03:46:09	INFO		Applying refant: ea13 (ea26,ea14,ea15,ea24,ea22,ea07,ea10,ea28,ea11,ea17,ea02,ea04,ea21,ea05,ea16,ea12,ea23,ea19,ea18,ea03,ea06,ea09,ea01,ea08,ea27,ea25) refantmode = flex (hold alternate refants' phase constant) when refant flagged
2020-05-15 03:46:09	INFO		At 2013/05/15/09:13:24.1 (Spw=0, Fld=1), using refant ea24 (id=22) (alternate)
2020-05-15 03:46:09	INFO		At 2013/05/15/09:13:24.0 (Spw=1, Fld=1), using refant ea24 (id=22) (alternate)
2020-05-15 03:46:10	INFO		At 2013/05/15/09:13:24.1 (Spw=2, Fld=1), using refant ea24 (id=22) (alternate)
2020-05-15 03:46:10	INFO		At 2013/05/15/09:19:35.1 (Spw=4, Fld=1), using refant ea26 (id=24) (alternate)
2020-05-15 03:46:10	INFO		At 2013/05/15/09:13:24.1 (Spw=6, Fld=1), using refant ea24 (id=22) (alternate)
2020-05-15 03:46:10	INFO		 NB: An alternate refant was used at least once to maintain
2020-05-15 03:46:10	INFO	+	  phase continuity where the user's preferred refant drops out.
2020-05-15 03:46:10	INFO	+	  Alternate refants are held constant in phase (_not_ zeroed)
2020-05-15 03:46:10	INFO	+	  during these periods, and the preferred refant may return at
2020-05-15 03:46:10	INFO	+	  a non-zero phase.  This is generally harmless.
2020-05-15 03:46:10	INFO		Writing solutions to table: 13A-213_05_15_2013_continuum.ms.hifv_solint.s12_1.testgaincal3.tbl
2020-05-15 03:46:10	INFO	calibrater::solve	Finished solving.
2020-05-15 03:46:10	INFO	gaincal::::	Calibration solve statistics per spw:  (expected/attempted/succeeded):
2020-05-15 03:46:10	INFO	gaincal::::	  Spw 0: 41/41/41
2020-05-15 03:46:10	INFO	gaincal::::	  Spw 1: 41/41/41
2020-05-15 03:46:10	INFO	gaincal::::	  Spw 2: 41/41/41
2020-05-15 03:46:10	INFO	gaincal::::	  Spw 3: 41/41/41
2020-05-15 03:46:10	INFO	gaincal::::	  Spw 4: 41/41/40
2020-05-15 03:46:10	INFO	gaincal::::	  Spw 5: 41/41/41
2020-05-15 03:46:10	INFO	gaincal::::	  Spw 6: 41/41/41
2020-05-15 03:46:10	INFO	gaincal::::	  Spw 7: 41/41/41
2020-05-15 03:46:10	INFO	gaincal::::	##### End Task: gaincal              #####
2020-05-15 03:46:10	INFO	gaincal::::+	##########################################
2020-05-15 03:46:10	INFO	pipeline.infrastructure.jobrequest::pipeline.infrastructure.jobrequest::	Executing gaincal(vis='calibrators.ms', caltable='13A-213_05_15_2013_continuum.ms.hifv_solint.s12_1.testgaincal3.tbl', field='2', selectdata=True, scan='2,3,4,5,9,13,17', solint='15.0s', combine='scan', preavg=-1.0, refant='ea13,ea26,ea14,ea15,ea24,ea22,ea07,ea10,ea28,ea11,ea17,ea02,ea04,ea21,ea05,ea16,ea12,ea23,ea19,ea18,ea03,ea06,ea09,ea01,ea08,ea27,ea25', minblperant=4, minsnr=5.0, solnorm=False, gaintype='G', smodel=[], calmode='ap', append=True, gaintable=[[]], gainfield=[''], interp=[''], spwmap=[], parang=True)
2020-05-15 03:46:10	INFO	gaincal::::	
2020-05-15 03:46:10	INFO	gaincal::::+	##########################################
2020-05-15 03:46:10	INFO	gaincal::::+	##### Begin Task: gaincal            #####
2020-05-15 03:46:10	INFO	gaincal::::	gaincal(vis="calibrators.ms",caltable="13A-213_05_15_2013_continuum.ms.hifv_solint.s12_1.testgaincal3.tbl",field="2",spw="",intent="",
2020-05-15 03:46:10	INFO	gaincal::::+	        selectdata=True,timerange="",uvrange="",antenna="",scan="2,3,4,5,9,13,17",
2020-05-15 03:46:10	INFO	gaincal::::+	        observation="",msselect="",solint="15.0s",combine="scan",preavg=-1.0,
2020-05-15 03:46:10	INFO	gaincal::::+	        refant="ea13,ea26,ea14,ea15,ea24,ea22,ea07,ea10,ea28,ea11,ea17,ea02,ea04,ea21,ea05,ea16,ea12,ea23,ea19,ea18,ea03,ea06,ea09,ea01,ea08,ea27,ea25",refantmode="flex",minblperant=4,minsnr=5.0,solnorm=False,
2020-05-15 03:46:10	INFO	gaincal::::+	        normtype="mean",gaintype="G",smodel=[],calmode="ap",solmode="",
2020-05-15 03:46:10	INFO	gaincal::::+	        rmsthresh=[],append=True,splinetime=3600.0,npointaver=3,phasewrap=180.0,
2020-05-15 03:46:10	INFO	gaincal::::+	        docallib=False,callib="",gaintable=[''],gainfield=[''],interp=[''],
2020-05-15 03:46:10	INFO	gaincal::::+	        spwmap=[],parang=True)
2020-05-15 03:46:10	INFO	gaincal::calibrater::open	****Using NEW VI2-driven calibrater tool****
2020-05-15 03:46:10	INFO	gaincal::calibrater::open	Opening MS: calibrators.ms for calibration.
2020-05-15 03:46:10	INFO	gaincal::Calibrater::	Initializing nominal selection to the whole MS.
2020-05-15 03:46:10	INFO	gaincal::::	NB: gaincal automatically excludes auto-correlations.
2020-05-15 03:46:10	INFO	calibrater::setdata	Beginning selectvis--(MSSelection version)-------
2020-05-15 03:46:10	INFO	calibrater::reset	Reseting solve/apply state
2020-05-15 03:46:10	INFO	Calibrater::selectvis	Performing selection on MeasurementSet
2020-05-15 03:46:10	INFO	Calibrater::selectvis+	 Selecting on scan: '2,3,4,5,9,13,17'
2020-05-15 03:46:10	INFO	Calibrater::selectvis+	 Selecting on field: '2'
2020-05-15 03:46:10	INFO	Calibrater::selectvis+	 Selecting with TaQL: 'ANTENNA1!=ANTENNA2'
2020-05-15 03:46:10	INFO	Calibrater::selectvis	By selection 635040 rows are reduced to 337345
2020-05-15 03:46:10	INFO	Calibrater::selectvis	Frequency selection: Selecting all channels in all spws.
2020-05-15 03:46:10	INFO	calibrater::setdata	chanmode=none nchan=1 start=0 step=1 mStart='0km/s' mStep='0km/s' msSelect='ANTENNA1!=ANTENNA2'
2020-05-15 03:46:10	INFO	calibrater::setapply	Beginning setapply--(MSSelection version)-------
2020-05-15 03:46:10	INFO	Calibrater::setapply(type, applypar)	Arranging to APPLY:
2020-05-15 03:46:10	INFO	Calibrater::setapply(type, applypar)	.   P Jones <pre-computed>
2020-05-15 03:46:10	INFO	calibrater::setsolve	Beginning setsolve--(MSSelection version)-------
2020-05-15 03:46:10	INFO	Calibrater::setsolve	Arranging to SOLVE:
2020-05-15 03:46:10	INFO	Calibrater::setsolve	.   G Jones: table=13A-213_05_15_2013_continuum.ms.hifv_solint.s12_1.testgaincal3.tbl append=true solint=15.0s refantmode='flex' refant='ea13,ea26,ea14,ea15,ea24,ea22,ea07,ea10,ea28,ea11,ea17,ea02,ea04,ea21,ea05,ea16,ea12,ea23,ea19,ea18,ea03,ea06,ea09,ea01,ea08,ea27,ea25' minsnr=5 apmode=AP solnorm=false
2020-05-15 03:46:10	INFO	calibrater::solve	Beginning solve-----------------------------
2020-05-15 03:46:10	INFO	Calibrater::solve	The following calibration terms are arranged for apply:
2020-05-15 03:46:10	INFO	Calibrater::solve	.   P Jones <pre-computed>
2020-05-15 03:46:10	INFO	Calibrater::solve	The following calibration term is arranged for solve:
2020-05-15 03:46:10	INFO	Calibrater::solve	.   G Jones: table=13A-213_05_15_2013_continuum.ms.hifv_solint.s12_1.testgaincal3.tbl append=true solint=15.0s refantmode='flex' refant='ea13,ea26,ea14,ea15,ea24,ea22,ea07,ea10,ea28,ea11,ea17,ea02,ea04,ea21,ea05,ea16,ea12,ea23,ea19,ea18,ea03,ea06,ea09,ea01,ea08,ea27,ea25' minsnr=5 apmode=AP solnorm=false
2020-05-15 03:46:10	INFO	ChannelAverageTVI::parseConfiguration	Channel bin is [-1, -1, -1, -1, -1, -1, -1, -1]
2020-05-15 03:46:11	INFO	Calibrater::solve	For solint = 15.0s, found 400 solution intervals.
2020-05-15 03:46:31	INFO	Calibrater::solve	  Found good G Jones solutions in 400 solution intervals.
2020-05-15 03:46:31	INFO		Applying refant: ea13 (ea26,ea14,ea15,ea24,ea22,ea07,ea10,ea28,ea11,ea17,ea02,ea04,ea21,ea05,ea16,ea12,ea23,ea19,ea18,ea03,ea06,ea09,ea01,ea08,ea27,ea25) refantmode = flex (hold alternate refants' phase constant) when refant flagged
2020-05-15 03:46:31	INFO		At 2013/05/15/09:28:40.8 (Spw=0, Fld=2), using refant ea26 (id=24) (alternate)
2020-05-15 03:46:31	INFO		At 2013/05/15/09:28:40.6 (Spw=1, Fld=2), refant (id=12) was flagged; flagging all antennas strictly.
2020-05-15 03:46:31	INFO		At 2013/05/15/09:28:40.6 (Spw=2, Fld=2), using refant ea26 (id=24) (alternate)
2020-05-15 03:46:31	INFO		At 2013/05/15/09:28:40.7 (Spw=3, Fld=2), using refant ea26 (id=24) (alternate)
2020-05-15 03:46:31	INFO		At 2013/05/15/09:28:40.8 (Spw=4, Fld=2), refant (id=12) was flagged; flagging all antennas strictly.
2020-05-15 03:46:31	INFO		At 2013/05/15/09:28:53.2 (Spw=4, Fld=2), refant (id=12) was flagged; flagging all antennas strictly.
2020-05-15 03:46:31	INFO		At 2013/05/15/09:29:07.7 (Spw=4, Fld=2), refant (id=12) was flagged; flagging all antennas strictly.
2020-05-15 03:46:31	INFO		At 2013/05/15/09:29:22.5 (Spw=4, Fld=2), refant (id=12) was flagged; flagging all antennas strictly.
2020-05-15 03:46:31	INFO		At 2013/05/15/09:29:37.5 (Spw=4, Fld=2), refant (id=12) was flagged; flagging all antennas strictly.
2020-05-15 03:46:31	INFO		At 2013/05/15/09:29:50.0 (Spw=4, Fld=2), refant (id=12) was flagged; flagging all antennas strictly.
2020-05-15 03:46:31	INFO		At 2013/05/15/09:30:07.5 (Spw=4, Fld=2), refant (id=12) was flagged; flagging all antennas strictly.
2020-05-15 03:46:31	INFO		At 2013/05/15/09:30:22.5 (Spw=4, Fld=2), refant (id=12) was flagged; flagging all antennas strictly.
2020-05-15 03:46:31	INFO		At 2013/05/15/09:30:37.5 (Spw=4, Fld=2), refant (id=12) was flagged; flagging all antennas strictly.
2020-05-15 03:46:31	INFO		At 2013/05/15/09:30:52.5 (Spw=4, Fld=2), refant (id=12) was flagged; flagging all antennas strictly.
2020-05-15 03:46:31	INFO		At 2013/05/15/09:31:07.5 (Spw=4, Fld=2), refant (id=12) was flagged; flagging all antennas strictly.
2020-05-15 03:46:31	INFO		At 2013/05/15/09:31:22.5 (Spw=4, Fld=2), refant (id=12) was flagged; flagging all antennas strictly.
2020-05-15 03:46:31	INFO		At 2013/05/15/09:31:37.5 (Spw=4, Fld=2), refant (id=12) was flagged; flagging all antennas strictly.
2020-05-15 03:46:31	INFO		At 2013/05/15/09:31:52.5 (Spw=4, Fld=2), refant (id=12) was flagged; flagging all antennas strictly.
2020-05-15 03:46:31	INFO		At 2013/05/15/09:32:07.5 (Spw=4, Fld=2), refant (id=12) was flagged; flagging all antennas strictly.
2020-05-15 03:46:31	INFO		At 2013/05/15/09:32:22.5 (Spw=4, Fld=2), refant (id=12) was flagged; flagging all antennas strictly.
2020-05-15 03:46:31	INFO		At 2013/05/15/09:32:37.5 (Spw=4, Fld=2), refant (id=12) was flagged; flagging all antennas strictly.
2020-05-15 03:46:31	INFO		At 2013/05/15/09:32:50.0 (Spw=4, Fld=2), refant (id=12) was flagged; flagging all antennas strictly.
2020-05-15 03:46:31	INFO		At 2013/05/15/10:01:42.8 (Spw=4, Fld=2), refant (id=12) was flagged; flagging all antennas strictly.
2020-05-15 03:46:31	INFO		At 2013/05/15/10:01:57.5 (Spw=4, Fld=2), refant (id=12) was flagged; flagging all antennas strictly.
2020-05-15 03:46:31	INFO		At 2013/05/15/10:02:12.5 (Spw=4, Fld=2), refant (id=12) was flagged; flagging all antennas strictly.
2020-05-15 03:46:31	INFO		At 2013/05/15/10:02:27.5 (Spw=4, Fld=2), refant (id=12) was flagged; flagging all antennas strictly.
2020-05-15 03:46:31	INFO		At 2013/05/15/10:02:42.5 (Spw=4, Fld=2), refant (id=12) was flagged; flagging all antennas strictly.
2020-05-15 03:46:31	INFO		At 2013/05/15/10:03:27.5 (Spw=4, Fld=2), using refant ea26 (id=24) (alternate)
2020-05-15 03:46:31	INFO		At 2013/05/15/10:33:07.8 (Spw=4, Fld=2), refant (id=12) was flagged; flagging all antennas strictly.
2020-05-15 03:46:31	INFO		At 2013/05/15/10:33:22.5 (Spw=4, Fld=2), using refant ea26 (id=24) (alternate)
2020-05-15 03:46:31	INFO		At 2013/05/15/10:33:52.5 (Spw=4, Fld=2), refant (id=24) was flagged; flagging all antennas strictly.
2020-05-15 03:46:31	INFO		At 2013/05/15/10:34:52.5 (Spw=4, Fld=2), refant (id=24) was flagged; flagging all antennas strictly.
2020-05-15 03:46:31	INFO		At 2013/05/15/10:35:07.5 (Spw=4, Fld=2), refant (id=24) was flagged; flagging all antennas strictly.
2020-05-15 03:46:31	INFO		At 2013/05/15/10:35:22.5 (Spw=4, Fld=2), refant (id=24) was flagged; flagging all antennas strictly.
2020-05-15 03:46:31	INFO		At 2013/05/15/11:04:37.5 (Spw=4, Fld=2), refant (id=24) was flagged; flagging all antennas strictly.
2020-05-15 03:46:31	INFO		At 2013/05/15/11:04:52.5 (Spw=4, Fld=2), refant (id=24) was flagged; flagging all antennas strictly.
2020-05-15 03:46:31	INFO		At 2013/05/15/11:05:22.5 (Spw=4, Fld=2), using refant ea26 (id=24) (alternate)
2020-05-15 03:46:31	INFO		At 2013/05/15/11:05:37.5 (Spw=4, Fld=2), refant (id=24) was flagged; flagging all antennas strictly.
2020-05-15 03:46:31	INFO		At 2013/05/15/11:05:52.5 (Spw=4, Fld=2), refant (id=24) was flagged; flagging all antennas strictly.
2020-05-15 03:46:31	INFO		At 2013/05/15/11:06:07.5 (Spw=4, Fld=2), refant (id=24) was flagged; flagging all antennas strictly.
2020-05-15 03:46:31	INFO		At 2013/05/15/11:06:37.5 (Spw=4, Fld=2), refant (id=24) was flagged; flagging all antennas strictly.
2020-05-15 03:46:31	INFO		At 2013/05/15/11:06:52.5 (Spw=4, Fld=2), refant (id=24) was flagged; flagging all antennas strictly.
2020-05-15 03:46:31	INFO		At 2013/05/15/09:28:40.7 (Spw=6, Fld=2), using refant ea26 (id=24) (alternate)
2020-05-15 03:46:31	INFO		At 2013/05/15/09:28:40.8 (Spw=7, Fld=2), using refant ea26 (id=24) (alternate)
2020-05-15 03:46:31	INFO		 NB: An alternate refant was used at least once to maintain
2020-05-15 03:46:31	INFO	+	  phase continuity where the user's preferred refant drops out.
2020-05-15 03:46:31	INFO	+	  Alternate refants are held constant in phase (_not_ zeroed)
2020-05-15 03:46:31	INFO	+	  during these periods, and the preferred refant may return at
2020-05-15 03:46:31	INFO	+	  a non-zero phase.  This is generally harmless.
2020-05-15 03:46:31	INFO		Appending solutions to table: 13A-213_05_15_2013_continuum.ms.hifv_solint.s12_1.testgaincal3.tbl
2020-05-15 03:46:32	INFO	calibrater::solve	Finished solving.
2020-05-15 03:46:32	INFO	gaincal::::	Calibration solve statistics per spw:  (expected/attempted/succeeded):
2020-05-15 03:46:32	INFO	gaincal::::	  Spw 0: 50/50/50
2020-05-15 03:46:32	INFO	gaincal::::	  Spw 1: 50/50/50
2020-05-15 03:46:32	INFO	gaincal::::	  Spw 2: 50/50/50
2020-05-15 03:46:32	INFO	gaincal::::	  Spw 3: 50/50/50
2020-05-15 03:46:32	INFO	gaincal::::	  Spw 4: 50/50/50
2020-05-15 03:46:32	INFO	gaincal::::	  Spw 5: 50/50/50
2020-05-15 03:46:32	INFO	gaincal::::	  Spw 6: 50/50/50
2020-05-15 03:46:32	INFO	gaincal::::	  Spw 7: 50/50/50
2020-05-15 03:46:32	INFO	gaincal::::	##### End Task: gaincal              #####
2020-05-15 03:46:32	INFO	gaincal::::+	##########################################
2020-05-15 03:46:33	INFO	pipeline.hifv.tasks.fluxscale.solint::pipeline.hifv.tasks.fluxscale.solint::	For solint = 15.0s fraction of flagged solutions = 0.155760538211
2020-05-15 03:46:33	INFO	pipeline.hifv.tasks.fluxscale.solint::pipeline.hifv.tasks.fluxscale.solint::	Median fraction of flagged solutions per antenna = 0.104777672658
2020-05-15 03:46:33	INFO	pipeline.hifv.tasks.fluxscale.solint::pipeline.hifv.tasks.fluxscale.solint::	ShortSol1: 5.0
2020-05-15 03:46:33	INFO	pipeline.hifv.tasks.fluxscale.solint::pipeline.hifv.tasks.fluxscale.solint::	ShortSol2: 5.0
2020-05-15 03:46:33	INFO	pipeline.hifv.tasks.fluxscale.solint::pipeline.hifv.tasks.fluxscale.solint::	Short_solint determined from heuristics: 5.0
2020-05-15 03:46:33	INFO	pipeline.hifv.tasks.fluxscale.solint::pipeline.hifv.tasks.fluxscale.solint::	Using short solint = 5.0s
