2020-05-15 03:21:50	INFO	hifv_flagbaddef::pipeline.infrastructure.basetask::	Starting execution for stage 7
2020-05-15 03:21:50	INFO	hifv_flagbaddef::pipeline.infrastructure.basetask::	Equivalent CASA call: hifv_flagbaddef(doflagundernspwlimit=False)
2020-05-15 03:21:50	INFO	hifv_flagbaddef::pipeline.hifv.tasks.flagging.flagbaddeformatters::	Start date for flag bad deformatters is: 56427.3803241
2020-05-15 03:21:50	INFO	hifv_flagbaddef::pipeline.hifv.tasks.flagging.flagbaddeformatters::	Will test on quantity: amp
2020-05-15 03:21:50	INFO	hifv_flagbaddef::pipeline.hifv.tasks.flagging.flagbaddeformatters::	Will test using statistic: rat
2020-05-15 03:21:50	INFO	hifv_flagbaddef::pipeline.hifv.tasks.flagging.flagbaddeformatters::	Will flag values under limit = 0.15
2020-05-15 03:21:50	INFO	hifv_flagbaddef::pipeline.hifv.tasks.flagging.flagbaddeformatters::	Will identify basebands with more than 4 bad spw
2020-05-15 03:21:50	INFO	hifv_flagbaddef::pipeline.hifv.tasks.flagging.flagbaddeformatters::	Will use flag REASON = bad_deformatters_amp or RFI
2020-05-15 03:21:50	INFO	hifv_flagbaddef::pipeline.hifv.tasks.flagging.flagbaddeformatters::	Will flag data based on what we found
2020-05-15 03:21:53	INFO	hifv_flagbaddef::pipeline.hifv.tasks.flagging.flagbaddeformatters::	 Ant 0 (ea01) EVLA_L A0C0 processing spws=[0, 1, 2, 3, 4, 5, 6, 7]
2020-05-15 03:21:53	INFO	hifv_flagbaddef::pipeline.hifv.tasks.flagging.flagbaddeformatters::	 Ant 1 (ea02) EVLA_L A0C0 processing spws=[0, 1, 2, 3, 4, 5, 6, 7]
2020-05-15 03:21:53	INFO	hifv_flagbaddef::pipeline.hifv.tasks.flagging.flagbaddeformatters::	 Ant 2 (ea03) EVLA_L A0C0 processing spws=[0, 1, 2, 3, 4, 5, 6, 7]
2020-05-15 03:21:53	INFO	hifv_flagbaddef::pipeline.hifv.tasks.flagging.flagbaddeformatters::	 Ant 3 (ea04) EVLA_L A0C0 processing spws=[0, 1, 2, 3, 4, 5, 6, 7]
2020-05-15 03:21:53	INFO	hifv_flagbaddef::pipeline.hifv.tasks.flagging.flagbaddeformatters::	 Ant 4 (ea05) EVLA_L A0C0 processing spws=[0, 1, 2, 3, 4, 5, 6, 7]
2020-05-15 03:21:53	INFO	hifv_flagbaddef::pipeline.hifv.tasks.flagging.flagbaddeformatters::	 Ant 5 (ea06) EVLA_L A0C0 processing spws=[0, 1, 2, 3, 4, 5, 6, 7]
2020-05-15 03:21:53	INFO	hifv_flagbaddef::pipeline.hifv.tasks.flagging.flagbaddeformatters::	 Ant 6 (ea07) EVLA_L A0C0 processing spws=[0, 1, 2, 3, 4, 5, 6, 7]
2020-05-15 03:21:53	INFO	hifv_flagbaddef::pipeline.hifv.tasks.flagging.flagbaddeformatters::	  Found Ant 6 (ea07) EVLA_L A0C0 spw=0 amp rat=0.1063
2020-05-15 03:21:53	INFO	hifv_flagbaddef::pipeline.hifv.tasks.flagging.flagbaddeformatters::	 Ant 7 (ea08) EVLA_L A0C0 processing spws=[0, 1, 2, 3, 4, 5, 6, 7]
2020-05-15 03:21:53	INFO	hifv_flagbaddef::pipeline.hifv.tasks.flagging.flagbaddeformatters::	 Ant 8 (ea09) EVLA_L A0C0 processing spws=[0, 1, 2, 3, 4, 5, 6, 7]
2020-05-15 03:21:53	INFO	hifv_flagbaddef::pipeline.hifv.tasks.flagging.flagbaddeformatters::	  Found Ant 8 (ea09) EVLA_L A0C0 spw=0 amp rat=0.1491
2020-05-15 03:21:53	INFO	hifv_flagbaddef::pipeline.hifv.tasks.flagging.flagbaddeformatters::	 Ant 9 (ea10) EVLA_L A0C0 processing spws=[0, 1, 2, 3, 4, 5, 6, 7]
2020-05-15 03:21:53	INFO	hifv_flagbaddef::pipeline.hifv.tasks.flagging.flagbaddeformatters::	 Ant 10 (ea11) EVLA_L A0C0 processing spws=[0, 1, 2, 3, 4, 5, 6, 7]
2020-05-15 03:21:53	INFO	hifv_flagbaddef::pipeline.hifv.tasks.flagging.flagbaddeformatters::	  Found Ant 10 (ea11) EVLA_L A0C0 spw=0 amp rat=0.0972
2020-05-15 03:21:53	INFO	hifv_flagbaddef::pipeline.hifv.tasks.flagging.flagbaddeformatters::	 Ant 11 (ea12) EVLA_L A0C0 processing spws=[0, 1, 2, 3, 4, 5, 6, 7]
2020-05-15 03:21:53	INFO	hifv_flagbaddef::pipeline.hifv.tasks.flagging.flagbaddeformatters::	  Found Ant 11 (ea12) EVLA_L A0C0 spw=0 amp rat=0.1095
2020-05-15 03:21:53	INFO	hifv_flagbaddef::pipeline.hifv.tasks.flagging.flagbaddeformatters::	 Ant 12 (ea13) EVLA_L A0C0 processing spws=[0, 1, 2, 3, 4, 5, 6, 7]
2020-05-15 03:21:53	INFO	hifv_flagbaddef::pipeline.hifv.tasks.flagging.flagbaddeformatters::	 Ant 13 (ea14) EVLA_L A0C0 processing spws=[0, 1, 2, 3, 4, 5, 6, 7]
2020-05-15 03:21:53	INFO	hifv_flagbaddef::pipeline.hifv.tasks.flagging.flagbaddeformatters::	  Found Ant 13 (ea14) EVLA_L A0C0 spw=0 amp rat=0.1037
2020-05-15 03:21:53	INFO	hifv_flagbaddef::pipeline.hifv.tasks.flagging.flagbaddeformatters::	 Ant 14 (ea15) EVLA_L A0C0 processing spws=[0, 1, 2, 3, 4, 5, 6, 7]
2020-05-15 03:21:53	INFO	hifv_flagbaddef::pipeline.hifv.tasks.flagging.flagbaddeformatters::	 Ant 15 (ea16) EVLA_L A0C0 processing spws=[0, 1, 2, 3, 4, 5, 6, 7]
2020-05-15 03:21:53	INFO	hifv_flagbaddef::pipeline.hifv.tasks.flagging.flagbaddeformatters::	  Found Ant 15 (ea16) EVLA_L A0C0 spw=0 amp rat=0.1334
2020-05-15 03:21:53	INFO	hifv_flagbaddef::pipeline.hifv.tasks.flagging.flagbaddeformatters::	 Ant 16 (ea17) EVLA_L A0C0 processing spws=[0, 1, 2, 3, 4, 5, 6, 7]
2020-05-15 03:21:53	INFO	hifv_flagbaddef::pipeline.hifv.tasks.flagging.flagbaddeformatters::	  Found Ant 16 (ea17) EVLA_L A0C0 spw=0 amp rat=0.0934
2020-05-15 03:21:53	INFO	hifv_flagbaddef::pipeline.hifv.tasks.flagging.flagbaddeformatters::	 Ant 17 (ea18) EVLA_L A0C0 processing spws=[0, 1, 2, 3, 4, 5, 6, 7]
2020-05-15 03:21:53	INFO	hifv_flagbaddef::pipeline.hifv.tasks.flagging.flagbaddeformatters::	 Ant 18 (ea19) EVLA_L A0C0 processing spws=[0, 1, 2, 3, 4, 5, 6, 7]
2020-05-15 03:21:53	INFO	hifv_flagbaddef::pipeline.hifv.tasks.flagging.flagbaddeformatters::	 Ant 19 (ea21) EVLA_L A0C0 processing spws=[0, 1, 2, 3, 4, 5, 6, 7]
2020-05-15 03:21:53	INFO	hifv_flagbaddef::pipeline.hifv.tasks.flagging.flagbaddeformatters::	 Ant 20 (ea22) EVLA_L A0C0 processing spws=[0, 1, 2, 3, 4, 5, 6, 7]
2020-05-15 03:21:53	INFO	hifv_flagbaddef::pipeline.hifv.tasks.flagging.flagbaddeformatters::	  Found Ant 20 (ea22) EVLA_L A0C0 spw=0 amp rat=0.1195
2020-05-15 03:21:53	INFO	hifv_flagbaddef::pipeline.hifv.tasks.flagging.flagbaddeformatters::	 Ant 21 (ea23) EVLA_L A0C0 processing spws=[0, 1, 2, 3, 4, 5, 6, 7]
2020-05-15 03:21:53	INFO	hifv_flagbaddef::pipeline.hifv.tasks.flagging.flagbaddeformatters::	 Ant 22 (ea24) EVLA_L A0C0 processing spws=[0, 1, 2, 3, 4, 5, 6, 7]
2020-05-15 03:21:53	INFO	hifv_flagbaddef::pipeline.hifv.tasks.flagging.flagbaddeformatters::	 Ant 23 (ea25) EVLA_L A0C0 processing spws=[0, 1, 2, 3, 4, 5, 6, 7]
2020-05-15 03:21:53	INFO	hifv_flagbaddef::pipeline.hifv.tasks.flagging.flagbaddeformatters::	 Ant 24 (ea26) EVLA_L A0C0 processing spws=[0, 1, 2, 3, 4, 5, 6, 7]
2020-05-15 03:21:53	INFO	hifv_flagbaddef::pipeline.hifv.tasks.flagging.flagbaddeformatters::	 Ant 25 (ea27) EVLA_L A0C0 processing spws=[0, 1, 2, 3, 4, 5, 6, 7]
2020-05-15 03:21:53	INFO	hifv_flagbaddef::pipeline.hifv.tasks.flagging.flagbaddeformatters::	 Ant 26 (ea28) EVLA_L A0C0 processing spws=[0, 1, 2, 3, 4, 5, 6, 7]
2020-05-15 03:21:53	INFO	hifv_flagbaddef::pipeline.hifv.tasks.flagging.flagbaddeformatters::	  Found Ant 26 (ea28) EVLA_L A0C0 spw=0 amp rat=0.0546
2020-05-15 03:21:53	INFO	hifv_flagbaddef::pipeline.hifv.tasks.flagging.flagbaddeformatters::	No bad basebands/spws found
2020-05-15 03:21:53	INFO	hifv_flagbaddef::pipeline.hifv.tasks.flagging.flagbaddeformatters::	Start date for flag bad deformatters is: 56427.3803241
2020-05-15 03:21:53	INFO	hifv_flagbaddef::pipeline.hifv.tasks.flagging.flagbaddeformatters::	Will test on quantity: phase
2020-05-15 03:21:53	INFO	hifv_flagbaddef::pipeline.hifv.tasks.flagging.flagbaddeformatters::	Will test using statistic: diff
2020-05-15 03:21:53	INFO	hifv_flagbaddef::pipeline.hifv.tasks.flagging.flagbaddeformatters::	Will flag values over limit = 50
2020-05-15 03:21:53	INFO	hifv_flagbaddef::pipeline.hifv.tasks.flagging.flagbaddeformatters::	Will identify basebands with more than 4 bad spw
2020-05-15 03:21:53	INFO	hifv_flagbaddef::pipeline.hifv.tasks.flagging.flagbaddeformatters::	Will use flag REASON = bad_deformatters_phase or RFI
2020-05-15 03:21:53	INFO	hifv_flagbaddef::pipeline.hifv.tasks.flagging.flagbaddeformatters::	Will flag data based on what we found
2020-05-15 03:21:55	INFO	hifv_flagbaddef::pipeline.hifv.tasks.flagging.flagbaddeformatters::	 Ant 0 (ea01) EVLA_L A0C0 processing spws=[0, 1, 2, 3, 4, 5, 6, 7]
2020-05-15 03:21:55	INFO	hifv_flagbaddef::pipeline.hifv.tasks.flagging.flagbaddeformatters::	 Ant 1 (ea02) EVLA_L A0C0 processing spws=[0, 1, 2, 3, 4, 5, 6, 7]
2020-05-15 03:21:55	INFO	hifv_flagbaddef::pipeline.hifv.tasks.flagging.flagbaddeformatters::	 Ant 2 (ea03) EVLA_L A0C0 processing spws=[0, 1, 2, 3, 4, 5, 6, 7]
2020-05-15 03:21:55	INFO	hifv_flagbaddef::pipeline.hifv.tasks.flagging.flagbaddeformatters::	 Ant 3 (ea04) EVLA_L A0C0 processing spws=[0, 1, 2, 3, 4, 5, 6, 7]
2020-05-15 03:21:55	INFO	hifv_flagbaddef::pipeline.hifv.tasks.flagging.flagbaddeformatters::	 Ant 4 (ea05) EVLA_L A0C0 processing spws=[0, 1, 2, 3, 4, 5, 6, 7]
2020-05-15 03:21:55	INFO	hifv_flagbaddef::pipeline.hifv.tasks.flagging.flagbaddeformatters::	 Ant 5 (ea06) EVLA_L A0C0 processing spws=[0, 1, 2, 3, 4, 5, 6, 7]
2020-05-15 03:21:55	INFO	hifv_flagbaddef::pipeline.hifv.tasks.flagging.flagbaddeformatters::	 Ant 6 (ea07) EVLA_L A0C0 processing spws=[0, 1, 2, 3, 4, 5, 6, 7]
2020-05-15 03:21:55	INFO	hifv_flagbaddef::pipeline.hifv.tasks.flagging.flagbaddeformatters::	 Ant 7 (ea08) EVLA_L A0C0 processing spws=[0, 1, 2, 3, 4, 5, 6, 7]
2020-05-15 03:21:55	INFO	hifv_flagbaddef::pipeline.hifv.tasks.flagging.flagbaddeformatters::	 Ant 8 (ea09) EVLA_L A0C0 processing spws=[0, 1, 2, 3, 4, 5, 6, 7]
2020-05-15 03:21:55	INFO	hifv_flagbaddef::pipeline.hifv.tasks.flagging.flagbaddeformatters::	  Found Ant 8 (ea09) EVLA_L A0C0 spw=4 phase diff=52.2695
2020-05-15 03:21:55	INFO	hifv_flagbaddef::pipeline.hifv.tasks.flagging.flagbaddeformatters::	 Ant 9 (ea10) EVLA_L A0C0 processing spws=[0, 1, 2, 3, 4, 5, 6, 7]
2020-05-15 03:21:55	INFO	hifv_flagbaddef::pipeline.hifv.tasks.flagging.flagbaddeformatters::	 Ant 10 (ea11) EVLA_L A0C0 processing spws=[0, 1, 2, 3, 4, 5, 6, 7]
2020-05-15 03:21:55	INFO	hifv_flagbaddef::pipeline.hifv.tasks.flagging.flagbaddeformatters::	  Found Ant 10 (ea11) EVLA_L A0C0 spw=4 phase diff=51.5077
2020-05-15 03:21:55	INFO	hifv_flagbaddef::pipeline.hifv.tasks.flagging.flagbaddeformatters::	 Ant 11 (ea12) EVLA_L A0C0 processing spws=[0, 1, 2, 3, 4, 5, 6, 7]
2020-05-15 03:21:55	INFO	hifv_flagbaddef::pipeline.hifv.tasks.flagging.flagbaddeformatters::	 Ant 12 (ea13) EVLA_L A0C0 processing spws=[0, 1, 2, 3, 4, 5, 6, 7]
2020-05-15 03:21:55	INFO	hifv_flagbaddef::pipeline.hifv.tasks.flagging.flagbaddeformatters::	 Ant 13 (ea14) EVLA_L A0C0 processing spws=[0, 1, 2, 3, 4, 5, 6, 7]
2020-05-15 03:21:55	INFO	hifv_flagbaddef::pipeline.hifv.tasks.flagging.flagbaddeformatters::	  Found Ant 13 (ea14) EVLA_L A0C0 spw=4 phase diff=81.3285
2020-05-15 03:21:55	INFO	hifv_flagbaddef::pipeline.hifv.tasks.flagging.flagbaddeformatters::	 Ant 14 (ea15) EVLA_L A0C0 processing spws=[0, 1, 2, 3, 4, 5, 6, 7]
2020-05-15 03:21:55	INFO	hifv_flagbaddef::pipeline.hifv.tasks.flagging.flagbaddeformatters::	 Ant 15 (ea16) EVLA_L A0C0 processing spws=[0, 1, 2, 3, 4, 5, 6, 7]
2020-05-15 03:21:55	INFO	hifv_flagbaddef::pipeline.hifv.tasks.flagging.flagbaddeformatters::	 Ant 16 (ea17) EVLA_L A0C0 processing spws=[0, 1, 2, 3, 4, 5, 6, 7]
2020-05-15 03:21:55	INFO	hifv_flagbaddef::pipeline.hifv.tasks.flagging.flagbaddeformatters::	  Found Ant 16 (ea17) EVLA_L A0C0 spw=4 phase diff=54.3629
2020-05-15 03:21:55	INFO	hifv_flagbaddef::pipeline.hifv.tasks.flagging.flagbaddeformatters::	 Ant 17 (ea18) EVLA_L A0C0 processing spws=[0, 1, 2, 3, 4, 5, 6, 7]
2020-05-15 03:21:55	INFO	hifv_flagbaddef::pipeline.hifv.tasks.flagging.flagbaddeformatters::	 Ant 18 (ea19) EVLA_L A0C0 processing spws=[0, 1, 2, 3, 4, 5, 6, 7]
2020-05-15 03:21:55	INFO	hifv_flagbaddef::pipeline.hifv.tasks.flagging.flagbaddeformatters::	 Ant 19 (ea21) EVLA_L A0C0 processing spws=[0, 1, 2, 3, 4, 5, 6, 7]
2020-05-15 03:21:55	INFO	hifv_flagbaddef::pipeline.hifv.tasks.flagging.flagbaddeformatters::	 Ant 20 (ea22) EVLA_L A0C0 processing spws=[0, 1, 2, 3, 4, 5, 6, 7]
2020-05-15 03:21:55	INFO	hifv_flagbaddef::pipeline.hifv.tasks.flagging.flagbaddeformatters::	  Found Ant 20 (ea22) EVLA_L A0C0 spw=4 phase diff=74.8661
2020-05-15 03:21:55	INFO	hifv_flagbaddef::pipeline.hifv.tasks.flagging.flagbaddeformatters::	 Ant 21 (ea23) EVLA_L A0C0 processing spws=[0, 1, 2, 3, 4, 5, 6, 7]
2020-05-15 03:21:55	INFO	hifv_flagbaddef::pipeline.hifv.tasks.flagging.flagbaddeformatters::	  Found Ant 21 (ea23) EVLA_L A0C0 spw=4 phase diff=56.9705
2020-05-15 03:21:55	INFO	hifv_flagbaddef::pipeline.hifv.tasks.flagging.flagbaddeformatters::	 Ant 22 (ea24) EVLA_L A0C0 processing spws=[0, 1, 2, 3, 4, 5, 6, 7]
2020-05-15 03:21:55	INFO	hifv_flagbaddef::pipeline.hifv.tasks.flagging.flagbaddeformatters::	 Ant 23 (ea25) EVLA_L A0C0 processing spws=[0, 1, 2, 3, 4, 5, 6, 7]
2020-05-15 03:21:55	INFO	hifv_flagbaddef::pipeline.hifv.tasks.flagging.flagbaddeformatters::	  Found Ant 23 (ea25) EVLA_L A0C0 spw=4 phase diff=63.3631
2020-05-15 03:21:55	INFO	hifv_flagbaddef::pipeline.hifv.tasks.flagging.flagbaddeformatters::	 Ant 24 (ea26) EVLA_L A0C0 processing spws=[0, 1, 2, 3, 4, 5, 6, 7]
2020-05-15 03:21:55	INFO	hifv_flagbaddef::pipeline.hifv.tasks.flagging.flagbaddeformatters::	  Found Ant 24 (ea26) EVLA_L A0C0 spw=4 phase diff=55.9021
2020-05-15 03:21:55	INFO	hifv_flagbaddef::pipeline.hifv.tasks.flagging.flagbaddeformatters::	 Ant 25 (ea27) EVLA_L A0C0 processing spws=[0, 1, 2, 3, 4, 5, 6, 7]
2020-05-15 03:21:55	INFO	hifv_flagbaddef::pipeline.hifv.tasks.flagging.flagbaddeformatters::	 Ant 26 (ea28) EVLA_L A0C0 processing spws=[0, 1, 2, 3, 4, 5, 6, 7]
2020-05-15 03:21:55	INFO	hifv_flagbaddef::pipeline.hifv.tasks.flagging.flagbaddeformatters::	No bad basebands/spws found
