2020-05-15 03:24:25	INFO	hifv_semiFinalBPdcals::pipeline.infrastructure.basetask::	Starting execution for stage 9
2020-05-15 03:24:25	INFO	hifv_semiFinalBPdcals::pipeline.infrastructure.basetask::	Equivalent CASA call: hifv_semiFinalBPdcals(weakbp=False)
2020-05-15 03:24:34	INFO	hifv_semiFinalBPdcals::pipeline.infrastructure.jobrequest::	Executing flagdata(vis='13A-213_05_15_2013_continuum.ms', mode='summary', field='1,2', flagbackup=False, savepars=False)
2020-05-15 03:24:34	INFO	flagdata::::	
2020-05-15 03:24:34	INFO	flagdata::::+	##########################################
2020-05-15 03:24:34	INFO	flagdata::::+	##### Begin Task: flagdata           #####
2020-05-15 03:24:34	INFO	flagdata::::	flagdata(vis="/mnt/ufs18/rs-033/ChomiukLab/LocalGroupX/NGC6822/13A-213_05_15_2013_continuum.ms",mode="summary",autocorr=False,inpfile="",reason="any",
2020-05-15 03:24:34	INFO	flagdata::::+	        tbuff=0.0,spw="",field="1,2",antenna="",uvrange="",
2020-05-15 03:24:34	INFO	flagdata::::+	        timerange="",correlation="",scan="",intent="",array="",
2020-05-15 03:24:34	INFO	flagdata::::+	        observation="",feed="",clipminmax=[],datacolumn="DATA",clipoutside=True,
2020-05-15 03:24:34	INFO	flagdata::::+	        channelavg=False,chanbin=1,timeavg=False,timebin="0s",clipzeros=False,
2020-05-15 03:24:34	INFO	flagdata::::+	        quackinterval=1.0,quackmode="beg",quackincrement=False,tolerance=0.0,addantenna="",
2020-05-15 03:24:34	INFO	flagdata::::+	        lowerlimit=0.0,upperlimit=90.0,ntime="scan",combinescans=False,timecutoff=4.0,
2020-05-15 03:24:34	INFO	flagdata::::+	        freqcutoff=3.0,timefit="line",freqfit="poly",maxnpieces=7,flagdimension="freqtime",
2020-05-15 03:24:34	INFO	flagdata::::+	        usewindowstats="none",halfwin=1,extendflags=True,winsize=3,timedev="",
2020-05-15 03:24:34	INFO	flagdata::::+	        freqdev="",timedevscale=5.0,freqdevscale=5.0,spectralmax=1000000.0,spectralmin=0.0,
2020-05-15 03:24:34	INFO	flagdata::::+	        antint_ref_antenna="",minchanfrac=0.6,verbose=False,extendpols=True,growtime=50.0,
2020-05-15 03:24:34	INFO	flagdata::::+	        growfreq=50.0,growaround=False,flagneartime=False,flagnearfreq=False,minrel=0.0,
2020-05-15 03:24:34	INFO	flagdata::::+	        maxrel=1.0,minabs=0,maxabs=-1,spwchan=False,spwcorr=False,
2020-05-15 03:24:34	INFO	flagdata::::+	        basecnt=False,fieldcnt=False,name="Summary",action="apply",display="",
2020-05-15 03:24:34	INFO	flagdata::::+	        flagbackup=False,savepars=False,cmdreason="",outfile="",overwrite=True,
2020-05-15 03:24:34	INFO	flagdata::::+	        writeflags=True)
2020-05-15 03:24:34	INFO	AgentFlagger::open	Table type is Measurement Set
2020-05-15 03:24:34	INFO	flagdata::::	Summary mode is active
2020-05-15 03:24:34	INFO	flagdata::::	Initializing the agents
2020-05-15 03:24:34	INFO	Summary::setAgentParameters 	 display is: 
2020-05-15 03:24:34	INFO	AgentFlagger::initAgents	There are 1 valid agents in list
2020-05-15 03:24:34	INFO	flagdata::::	Running the agentflagger tool
2020-05-15 03:24:35	INFO	FlagMSHandler::	------------------------------------------------------------------------------------ 
2020-05-15 03:24:35	INFO	FlagMSHandler::	Chunk = 1 [progress: 3%], Observation = 0, Array = 0, Scan = 2, Field = 1 (1331+305=3C286), Spw = 0, Channels = 128, Corrs = [ RR RL LR LL ], Total Rows = 37206
2020-05-15 03:24:35	INFO	FlagMSHandler::	------------------------------------------------------------------------------------ 
2020-05-15 03:24:35	INFO	FlagMSHandler::	Chunk = 2 [progress: 6%], Observation = 0, Array = 0, Scan = 2, Field = 1 (1331+305=3C286), Spw = 1, Channels = 128, Corrs = [ RR RL LR LL ], Total Rows = 37206
2020-05-15 03:24:35	INFO	FlagMSHandler::	------------------------------------------------------------------------------------ 
2020-05-15 03:24:35	INFO	FlagMSHandler::	Chunk = 3 [progress: 10%], Observation = 0, Array = 0, Scan = 2, Field = 1 (1331+305=3C286), Spw = 2, Channels = 128, Corrs = [ RR RL LR LL ], Total Rows = 37206
2020-05-15 03:24:36	INFO	FlagMSHandler::	------------------------------------------------------------------------------------ 
2020-05-15 03:24:36	INFO	FlagMSHandler::	Chunk = 4 [progress: 13%], Observation = 0, Array = 0, Scan = 2, Field = 1 (1331+305=3C286), Spw = 3, Channels = 128, Corrs = [ RR RL LR LL ], Total Rows = 37206
2020-05-15 03:24:36	INFO	FlagMSHandler::	------------------------------------------------------------------------------------ 
2020-05-15 03:24:36	INFO	FlagMSHandler::	Chunk = 5 [progress: 16%], Observation = 0, Array = 0, Scan = 2, Field = 1 (1331+305=3C286), Spw = 4, Channels = 128, Corrs = [ RR RL LR LL ], Total Rows = 37206
2020-05-15 03:24:37	INFO	FlagMSHandler::	------------------------------------------------------------------------------------ 
2020-05-15 03:24:37	INFO	FlagMSHandler::	Chunk = 6 [progress: 20%], Observation = 0, Array = 0, Scan = 2, Field = 1 (1331+305=3C286), Spw = 5, Channels = 128, Corrs = [ RR RL LR LL ], Total Rows = 37206
2020-05-15 03:24:37	INFO	FlagMSHandler::	------------------------------------------------------------------------------------ 
2020-05-15 03:24:37	INFO	FlagMSHandler::	Chunk = 7 [progress: 23%], Observation = 0, Array = 0, Scan = 2, Field = 1 (1331+305=3C286), Spw = 6, Channels = 128, Corrs = [ RR RL LR LL ], Total Rows = 37206
2020-05-15 03:24:37	INFO	FlagMSHandler::	------------------------------------------------------------------------------------ 
2020-05-15 03:24:37	INFO	FlagMSHandler::	Chunk = 8 [progress: 27%], Observation = 0, Array = 0, Scan = 2, Field = 1 (1331+305=3C286), Spw = 7, Channels = 128, Corrs = [ RR RL LR LL ], Total Rows = 37206
2020-05-15 03:24:38	INFO	FlagMSHandler::	------------------------------------------------------------------------------------ 
2020-05-15 03:24:38	INFO	FlagMSHandler::	Chunk = 9 [progress: 29%], Observation = 0, Array = 0, Scan = 3, Field = 1 (1331+305=3C286), Spw = 0, Channels = 128, Corrs = [ RR RL LR LL ], Total Rows = 24921
2020-05-15 03:24:38	INFO	FlagMSHandler::	------------------------------------------------------------------------------------ 
2020-05-15 03:24:38	INFO	FlagMSHandler::	Chunk = 10 [progress: 31%], Observation = 0, Array = 0, Scan = 3, Field = 1 (1331+305=3C286), Spw = 1, Channels = 128, Corrs = [ RR RL LR LL ], Total Rows = 24921
2020-05-15 03:24:38	INFO	FlagMSHandler::	------------------------------------------------------------------------------------ 
2020-05-15 03:24:38	INFO	FlagMSHandler::	Chunk = 11 [progress: 33%], Observation = 0, Array = 0, Scan = 3, Field = 1 (1331+305=3C286), Spw = 2, Channels = 128, Corrs = [ RR RL LR LL ], Total Rows = 24921
2020-05-15 03:24:38	INFO	FlagMSHandler::	------------------------------------------------------------------------------------ 
2020-05-15 03:24:38	INFO	FlagMSHandler::	Chunk = 12 [progress: 36%], Observation = 0, Array = 0, Scan = 3, Field = 1 (1331+305=3C286), Spw = 3, Channels = 128, Corrs = [ RR RL LR LL ], Total Rows = 24921
2020-05-15 03:24:39	INFO	FlagMSHandler::	------------------------------------------------------------------------------------ 
2020-05-15 03:24:39	INFO	FlagMSHandler::	Chunk = 13 [progress: 38%], Observation = 0, Array = 0, Scan = 3, Field = 1 (1331+305=3C286), Spw = 4, Channels = 128, Corrs = [ RR RL LR LL ], Total Rows = 24921
2020-05-15 03:24:39	INFO	FlagMSHandler::	------------------------------------------------------------------------------------ 
2020-05-15 03:24:39	INFO	FlagMSHandler::	Chunk = 14 [progress: 40%], Observation = 0, Array = 0, Scan = 3, Field = 1 (1331+305=3C286), Spw = 5, Channels = 128, Corrs = [ RR RL LR LL ], Total Rows = 24921
2020-05-15 03:24:39	INFO	FlagMSHandler::	------------------------------------------------------------------------------------ 
2020-05-15 03:24:39	INFO	FlagMSHandler::	Chunk = 15 [progress: 42%], Observation = 0, Array = 0, Scan = 3, Field = 1 (1331+305=3C286), Spw = 6, Channels = 128, Corrs = [ RR RL LR LL ], Total Rows = 24921
2020-05-15 03:24:39	INFO	FlagMSHandler::	------------------------------------------------------------------------------------ 
2020-05-15 03:24:39	INFO	FlagMSHandler::	Chunk = 16 [progress: 45%], Observation = 0, Array = 0, Scan = 3, Field = 1 (1331+305=3C286), Spw = 7, Channels = 128, Corrs = [ RR RL LR LL ], Total Rows = 24921
2020-05-15 03:24:40	INFO	FlagMSHandler::	------------------------------------------------------------------------------------ 
2020-05-15 03:24:40	INFO	FlagMSHandler::	Chunk = 17 [progress: 47%], Observation = 0, Array = 0, Scan = 4, Field = 2 (J1923-2104), Spw = 0, Channels = 128, Corrs = [ RR RL LR LL ], Total Rows = 27027
2020-05-15 03:24:40	INFO	FlagMSHandler::	------------------------------------------------------------------------------------ 
2020-05-15 03:24:40	INFO	FlagMSHandler::	Chunk = 18 [progress: 50%], Observation = 0, Array = 0, Scan = 4, Field = 2 (J1923-2104), Spw = 1, Channels = 128, Corrs = [ RR RL LR LL ], Total Rows = 27027
2020-05-15 03:24:40	INFO	FlagMSHandler::	------------------------------------------------------------------------------------ 
2020-05-15 03:24:40	INFO	FlagMSHandler::	Chunk = 19 [progress: 52%], Observation = 0, Array = 0, Scan = 4, Field = 2 (J1923-2104), Spw = 2, Channels = 128, Corrs = [ RR RL LR LL ], Total Rows = 27027
2020-05-15 03:24:40	INFO	FlagMSHandler::	------------------------------------------------------------------------------------ 
2020-05-15 03:24:40	INFO	FlagMSHandler::	Chunk = 20 [progress: 55%], Observation = 0, Array = 0, Scan = 4, Field = 2 (J1923-2104), Spw = 3, Channels = 128, Corrs = [ RR RL LR LL ], Total Rows = 27027
2020-05-15 03:24:41	INFO	FlagMSHandler::	------------------------------------------------------------------------------------ 
2020-05-15 03:24:41	INFO	FlagMSHandler::	Chunk = 21 [progress: 57%], Observation = 0, Array = 0, Scan = 4, Field = 2 (J1923-2104), Spw = 4, Channels = 128, Corrs = [ RR RL LR LL ], Total Rows = 27027
2020-05-15 03:24:41	INFO	FlagMSHandler::	------------------------------------------------------------------------------------ 
2020-05-15 03:24:41	INFO	FlagMSHandler::	Chunk = 22 [progress: 60%], Observation = 0, Array = 0, Scan = 4, Field = 2 (J1923-2104), Spw = 5, Channels = 128, Corrs = [ RR RL LR LL ], Total Rows = 27027
2020-05-15 03:24:41	INFO	FlagMSHandler::	------------------------------------------------------------------------------------ 
2020-05-15 03:24:41	INFO	FlagMSHandler::	Chunk = 23 [progress: 62%], Observation = 0, Array = 0, Scan = 4, Field = 2 (J1923-2104), Spw = 6, Channels = 128, Corrs = [ RR RL LR LL ], Total Rows = 27027
2020-05-15 03:24:42	INFO	FlagMSHandler::	------------------------------------------------------------------------------------ 
2020-05-15 03:24:42	INFO	FlagMSHandler::	Chunk = 24 [progress: 64%], Observation = 0, Array = 0, Scan = 4, Field = 2 (J1923-2104), Spw = 7, Channels = 128, Corrs = [ RR RL LR LL ], Total Rows = 27027
2020-05-15 03:24:42	INFO	FlagMSHandler::	------------------------------------------------------------------------------------ 
2020-05-15 03:24:42	INFO	FlagMSHandler::	Chunk = 25 [progress: 66%], Observation = 0, Array = 0, Scan = 5, Field = 2 (J1923-2104), Spw = 0, Channels = 128, Corrs = [ RR RL LR LL ], Total Rows = 12285
2020-05-15 03:24:42	INFO	FlagMSHandler::	------------------------------------------------------------------------------------ 
2020-05-15 03:24:42	INFO	FlagMSHandler::	Chunk = 26 [progress: 67%], Observation = 0, Array = 0, Scan = 5, Field = 2 (J1923-2104), Spw = 1, Channels = 128, Corrs = [ RR RL LR LL ], Total Rows = 12285
2020-05-15 03:24:42	INFO	FlagMSHandler::	------------------------------------------------------------------------------------ 
2020-05-15 03:24:42	INFO	FlagMSHandler::	Chunk = 27 [progress: 68%], Observation = 0, Array = 0, Scan = 5, Field = 2 (J1923-2104), Spw = 2, Channels = 128, Corrs = [ RR RL LR LL ], Total Rows = 12285
2020-05-15 03:24:42	INFO	FlagMSHandler::	------------------------------------------------------------------------------------ 
2020-05-15 03:24:42	INFO	FlagMSHandler::	Chunk = 28 [progress: 69%], Observation = 0, Array = 0, Scan = 5, Field = 2 (J1923-2104), Spw = 3, Channels = 128, Corrs = [ RR RL LR LL ], Total Rows = 12285
2020-05-15 03:24:42	INFO	FlagMSHandler::	------------------------------------------------------------------------------------ 
2020-05-15 03:24:42	INFO	FlagMSHandler::	Chunk = 29 [progress: 70%], Observation = 0, Array = 0, Scan = 5, Field = 2 (J1923-2104), Spw = 4, Channels = 128, Corrs = [ RR RL LR LL ], Total Rows = 12285
2020-05-15 03:24:42	INFO	FlagMSHandler::	------------------------------------------------------------------------------------ 
2020-05-15 03:24:42	INFO	FlagMSHandler::	Chunk = 30 [progress: 71%], Observation = 0, Array = 0, Scan = 5, Field = 2 (J1923-2104), Spw = 5, Channels = 128, Corrs = [ RR RL LR LL ], Total Rows = 12285
2020-05-15 03:24:43	INFO	FlagMSHandler::	------------------------------------------------------------------------------------ 
2020-05-15 03:24:43	INFO	FlagMSHandler::	Chunk = 31 [progress: 72%], Observation = 0, Array = 0, Scan = 5, Field = 2 (J1923-2104), Spw = 6, Channels = 128, Corrs = [ RR RL LR LL ], Total Rows = 12285
2020-05-15 03:24:43	INFO	FlagMSHandler::	------------------------------------------------------------------------------------ 
2020-05-15 03:24:43	INFO	FlagMSHandler::	Chunk = 32 [progress: 73%], Observation = 0, Array = 0, Scan = 5, Field = 2 (J1923-2104), Spw = 7, Channels = 128, Corrs = [ RR RL LR LL ], Total Rows = 12285
2020-05-15 03:24:43	INFO	FlagMSHandler::	------------------------------------------------------------------------------------ 
2020-05-15 03:24:43	INFO	FlagMSHandler::	Chunk = 33 [progress: 75%], Observation = 0, Array = 0, Scan = 9, Field = 2 (J1923-2104), Spw = 0, Channels = 128, Corrs = [ RR RL LR LL ], Total Rows = 11934
2020-05-15 03:24:43	INFO	FlagMSHandler::	------------------------------------------------------------------------------------ 
2020-05-15 03:24:43	INFO	FlagMSHandler::	Chunk = 34 [progress: 76%], Observation = 0, Array = 0, Scan = 9, Field = 2 (J1923-2104), Spw = 1, Channels = 128, Corrs = [ RR RL LR LL ], Total Rows = 11934
2020-05-15 03:24:43	INFO	FlagMSHandler::	------------------------------------------------------------------------------------ 
2020-05-15 03:24:43	INFO	FlagMSHandler::	Chunk = 35 [progress: 77%], Observation = 0, Array = 0, Scan = 9, Field = 2 (J1923-2104), Spw = 2, Channels = 128, Corrs = [ RR RL LR LL ], Total Rows = 11934
2020-05-15 03:24:43	INFO	FlagMSHandler::	------------------------------------------------------------------------------------ 
2020-05-15 03:24:43	INFO	FlagMSHandler::	Chunk = 36 [progress: 78%], Observation = 0, Array = 0, Scan = 9, Field = 2 (J1923-2104), Spw = 3, Channels = 128, Corrs = [ RR RL LR LL ], Total Rows = 11934
2020-05-15 03:24:43	INFO	FlagMSHandler::	------------------------------------------------------------------------------------ 
2020-05-15 03:24:43	INFO	FlagMSHandler::	Chunk = 37 [progress: 79%], Observation = 0, Array = 0, Scan = 9, Field = 2 (J1923-2104), Spw = 4, Channels = 128, Corrs = [ RR RL LR LL ], Total Rows = 11934
2020-05-15 03:24:43	INFO	FlagMSHandler::	------------------------------------------------------------------------------------ 
2020-05-15 03:24:43	INFO	FlagMSHandler::	Chunk = 38 [progress: 80%], Observation = 0, Array = 0, Scan = 9, Field = 2 (J1923-2104), Spw = 5, Channels = 128, Corrs = [ RR RL LR LL ], Total Rows = 11934
2020-05-15 03:24:44	INFO	FlagMSHandler::	------------------------------------------------------------------------------------ 
2020-05-15 03:24:44	INFO	FlagMSHandler::	Chunk = 39 [progress: 81%], Observation = 0, Array = 0, Scan = 9, Field = 2 (J1923-2104), Spw = 6, Channels = 128, Corrs = [ RR RL LR LL ], Total Rows = 11934
2020-05-15 03:24:44	INFO	FlagMSHandler::	------------------------------------------------------------------------------------ 
2020-05-15 03:24:44	INFO	FlagMSHandler::	Chunk = 40 [progress: 82%], Observation = 0, Array = 0, Scan = 9, Field = 2 (J1923-2104), Spw = 7, Channels = 128, Corrs = [ RR RL LR LL ], Total Rows = 11934
2020-05-15 03:24:44	INFO	FlagMSHandler::	------------------------------------------------------------------------------------ 
2020-05-15 03:24:44	INFO	FlagMSHandler::	Chunk = 41 [progress: 83%], Observation = 0, Array = 0, Scan = 13, Field = 2 (J1923-2104), Spw = 0, Channels = 128, Corrs = [ RR RL LR LL ], Total Rows = 11934
2020-05-15 03:24:44	INFO	FlagMSHandler::	------------------------------------------------------------------------------------ 
2020-05-15 03:24:44	INFO	FlagMSHandler::	Chunk = 42 [progress: 84%], Observation = 0, Array = 0, Scan = 13, Field = 2 (J1923-2104), Spw = 1, Channels = 128, Corrs = [ RR RL LR LL ], Total Rows = 11934
2020-05-15 03:24:44	INFO	FlagMSHandler::	------------------------------------------------------------------------------------ 
2020-05-15 03:24:44	INFO	FlagMSHandler::	Chunk = 43 [progress: 85%], Observation = 0, Array = 0, Scan = 13, Field = 2 (J1923-2104), Spw = 2, Channels = 128, Corrs = [ RR RL LR LL ], Total Rows = 11934
2020-05-15 03:24:44	INFO	FlagMSHandler::	------------------------------------------------------------------------------------ 
2020-05-15 03:24:44	INFO	FlagMSHandler::	Chunk = 44 [progress: 86%], Observation = 0, Array = 0, Scan = 13, Field = 2 (J1923-2104), Spw = 3, Channels = 128, Corrs = [ RR RL LR LL ], Total Rows = 11934
2020-05-15 03:24:44	INFO	FlagMSHandler::	------------------------------------------------------------------------------------ 
2020-05-15 03:24:44	INFO	FlagMSHandler::	Chunk = 45 [progress: 88%], Observation = 0, Array = 0, Scan = 13, Field = 2 (J1923-2104), Spw = 4, Channels = 128, Corrs = [ RR RL LR LL ], Total Rows = 11934
2020-05-15 03:24:44	INFO	FlagMSHandler::	------------------------------------------------------------------------------------ 
2020-05-15 03:24:44	INFO	FlagMSHandler::	Chunk = 46 [progress: 89%], Observation = 0, Array = 0, Scan = 13, Field = 2 (J1923-2104), Spw = 5, Channels = 128, Corrs = [ RR RL LR LL ], Total Rows = 11934
2020-05-15 03:24:45	INFO	FlagMSHandler::	------------------------------------------------------------------------------------ 
2020-05-15 03:24:45	INFO	FlagMSHandler::	Chunk = 47 [progress: 90%], Observation = 0, Array = 0, Scan = 13, Field = 2 (J1923-2104), Spw = 6, Channels = 128, Corrs = [ RR RL LR LL ], Total Rows = 11934
2020-05-15 03:24:45	INFO	FlagMSHandler::	------------------------------------------------------------------------------------ 
2020-05-15 03:24:45	INFO	FlagMSHandler::	Chunk = 48 [progress: 91%], Observation = 0, Array = 0, Scan = 13, Field = 2 (J1923-2104), Spw = 7, Channels = 128, Corrs = [ RR RL LR LL ], Total Rows = 11934
2020-05-15 03:24:45	INFO	FlagMSHandler::	------------------------------------------------------------------------------------ 
2020-05-15 03:24:45	INFO	FlagMSHandler::	Chunk = 49 [progress: 92%], Observation = 0, Array = 0, Scan = 17, Field = 2 (J1923-2104), Spw = 0, Channels = 128, Corrs = [ RR RL LR LL ], Total Rows = 11934
2020-05-15 03:24:45	INFO	FlagMSHandler::	------------------------------------------------------------------------------------ 
2020-05-15 03:24:45	INFO	FlagMSHandler::	Chunk = 50 [progress: 93%], Observation = 0, Array = 0, Scan = 17, Field = 2 (J1923-2104), Spw = 1, Channels = 128, Corrs = [ RR RL LR LL ], Total Rows = 11934
2020-05-15 03:24:45	INFO	FlagMSHandler::	------------------------------------------------------------------------------------ 
2020-05-15 03:24:45	INFO	FlagMSHandler::	Chunk = 51 [progress: 94%], Observation = 0, Array = 0, Scan = 17, Field = 2 (J1923-2104), Spw = 2, Channels = 128, Corrs = [ RR RL LR LL ], Total Rows = 11934
2020-05-15 03:24:45	INFO	FlagMSHandler::	------------------------------------------------------------------------------------ 
2020-05-15 03:24:45	INFO	FlagMSHandler::	Chunk = 52 [progress: 95%], Observation = 0, Array = 0, Scan = 17, Field = 2 (J1923-2104), Spw = 3, Channels = 128, Corrs = [ RR RL LR LL ], Total Rows = 11934
2020-05-15 03:24:45	INFO	FlagMSHandler::	------------------------------------------------------------------------------------ 
2020-05-15 03:24:45	INFO	FlagMSHandler::	Chunk = 53 [progress: 96%], Observation = 0, Array = 0, Scan = 17, Field = 2 (J1923-2104), Spw = 4, Channels = 128, Corrs = [ RR RL LR LL ], Total Rows = 11934
2020-05-15 03:24:45	INFO	FlagMSHandler::	------------------------------------------------------------------------------------ 
2020-05-15 03:24:45	INFO	FlagMSHandler::	Chunk = 54 [progress: 97%], Observation = 0, Array = 0, Scan = 17, Field = 2 (J1923-2104), Spw = 5, Channels = 128, Corrs = [ RR RL LR LL ], Total Rows = 11934
2020-05-15 03:24:46	INFO	FlagMSHandler::	------------------------------------------------------------------------------------ 
2020-05-15 03:24:46	INFO	FlagMSHandler::	Chunk = 55 [progress: 98%], Observation = 0, Array = 0, Scan = 17, Field = 2 (J1923-2104), Spw = 6, Channels = 128, Corrs = [ RR RL LR LL ], Total Rows = 11934
2020-05-15 03:24:46	INFO	FlagMSHandler::	------------------------------------------------------------------------------------ 
2020-05-15 03:24:46	INFO	FlagMSHandler::	Chunk = 56 [progress: 100%], Observation = 0, Array = 0, Scan = 17, Field = 2 (J1923-2104), Spw = 7, Channels = 128, Corrs = [ RR RL LR LL ], Total Rows = 11934
2020-05-15 03:24:46	INFO	FlagMSHandler::nextChunk 	==================================================================================== 
2020-05-15 03:24:46	INFO	Summary::getResult 	 antenna ea01 flagged: 1.8366e+07 total: 4.16399e+07 (44.1%)
2020-05-15 03:24:46	INFO	Summary::getResult 	 antenna ea02 flagged: 1.86025e+07 total: 4.16399e+07 (44.7%)
2020-05-15 03:24:46	INFO	Summary::getResult 	 antenna ea03 flagged: 1.96306e+07 total: 4.16399e+07 (47.1%)
2020-05-15 03:24:46	INFO	Summary::getResult 	 antenna ea04 flagged: 1.86575e+07 total: 4.16399e+07 (44.8%)
2020-05-15 03:24:46	INFO	Summary::getResult 	 antenna ea05 flagged: 1.94004e+07 total: 4.16399e+07 (46.6%)
2020-05-15 03:24:46	INFO	Summary::getResult 	 antenna ea06 flagged: 1.88966e+07 total: 4.16399e+07 (45.4%)
2020-05-15 03:24:46	INFO	Summary::getResult 	 antenna ea07 flagged: 1.93217e+07 total: 4.16399e+07 (46.4%)
2020-05-15 03:24:46	INFO	Summary::getResult 	 antenna ea08 flagged: 1.85634e+07 total: 4.16399e+07 (44.6%)
2020-05-15 03:24:46	INFO	Summary::getResult 	 antenna ea09 flagged: 3.17427e+07 total: 4.16399e+07 (76.2%)
2020-05-15 03:24:46	INFO	Summary::getResult 	 antenna ea10 flagged: 1.89435e+07 total: 4.16399e+07 (45.5%)
2020-05-15 03:24:46	INFO	Summary::getResult 	 antenna ea11 flagged: 1.88993e+07 total: 4.16399e+07 (45.4%)
2020-05-15 03:24:46	INFO	Summary::getResult 	 antenna ea12 flagged: 1.87292e+07 total: 4.16399e+07 (45%)
2020-05-15 03:24:46	INFO	Summary::getResult 	 antenna ea13 flagged: 1.89591e+07 total: 4.16399e+07 (45.5%)
2020-05-15 03:24:46	INFO	Summary::getResult 	 antenna ea14 flagged: 1.90866e+07 total: 4.16399e+07 (45.8%)
2020-05-15 03:24:46	INFO	Summary::getResult 	 antenna ea15 flagged: 1.89887e+07 total: 4.16399e+07 (45.6%)
2020-05-15 03:24:46	INFO	Summary::getResult 	 antenna ea16 flagged: 1.86869e+07 total: 4.16399e+07 (44.9%)
2020-05-15 03:24:46	INFO	Summary::getResult 	 antenna ea17 flagged: 1.89853e+07 total: 4.16399e+07 (45.6%)
2020-05-15 03:24:46	INFO	Summary::getResult 	 antenna ea18 flagged: 1.84891e+07 total: 4.16399e+07 (44.4%)
2020-05-15 03:24:46	INFO	Summary::getResult 	 antenna ea19 flagged: 1.98279e+07 total: 4.16399e+07 (47.6%)
2020-05-15 03:24:46	INFO	Summary::getResult 	 antenna ea21 flagged: 1.85809e+07 total: 4.16399e+07 (44.6%)
2020-05-15 03:24:46	INFO	Summary::getResult 	 antenna ea22 flagged: 1.89859e+07 total: 4.16399e+07 (45.6%)
2020-05-15 03:24:46	INFO	Summary::getResult 	 antenna ea23 flagged: 1.85542e+07 total: 4.16399e+07 (44.6%)
2020-05-15 03:24:46	INFO	Summary::getResult 	 antenna ea24 flagged: 1.88681e+07 total: 4.16399e+07 (45.3%)
2020-05-15 03:24:46	INFO	Summary::getResult 	 antenna ea25 flagged: 2.28567e+07 total: 4.16399e+07 (54.9%)
2020-05-15 03:24:46	INFO	Summary::getResult 	 antenna ea26 flagged: 1.89713e+07 total: 4.16399e+07 (45.6%)
2020-05-15 03:24:46	INFO	Summary::getResult 	 antenna ea27 flagged: 1.84547e+07 total: 4.16399e+07 (44.3%)
2020-05-15 03:24:46	INFO	Summary::getResult 	 antenna ea28 flagged: 1.90889e+07 total: 4.16399e+07 (45.8%)
2020-05-15 03:24:46	INFO	Summary::getResult 	 array 0 flagged: 2.63569e+08 total: 5.62139e+08 (46.9%)
2020-05-15 03:24:46	INFO	Summary::getResult 	 correlation LL flagged: 6.79889e+07 total: 1.40535e+08 (48.4%)
2020-05-15 03:24:46	INFO	Summary::getResult 	 correlation LR flagged: 6.38598e+07 total: 1.40535e+08 (45.4%)
2020-05-15 03:24:46	INFO	Summary::getResult 	 correlation RL flagged: 6.5246e+07 total: 1.40535e+08 (46.4%)
2020-05-15 03:24:46	INFO	Summary::getResult 	 correlation RR flagged: 6.64741e+07 total: 1.40535e+08 (47.3%)
2020-05-15 03:24:46	INFO	Summary::getResult 	 field 1331+305=3C286 flagged: 1.2197e+08 total: 2.54472e+08 (47.9%)
2020-05-15 03:24:46	INFO	Summary::getResult 	 field J1923-2104 flagged: 1.41599e+08 total: 3.07667e+08 (46%)
2020-05-15 03:24:46	INFO	Summary::getResult 	 observation 0 flagged: 2.63569e+08 total: 5.62139e+08 (46.9%)
2020-05-15 03:24:46	INFO	Summary::getResult 	 scan 13 flagged: 1.17009e+07 total: 4.88817e+07 (23.9%)
2020-05-15 03:24:46	INFO	Summary::getResult 	 scan 17 flagged: 1.37817e+07 total: 4.88817e+07 (28.2%)
2020-05-15 03:24:46	INFO	Summary::getResult 	 scan 2 flagged: 1.002e+08 total: 1.52396e+08 (65.8%)
2020-05-15 03:24:46	INFO	Summary::getResult 	 scan 3 flagged: 2.17695e+07 total: 1.02076e+08 (21.3%)
2020-05-15 03:24:46	INFO	Summary::getResult 	 scan 4 flagged: 9.5129e+07 total: 1.10703e+08 (85.9%)
2020-05-15 03:24:46	INFO	Summary::getResult 	 scan 5 flagged: 9.36936e+06 total: 5.03194e+07 (18.6%)
2020-05-15 03:24:46	INFO	Summary::getResult 	 scan 9 flagged: 1.16181e+07 total: 4.88817e+07 (23.8%)
2020-05-15 03:24:46	INFO	Summary::getResult 	 spw 0 flagged: 3.71725e+07 total: 7.02674e+07 (52.9%)
2020-05-15 03:24:46	INFO	Summary::getResult 	 spw 1 flagged: 3.18108e+07 total: 7.02674e+07 (45.3%)
2020-05-15 03:24:46	INFO	Summary::getResult 	 spw 2 flagged: 3.1465e+07 total: 7.02674e+07 (44.8%)
2020-05-15 03:24:46	INFO	Summary::getResult 	 spw 3 flagged: 3.02684e+07 total: 7.02674e+07 (43.1%)
2020-05-15 03:24:46	INFO	Summary::getResult 	 spw 4 flagged: 3.566e+07 total: 7.02674e+07 (50.7%)
2020-05-15 03:24:46	INFO	Summary::getResult 	 spw 5 flagged: 3.05218e+07 total: 7.02674e+07 (43.4%)
2020-05-15 03:24:46	INFO	Summary::getResult 	 spw 6 flagged: 3.03043e+07 total: 7.02674e+07 (43.1%)
2020-05-15 03:24:46	INFO	Summary::getResult 	 spw 7 flagged: 3.63658e+07 total: 7.02674e+07 (51.8%)
2020-05-15 03:24:46	INFO	Summary::getResult 	 Total Flagged: 2.63569e+08 Total Counts: 5.62139e+08 (46.9%)
2020-05-15 03:24:46	INFO	flagdata::::	Flags are not written to the MS. (action='calculate')
2020-05-15 03:24:46	INFO	flagdata::::	##### End Task: flagdata             #####
2020-05-15 03:24:46	INFO	flagdata::::+	##########################################
2020-05-15 03:24:46	INFO	pipeline.hif.heuristics.findrefant::pipeline.hif.heuristics.findrefant::	Get good antennas {'ea23': 23085763.0, 'ea15': 22651222.0, 'ea14': 22553295.0, 'ea17': 22654602.0, 'ea16': 22953014.0, 'ea11': 22740613.0, 'ea10': 22696420.0, 'ea13': 22680871.0, 'ea12': 22910777.0, 'ea19': 21812075.0, 'ea18': 23150788.0, 'ea24': 22771875.0, 'ea25': 18783225.0, 'ea01': 23273934.0, 'ea21': 23059044.0, 'ea08': 23076581.0, 'ea09': 9897261.0, 'ea28': 22551029.0, 'ea22': 22654069.0, 'ea02': 23037459.0, 'ea03': 22009305.0, 'ea26': 22668659.0, 'ea27': 23185247.0, 'ea06': 22743365.0, 'ea07': 22318271.0, 'ea04': 22982454.0, 'ea05': 22239498.0}
2020-05-15 03:24:46	INFO	pipeline.hif.heuristics.findrefant::pipeline.hif.heuristics.findrefant::	Get good antenna score {'ea15': 26.277594239117462, 'ea14': 26.163989508606495, 'ea17': 26.281515363926012, 'ea16': 26.627701960485066, 'ea11': 26.381296389342687, 'ea10': 26.330028262518919, 'ea13': 26.311989928303483, 'ea12': 26.57870298162743, 'ea19': 25.30410307943642, 'ea18': 26.85713880601363, 'ea05': 25.799954833591947, 'ea24': 26.417563313533499, 'ea25': 21.790346015417935, 'ea27': 26.897114557427205, 'ea07': 25.891339083457055, 'ea08': 26.771051554928359, 'ea09': 11.481773859116382, 'ea28': 26.16136073085023, 'ea04': 26.661855189586774, 'ea02': 26.725666275413516, 'ea03': 25.532908832688104, 'ea26': 26.297822834764421, 'ea01': 27.0, 'ea06': 26.384488973802195, 'ea21': 26.750706949671677, 'ea22': 26.280897032706203, 'ea23': 26.781703557292893}
2020-05-15 03:24:46	INFO	pipeline.hif.heuristics.findrefant::pipeline.hif.heuristics.findrefant::	Antenna ea01 flagging score 27.0 total score 36.2125717081
2020-05-15 03:24:46	INFO	pipeline.hif.heuristics.findrefant::pipeline.hif.heuristics.findrefant::	Antenna ea02 flagging score 26.7256662754 total score 48.9946475
2020-05-15 03:24:46	INFO	pipeline.hif.heuristics.findrefant::pipeline.hif.heuristics.findrefant::	Antenna ea03 flagging score 25.5329088327 total score 42.2285970624
2020-05-15 03:24:46	INFO	pipeline.hif.heuristics.findrefant::pipeline.hif.heuristics.findrefant::	Antenna ea04 flagging score 26.6618551896 total score 48.946957124
2020-05-15 03:24:46	INFO	pipeline.hif.heuristics.findrefant::pipeline.hif.heuristics.findrefant::	Antenna ea05 flagging score 25.7999548336 total score 46.4106149172
2020-05-15 03:24:46	INFO	pipeline.hif.heuristics.findrefant::pipeline.hif.heuristics.findrefant::	Antenna ea06 flagging score 26.3844889738 total score 39.5639147476
2020-05-15 03:24:46	INFO	pipeline.hif.heuristics.findrefant::pipeline.hif.heuristics.findrefant::	Antenna ea07 flagging score 25.8913390835 total score 51.0995934264
2020-05-15 03:24:46	INFO	pipeline.hif.heuristics.findrefant::pipeline.hif.heuristics.findrefant::	Antenna ea08 flagging score 26.7710515549 total score 31.5840895093
2020-05-15 03:24:46	INFO	pipeline.hif.heuristics.findrefant::pipeline.hif.heuristics.findrefant::	Antenna ea09 flagging score 11.4817738591 total score 37.8521984216
2020-05-15 03:24:46	INFO	pipeline.hif.heuristics.findrefant::pipeline.hif.heuristics.findrefant::	Antenna ea10 flagging score 26.3300282625 total score 50.7580456842
2020-05-15 03:24:46	INFO	pipeline.hif.heuristics.findrefant::pipeline.hif.heuristics.findrefant::	Antenna ea11 flagging score 26.3812963893 total score 49.8149646493
2020-05-15 03:24:46	INFO	pipeline.hif.heuristics.findrefant::pipeline.hif.heuristics.findrefant::	Antenna ea12 flagging score 26.5787029816 total score 46.0629372268
2020-05-15 03:24:46	INFO	pipeline.hif.heuristics.findrefant::pipeline.hif.heuristics.findrefant::	Antenna ea13 flagging score 26.3119899283 total score 52.9345678492
2020-05-15 03:24:46	INFO	pipeline.hif.heuristics.findrefant::pipeline.hif.heuristics.findrefant::	Antenna ea14 flagging score 26.1639895086 total score 52.3676669065
2020-05-15 03:24:46	INFO	pipeline.hif.heuristics.findrefant::pipeline.hif.heuristics.findrefant::	Antenna ea15 flagging score 26.2775942391 total score 52.018766714
2020-05-15 03:24:46	INFO	pipeline.hif.heuristics.findrefant::pipeline.hif.heuristics.findrefant::	Antenna ea16 flagging score 26.6277019605 total score 46.3653053952
2020-05-15 03:24:46	INFO	pipeline.hif.heuristics.findrefant::pipeline.hif.heuristics.findrefant::	Antenna ea17 flagging score 26.2815153639 total score 49.7283251445
2020-05-15 03:24:46	INFO	pipeline.hif.heuristics.findrefant::pipeline.hif.heuristics.findrefant::	Antenna ea18 flagging score 26.857138806 total score 44.7215742383
2020-05-15 03:24:46	INFO	pipeline.hif.heuristics.findrefant::pipeline.hif.heuristics.findrefant::	Antenna ea19 flagging score 25.3041030794 total score 47.3994916411
2020-05-15 03:24:46	INFO	pipeline.hif.heuristics.findrefant::pipeline.hif.heuristics.findrefant::	Antenna ea21 flagging score 26.7507069497 total score 47.7102846784
2020-05-15 03:24:46	INFO	pipeline.hif.heuristics.findrefant::pipeline.hif.heuristics.findrefant::	Antenna ea22 flagging score 26.2808970327 total score 51.6365310095
2020-05-15 03:24:46	INFO	pipeline.hif.heuristics.findrefant::pipeline.hif.heuristics.findrefant::	Antenna ea23 flagging score 26.7817035573 total score 45.7673103705
2020-05-15 03:24:46	INFO	pipeline.hif.heuristics.findrefant::pipeline.hif.heuristics.findrefant::	Antenna ea24 flagging score 26.4175633135 total score 52.054782199
2020-05-15 03:24:46	INFO	pipeline.hif.heuristics.findrefant::pipeline.hif.heuristics.findrefant::	Antenna ea25 flagging score 21.7903460154 total score 46.4074797674
2020-05-15 03:24:46	INFO	pipeline.hif.heuristics.findrefant::pipeline.hif.heuristics.findrefant::	Antenna ea26 flagging score 26.2978228348 total score 52.7364997494
2020-05-15 03:24:46	INFO	pipeline.hif.heuristics.findrefant::pipeline.hif.heuristics.findrefant::	Antenna ea27 flagging score 26.8971145574 total score 26.8971145574
2020-05-15 03:24:46	INFO	pipeline.hif.heuristics.findrefant::pipeline.hif.heuristics.findrefant::	Antenna ea28 flagging score 26.1613607309 total score 50.3710740626
2020-05-15 03:24:46	INFO	pipeline.infrastructure.callibrary::pipeline.infrastructure.callibrary::	Consolidating calibrations for 13A-213_05_15_2013_continuum.ms
2020-05-15 03:24:46	INFO	pipeline.infrastructure.jobrequest::pipeline.infrastructure.jobrequest::	Executing gaincal(vis='13A-213_05_15_2013_continuum.ms', caltable='13A-213_05_15_2013_continuum.ms.hifv_semiFinalBPdcals.s9_1.semiFinaldelayinitialgain.tbl', field='1', spw='0:42~86,1:42~86,2:42~86,3:42~86,4:42~86,5:42~86,6:42~86,7:42~86', selectdata=True, scan='2,3', solint='int', combine='scan', preavg=-1.0, refant='ea13,ea26,ea14,ea24,ea15,ea22,ea07,ea10,ea28,ea11,ea17,ea02,ea04,ea21,ea19,ea05,ea25,ea16,ea12,ea23,ea18,ea03,ea06,ea09,ea01,ea08,ea27', minblperant=4, minsnr=3.0, solnorm=False, gaintype='G', smodel=[], calmode='p', append=False, docallib=False, gaintable=['13A-213_05_15_2013_continuum.ms.hifv_priorcals.s5_2.gc.tbl', '13A-213_05_15_2013_continuum.ms.hifv_priorcals.s5_3.opac.tbl', '13A-213_05_15_2013_continuum.ms.hifv_priorcals.s5_4.rq.tbl', '13A-213_05_15_2013_continuum.ms.hifv_priorcals.s5_6.ants.tbl'], gainfield=[''], interp=[''], spwmap=[], parang=True)
2020-05-15 03:24:46	INFO	gaincal::::	
2020-05-15 03:24:46	INFO	gaincal::::+	##########################################
2020-05-15 03:24:46	INFO	gaincal::::+	##### Begin Task: gaincal            #####
2020-05-15 03:24:46	INFO	gaincal::::	gaincal(vis="/mnt/ufs18/rs-033/ChomiukLab/LocalGroupX/NGC6822/13A-213_05_15_2013_continuum.ms",caltable="13A-213_05_15_2013_continuum.ms.hifv_semiFinalBPdcals.s9_1.semiFinaldelayinitialgain.tbl",field="1",spw="0:42~86,1:42~86,2:42~86,3:42~86,4:42~86,5:42~86,6:42~86,7:42~86",intent="",
2020-05-15 03:24:46	INFO	gaincal::::+	        selectdata=True,timerange="",uvrange="",antenna="",scan="2,3",
2020-05-15 03:24:46	INFO	gaincal::::+	        observation="",msselect="",solint="int",combine="scan",preavg=-1.0,
2020-05-15 03:24:46	INFO	gaincal::::+	        refant="ea13,ea26,ea14,ea24,ea15,ea22,ea07,ea10,ea28,ea11,ea17,ea02,ea04,ea21,ea19,ea05,ea25,ea16,ea12,ea23,ea18,ea03,ea06,ea09,ea01,ea08,ea27",refantmode="flex",minblperant=4,minsnr=3.0,solnorm=False,
2020-05-15 03:24:46	INFO	gaincal::::+	        normtype="mean",gaintype="G",smodel=[],calmode="p",solmode="",
2020-05-15 03:24:46	INFO	gaincal::::+	        rmsthresh=[],append=False,splinetime=3600.0,npointaver=3,phasewrap=180.0,
2020-05-15 03:24:46	INFO	gaincal::::+	        docallib=False,callib="",gaintable=['/mnt/ufs18/rs-033/ChomiukLab/LocalGroupX/NGC6822/13A-213_05_15_2013_continuum.ms.hifv_priorcals.s5_2.gc.tbl', '/mnt/ufs18/rs-033/ChomiukLab/LocalGroupX/NGC6822/13A-213_05_15_2013_continuum.ms.hifv_priorcals.s5_3.opac.tbl', '/mnt/ufs18/rs-033/ChomiukLab/LocalGroupX/NGC6822/13A-213_05_15_2013_continuum.ms.hifv_priorcals.s5_4.rq.tbl', '/mnt/ufs18/rs-033/ChomiukLab/LocalGroupX/NGC6822/13A-213_05_15_2013_continuum.ms.hifv_priorcals.s5_6.ants.tbl'],gainfield=[''],interp=[''],
2020-05-15 03:24:46	INFO	gaincal::::+	        spwmap=[],parang=True)
2020-05-15 03:24:46	INFO	gaincal::calibrater::open	****Using NEW VI2-driven calibrater tool****
2020-05-15 03:24:46	INFO	gaincal::calibrater::open	Opening MS: /mnt/ufs18/rs-033/ChomiukLab/LocalGroupX/NGC6822/13A-213_05_15_2013_continuum.ms for calibration.
2020-05-15 03:24:46	INFO	gaincal::Calibrater::	Initializing nominal selection to the whole MS.
2020-05-15 03:24:46	INFO	gaincal::::	NB: gaincal automatically excludes auto-correlations.
2020-05-15 03:24:46	INFO	calibrater::setdata	Beginning selectvis--(MSSelection version)-------
2020-05-15 03:24:46	INFO	calibrater::reset	Reseting solve/apply state
2020-05-15 03:24:46	INFO	Calibrater::selectvis	Performing selection on MeasurementSet
2020-05-15 03:24:46	INFO	Calibrater::selectvis+	 Selecting on spw: '0:42~86,1:42~86,2:42~86,3:42~86,4:42~86,5:42~86,6:42~86,7:42~86'
2020-05-15 03:24:46	INFO	Calibrater::selectvis+	 Selecting on scan: '2,3'
2020-05-15 03:24:46	INFO	Calibrater::selectvis+	 Selecting on field: '1'
2020-05-15 03:24:46	INFO	Calibrater::selectvis+	 Selecting with TaQL: 'ANTENNA1!=ANTENNA2'
2020-05-15 03:24:46	INFO	Calibrater::selectvis	By selection 3967704 rows are reduced to 497016
2020-05-15 03:24:46	INFO	Calibrater::selectvis	Frequency selection: 
2020-05-15 03:24:46	INFO	Calibrater::selectvis	.  Spw 0:42~86 (45 channels, step by 1)
2020-05-15 03:24:46	INFO	Calibrater::selectvis+	.  Spw 1:42~86 (45 channels, step by 1)
2020-05-15 03:24:46	INFO	Calibrater::selectvis+	.  Spw 2:42~86 (45 channels, step by 1)
2020-05-15 03:24:46	INFO	Calibrater::selectvis+	.  Spw 3:42~86 (45 channels, step by 1)
2020-05-15 03:24:46	INFO	Calibrater::selectvis+	.  Spw 4:42~86 (45 channels, step by 1)
2020-05-15 03:24:46	INFO	Calibrater::selectvis+	.  Spw 5:42~86 (45 channels, step by 1)
2020-05-15 03:24:46	INFO	Calibrater::selectvis+	.  Spw 6:42~86 (45 channels, step by 1)
2020-05-15 03:24:46	INFO	Calibrater::selectvis+	.  Spw 7:42~86 (45 channels, step by 1)
2020-05-15 03:24:46	INFO	calibrater::setdata	chanmode=none nchan=1 start=0 step=1 mStart='0km/s' mStep='0km/s' msSelect='ANTENNA1!=ANTENNA2'
2020-05-15 03:24:46	INFO	calibrater::setapply	Beginning setapply--(MSSelection version)-------
2020-05-15 03:24:46	INFO	Calibrater::setapply(type, applypar)	Arranging to APPLY:
2020-05-15 03:24:46	INFO	Calibrater::setapply(type, applypar)	.   EGainCurve: table=/mnt/ufs18/rs-033/ChomiukLab/LocalGroupX/NGC6822/13A-213_05_15_2013_continuum.ms.hifv_priorcals.s5_2.gc.tbl select= interp=linear spwmap=[-1] calWt=true
2020-05-15 03:24:46	INFO	calibrater::setapply	Beginning setapply--(MSSelection version)-------
2020-05-15 03:24:46	INFO	Calibrater::setapply(type, applypar)	Arranging to APPLY:
2020-05-15 03:24:46	INFO	Calibrater::setapply(type, applypar)	.   TOpac: table=/mnt/ufs18/rs-033/ChomiukLab/LocalGroupX/NGC6822/13A-213_05_15_2013_continuum.ms.hifv_priorcals.s5_3.opac.tbl select= interp=linear spwmap=[-1] calWt=true
2020-05-15 03:24:46	INFO	calibrater::setapply	Beginning setapply--(MSSelection version)-------
2020-05-15 03:24:46	INFO	Calibrater::setapply(type, applypar)	Arranging to APPLY:
2020-05-15 03:24:58	INFO	Calibrater::setapply(type, applypar)	.   G EVLASWPOW: table=/mnt/ufs18/rs-033/ChomiukLab/LocalGroupX/NGC6822/13A-213_05_15_2013_continuum.ms.hifv_priorcals.s5_4.rq.tbl select= interp=linear spwmap=[-1] calWt=true
2020-05-15 03:24:58	INFO	calibrater::setapply	Beginning setapply--(MSSelection version)-------
2020-05-15 03:24:58	INFO	Calibrater::setapply(type, applypar)	Arranging to APPLY:
2020-05-15 03:24:58	INFO		 (KAntPos Jones: Overriding with spwmap=[0] since KAntPos Jones is not spw-dependent)
2020-05-15 03:24:58	INFO		 (KAntPos Jones: Enforcing calWt()=false for phase/delay-like terms)
2020-05-15 03:24:58	INFO		No VLATrDelCorr keyword in the antpos caltable; turning trop delay correction OFF.
2020-05-15 03:24:58	INFO	Calibrater::setapply(type, applypar)	.   KAntPos Jones: table=/mnt/ufs18/rs-033/ChomiukLab/LocalGroupX/NGC6822/13A-213_05_15_2013_continuum.ms.hifv_priorcals.s5_6.ants.tbl select= interp=linear spwmap=[0] calWt=false
2020-05-15 03:24:58	INFO	calibrater::setapply	Beginning setapply--(MSSelection version)-------
2020-05-15 03:24:58	INFO	Calibrater::setapply(type, applypar)	Arranging to APPLY:
2020-05-15 03:24:58	INFO	Calibrater::setapply(type, applypar)	.   P Jones <pre-computed>
2020-05-15 03:24:58	INFO	calibrater::setsolve	Beginning setsolve--(MSSelection version)-------
2020-05-15 03:24:58	INFO	Calibrater::setsolve	Arranging to SOLVE:
2020-05-15 03:24:58	INFO	Calibrater::setsolve	.   G Jones: table=13A-213_05_15_2013_continuum.ms.hifv_semiFinalBPdcals.s9_1.semiFinaldelayinitialgain.tbl append=false solint=int refantmode='flex' refant='ea13,ea26,ea14,ea24,ea15,ea22,ea07,ea10,ea28,ea11,ea17,ea02,ea04,ea21,ea19,ea05,ea25,ea16,ea12,ea23,ea18,ea03,ea06,ea09,ea01,ea08,ea27' minsnr=3 apmode=P solnorm=false
2020-05-15 03:24:58	INFO	calibrater::solve	Beginning solve-----------------------------
2020-05-15 03:24:58	INFO	Calibrater::solve	The following calibration terms are arranged for apply:
2020-05-15 03:24:58	INFO	Calibrater::solve	.   KAntPos Jones: table=/mnt/ufs18/rs-033/ChomiukLab/LocalGroupX/NGC6822/13A-213_05_15_2013_continuum.ms.hifv_priorcals.s5_6.ants.tbl select= interp=linear spwmap=[0] calWt=false
2020-05-15 03:24:58	INFO	Calibrater::solve	.   G EVLASWPOW: table=/mnt/ufs18/rs-033/ChomiukLab/LocalGroupX/NGC6822/13A-213_05_15_2013_continuum.ms.hifv_priorcals.s5_4.rq.tbl select= interp=linear spwmap=[-1] calWt=true
2020-05-15 03:24:58	INFO	Calibrater::solve	.   P Jones <pre-computed>
2020-05-15 03:24:58	INFO	Calibrater::solve	.   EGainCurve: table=/mnt/ufs18/rs-033/ChomiukLab/LocalGroupX/NGC6822/13A-213_05_15_2013_continuum.ms.hifv_priorcals.s5_2.gc.tbl select= interp=linear spwmap=[-1] calWt=true
2020-05-15 03:24:58	INFO	Calibrater::solve	.   TOpac: table=/mnt/ufs18/rs-033/ChomiukLab/LocalGroupX/NGC6822/13A-213_05_15_2013_continuum.ms.hifv_priorcals.s5_3.opac.tbl select= interp=linear spwmap=[-1] calWt=true
2020-05-15 03:24:58	INFO	Calibrater::solve	The following calibration term is arranged for solve:
2020-05-15 03:24:58	INFO	Calibrater::solve	.   G Jones: table=13A-213_05_15_2013_continuum.ms.hifv_semiFinalBPdcals.s9_1.semiFinaldelayinitialgain.tbl append=false solint=int refantmode='flex' refant='ea13,ea26,ea14,ea24,ea15,ea22,ea07,ea10,ea28,ea11,ea17,ea02,ea04,ea21,ea19,ea05,ea25,ea16,ea12,ea23,ea18,ea03,ea06,ea09,ea01,ea08,ea27' minsnr=3 apmode=P solnorm=false
2020-05-15 03:24:58	INFO	ChannelAverageTVI::parseConfiguration	Channel bin is [-1, -1, -1, -1, -1, -1, -1, -1]
2020-05-15 03:24:58	INFO	Calibrater::solve	For solint = int, found 1416 solution intervals.
2020-05-15 03:25:20	INFO	Calibrater::solve	  Found good G Jones solutions in 954 solution intervals.
2020-05-15 03:25:20	INFO		Applying refant: ea13 (ea26,ea14,ea24,ea15,ea22,ea07,ea10,ea28,ea11,ea17,ea02,ea04,ea21,ea19,ea05,ea25,ea16,ea12,ea23,ea18,ea03,ea06,ea09,ea01,ea08,ea27) refantmode = flex (hold alternate refants' phase constant) when refant flagged
2020-05-15 03:25:20	INFO		At 2013/05/15/09:13:17.5 (Spw=0, Fld=1), using refant ea11 (id=10) (alternate)
2020-05-15 03:25:20	INFO		At 2013/05/15/09:13:17.5 (Spw=1, Fld=1), using refant ea11 (id=10) (alternate)
2020-05-15 03:25:20	INFO		At 2013/05/15/09:13:17.5 (Spw=2, Fld=1), using refant ea11 (id=10) (alternate)
2020-05-15 03:25:20	INFO		At 2013/05/15/09:13:17.5 (Spw=3, Fld=1), using refant ea11 (id=10) (alternate)
2020-05-15 03:25:20	INFO		At 2013/05/15/09:13:22.5 (Spw=4, Fld=1), using refant ea24 (id=22) (alternate)
2020-05-15 03:25:20	INFO		At 2013/05/15/09:19:17.5 (Spw=4, Fld=1), using refant ea26 (id=24) (alternate)
2020-05-15 03:25:20	INFO		At 2013/05/15/09:19:32.5 (Spw=4, Fld=1), using refant ea26 (id=24) (alternate)
2020-05-15 03:25:20	INFO		At 2013/05/15/09:19:47.5 (Spw=4, Fld=1), using refant ea14 (id=13) (alternate)
2020-05-15 03:25:20	INFO		At 2013/05/15/09:20:07.5 (Spw=4, Fld=1), using refant ea10 (id=9) (alternate)
2020-05-15 03:25:20	INFO		At 2013/05/15/09:20:12.5 (Spw=4, Fld=1), using refant ea04 (id=3) (alternate)
2020-05-15 03:25:20	INFO		At 2013/05/15/09:20:37.5 (Spw=4, Fld=1), using refant ea14 (id=13) (alternate)
2020-05-15 03:25:20	INFO		At 2013/05/15/09:20:52.5 (Spw=4, Fld=1), using refant ea26 (id=24) (alternate)
2020-05-15 03:25:20	INFO		At 2013/05/15/09:21:27.5 (Spw=4, Fld=1), using refant ea26 (id=24) (alternate)
2020-05-15 03:25:20	INFO		At 2013/05/15/09:23:02.5 (Spw=4, Fld=1), using refant ea26 (id=24) (alternate)
2020-05-15 03:25:20	INFO		At 2013/05/15/09:13:17.5 (Spw=5, Fld=1), using refant ea11 (id=10) (alternate)
2020-05-15 03:25:20	INFO		At 2013/05/15/09:13:17.5 (Spw=6, Fld=1), using refant ea11 (id=10) (alternate)
2020-05-15 03:25:20	INFO		At 2013/05/15/09:13:17.5 (Spw=7, Fld=1), using refant ea11 (id=10) (alternate)
2020-05-15 03:25:20	INFO		 NB: An alternate refant was used at least once to maintain
2020-05-15 03:25:20	INFO	+	  phase continuity where the user's preferred refant drops out.
2020-05-15 03:25:20	INFO	+	  Alternate refants are held constant in phase (_not_ zeroed)
2020-05-15 03:25:20	INFO	+	  during these periods, and the preferred refant may return at
2020-05-15 03:25:20	INFO	+	  a non-zero phase.  This is generally harmless.
2020-05-15 03:25:20	INFO		Enforcing apmode on solutions.
2020-05-15 03:25:34	INFO		Writing solutions to table: 13A-213_05_15_2013_continuum.ms.hifv_semiFinalBPdcals.s9_1.semiFinaldelayinitialgain.tbl
2020-05-15 03:25:35	INFO	calibrater::solve	Finished solving.
2020-05-15 03:25:35	INFO	gaincal::::	Calibration solve statistics per spw:  (expected/attempted/succeeded):
2020-05-15 03:25:35	INFO	gaincal::::	  Spw 0: 177/120/120
2020-05-15 03:25:35	INFO	gaincal::::	  Spw 1: 177/120/120
2020-05-15 03:25:35	INFO	gaincal::::	  Spw 2: 177/120/120
2020-05-15 03:25:35	INFO	gaincal::::	  Spw 3: 177/120/120
2020-05-15 03:25:35	INFO	gaincal::::	  Spw 4: 177/116/114
2020-05-15 03:25:35	INFO	gaincal::::	  Spw 5: 177/120/120
2020-05-15 03:25:35	INFO	gaincal::::	  Spw 6: 177/120/120
2020-05-15 03:25:35	INFO	gaincal::::	  Spw 7: 177/120/120
2020-05-15 03:25:36	INFO	gaincal::::	##### End Task: gaincal              #####
2020-05-15 03:25:36	INFO	gaincal::::+	##########################################
2020-05-15 03:25:36	INFO	pipeline.infrastructure.callibrary::pipeline.infrastructure.callibrary::	Consolidating calibrations for 13A-213_05_15_2013_continuum.ms
2020-05-15 03:25:36	INFO	pipeline.infrastructure.jobrequest::pipeline.infrastructure.jobrequest::	Executing gaincal(vis='13A-213_05_15_2013_continuum.ms', caltable='13A-213_05_15_2013_continuum.ms.hifv_semiFinalBPdcals.s9_2.delay.tbl', field='1', selectdata=True, scan='2,3', solint='inf', combine='scan', preavg=-1.0, refant='ea13,ea26,ea14,ea24,ea15,ea22,ea07,ea10,ea28,ea11,ea17,ea02,ea04,ea21,ea19,ea05,ea25,ea16,ea12,ea23,ea18,ea03,ea06,ea09,ea01,ea08,ea27', minblperant=4, minsnr=3.0, solnorm=False, gaintype='K', smodel=[], calmode='p', append=False, docallib=False, gaintable=['13A-213_05_15_2013_continuum.ms.hifv_priorcals.s5_2.gc.tbl', '13A-213_05_15_2013_continuum.ms.hifv_priorcals.s5_3.opac.tbl', '13A-213_05_15_2013_continuum.ms.hifv_priorcals.s5_4.rq.tbl', '13A-213_05_15_2013_continuum.ms.hifv_priorcals.s5_6.ants.tbl', '13A-213_05_15_2013_continuum.ms.hifv_semiFinalBPdcals.s9_1.semiFinaldelayinitialgain.tbl'], gainfield=[''], interp=[''], spwmap=[], parang=True)
2020-05-15 03:25:37	INFO	gaincal::::	
2020-05-15 03:25:37	INFO	gaincal::::+	##########################################
2020-05-15 03:25:37	INFO	gaincal::::+	##### Begin Task: gaincal            #####
2020-05-15 03:25:37	INFO	gaincal::::	gaincal(vis="/mnt/ufs18/rs-033/ChomiukLab/LocalGroupX/NGC6822/13A-213_05_15_2013_continuum.ms",caltable="13A-213_05_15_2013_continuum.ms.hifv_semiFinalBPdcals.s9_2.delay.tbl",field="1",spw="",intent="",
2020-05-15 03:25:37	INFO	gaincal::::+	        selectdata=True,timerange="",uvrange="",antenna="",scan="2,3",
2020-05-15 03:25:37	INFO	gaincal::::+	        observation="",msselect="",solint="inf",combine="scan",preavg=-1.0,
2020-05-15 03:25:37	INFO	gaincal::::+	        refant="ea13,ea26,ea14,ea24,ea15,ea22,ea07,ea10,ea28,ea11,ea17,ea02,ea04,ea21,ea19,ea05,ea25,ea16,ea12,ea23,ea18,ea03,ea06,ea09,ea01,ea08,ea27",refantmode="flex",minblperant=4,minsnr=3.0,solnorm=False,
2020-05-15 03:25:37	INFO	gaincal::::+	        normtype="mean",gaintype="K",smodel=[],calmode="p",solmode="",
2020-05-15 03:25:37	INFO	gaincal::::+	        rmsthresh=[],append=False,splinetime=3600.0,npointaver=3,phasewrap=180.0,
2020-05-15 03:25:37	INFO	gaincal::::+	        docallib=False,callib="",gaintable=['/mnt/ufs18/rs-033/ChomiukLab/LocalGroupX/NGC6822/13A-213_05_15_2013_continuum.ms.hifv_priorcals.s5_2.gc.tbl', '/mnt/ufs18/rs-033/ChomiukLab/LocalGroupX/NGC6822/13A-213_05_15_2013_continuum.ms.hifv_priorcals.s5_3.opac.tbl', '/mnt/ufs18/rs-033/ChomiukLab/LocalGroupX/NGC6822/13A-213_05_15_2013_continuum.ms.hifv_priorcals.s5_4.rq.tbl', '/mnt/ufs18/rs-033/ChomiukLab/LocalGroupX/NGC6822/13A-213_05_15_2013_continuum.ms.hifv_priorcals.s5_6.ants.tbl', '13A-213_05_15_2013_continuum.ms.hifv_semiFinalBPdcals.s9_1.semiFinaldelayinitialgain.tbl'],gainfield=[''],interp=[''],
2020-05-15 03:25:37	INFO	gaincal::::+	        spwmap=[],parang=True)
2020-05-15 03:25:37	INFO	gaincal::calibrater::open	****Using NEW VI2-driven calibrater tool****
2020-05-15 03:25:37	INFO	gaincal::calibrater::open	Opening MS: /mnt/ufs18/rs-033/ChomiukLab/LocalGroupX/NGC6822/13A-213_05_15_2013_continuum.ms for calibration.
2020-05-15 03:25:37	INFO	gaincal::Calibrater::	Initializing nominal selection to the whole MS.
2020-05-15 03:25:37	INFO	gaincal::::	NB: gaincal automatically excludes auto-correlations.
2020-05-15 03:25:37	INFO	calibrater::setdata	Beginning selectvis--(MSSelection version)-------
2020-05-15 03:25:37	INFO	calibrater::reset	Reseting solve/apply state
2020-05-15 03:25:37	INFO	Calibrater::selectvis	Performing selection on MeasurementSet
2020-05-15 03:25:37	INFO	Calibrater::selectvis+	 Selecting on scan: '2,3'
2020-05-15 03:25:37	INFO	Calibrater::selectvis+	 Selecting on field: '1'
2020-05-15 03:25:37	INFO	Calibrater::selectvis+	 Selecting with TaQL: 'ANTENNA1!=ANTENNA2'
2020-05-15 03:25:37	INFO	Calibrater::selectvis	By selection 3967704 rows are reduced to 497016
2020-05-15 03:25:37	INFO	Calibrater::selectvis	Frequency selection: Selecting all channels in all spws.
2020-05-15 03:25:37	INFO	calibrater::setdata	chanmode=none nchan=1 start=0 step=1 mStart='0km/s' mStep='0km/s' msSelect='ANTENNA1!=ANTENNA2'
2020-05-15 03:25:37	INFO	calibrater::setapply	Beginning setapply--(MSSelection version)-------
2020-05-15 03:25:37	INFO	Calibrater::setapply(type, applypar)	Arranging to APPLY:
2020-05-15 03:25:37	INFO	Calibrater::setapply(type, applypar)	.   EGainCurve: table=/mnt/ufs18/rs-033/ChomiukLab/LocalGroupX/NGC6822/13A-213_05_15_2013_continuum.ms.hifv_priorcals.s5_2.gc.tbl select= interp=linear spwmap=[-1] calWt=true
2020-05-15 03:25:37	INFO	calibrater::setapply	Beginning setapply--(MSSelection version)-------
2020-05-15 03:25:37	INFO	Calibrater::setapply(type, applypar)	Arranging to APPLY:
2020-05-15 03:25:37	INFO	Calibrater::setapply(type, applypar)	.   TOpac: table=/mnt/ufs18/rs-033/ChomiukLab/LocalGroupX/NGC6822/13A-213_05_15_2013_continuum.ms.hifv_priorcals.s5_3.opac.tbl select= interp=linear spwmap=[-1] calWt=true
2020-05-15 03:25:37	INFO	calibrater::setapply	Beginning setapply--(MSSelection version)-------
2020-05-15 03:25:37	INFO	Calibrater::setapply(type, applypar)	Arranging to APPLY:
2020-05-15 03:25:48	INFO	Calibrater::setapply(type, applypar)	.   G EVLASWPOW: table=/mnt/ufs18/rs-033/ChomiukLab/LocalGroupX/NGC6822/13A-213_05_15_2013_continuum.ms.hifv_priorcals.s5_4.rq.tbl select= interp=linear spwmap=[-1] calWt=true
2020-05-15 03:25:48	INFO	calibrater::setapply	Beginning setapply--(MSSelection version)-------
2020-05-15 03:25:48	INFO	Calibrater::setapply(type, applypar)	Arranging to APPLY:
2020-05-15 03:25:48	INFO		 (KAntPos Jones: Overriding with spwmap=[0] since KAntPos Jones is not spw-dependent)
2020-05-15 03:25:48	INFO		 (KAntPos Jones: Enforcing calWt()=false for phase/delay-like terms)
2020-05-15 03:25:48	INFO		No VLATrDelCorr keyword in the antpos caltable; turning trop delay correction OFF.
2020-05-15 03:25:48	INFO	Calibrater::setapply(type, applypar)	.   KAntPos Jones: table=/mnt/ufs18/rs-033/ChomiukLab/LocalGroupX/NGC6822/13A-213_05_15_2013_continuum.ms.hifv_priorcals.s5_6.ants.tbl select= interp=linear spwmap=[0] calWt=false
2020-05-15 03:25:48	INFO	calibrater::setapply	Beginning setapply--(MSSelection version)-------
2020-05-15 03:25:48	INFO	Calibrater::setapply(type, applypar)	Arranging to APPLY:
2020-05-15 03:25:48	INFO	Calibrater::setapply(type, applypar)	.   G Jones: table=13A-213_05_15_2013_continuum.ms.hifv_semiFinalBPdcals.s9_1.semiFinaldelayinitialgain.tbl select= interp=linear spwmap=[-1] calWt=true
2020-05-15 03:25:48	INFO	calibrater::setapply	Beginning setapply--(MSSelection version)-------
2020-05-15 03:25:48	INFO	Calibrater::setapply(type, applypar)	Arranging to APPLY:
2020-05-15 03:25:48	INFO	Calibrater::setapply(type, applypar)	.   P Jones <pre-computed>
2020-05-15 03:25:48	INFO	calibrater::setsolve	Beginning setsolve--(MSSelection version)-------
2020-05-15 03:25:48	INFO	Calibrater::setsolve	Arranging to SOLVE:
2020-05-15 03:25:48	INFO	Calibrater::setsolve	.   K Jones: table=13A-213_05_15_2013_continuum.ms.hifv_semiFinalBPdcals.s9_2.delay.tbl append=false solint=inf refantmode='flex' refant='ea13,ea26,ea14,ea24,ea15,ea22,ea07,ea10,ea28,ea11,ea17,ea02,ea04,ea21,ea19,ea05,ea25,ea16,ea12,ea23,ea18,ea03,ea06,ea09,ea01,ea08,ea27' minsnr=3 apmode=P solnorm=false
2020-05-15 03:25:48	INFO	calibrater::solve	Beginning solve-----------------------------
2020-05-15 03:25:48	INFO	Calibrater::solve	The following calibration terms are arranged for apply:
2020-05-15 03:25:48	INFO	Calibrater::solve	.   KAntPos Jones: table=/mnt/ufs18/rs-033/ChomiukLab/LocalGroupX/NGC6822/13A-213_05_15_2013_continuum.ms.hifv_priorcals.s5_6.ants.tbl select= interp=linear spwmap=[0] calWt=false
2020-05-15 03:25:48	INFO	Calibrater::solve	.   G EVLASWPOW: table=/mnt/ufs18/rs-033/ChomiukLab/LocalGroupX/NGC6822/13A-213_05_15_2013_continuum.ms.hifv_priorcals.s5_4.rq.tbl select= interp=linear spwmap=[-1] calWt=true
2020-05-15 03:25:48	INFO	Calibrater::solve	.   G Jones: table=13A-213_05_15_2013_continuum.ms.hifv_semiFinalBPdcals.s9_1.semiFinaldelayinitialgain.tbl select= interp=linear spwmap=[-1] calWt=true
2020-05-15 03:25:48	INFO	Calibrater::solve	.   P Jones <pre-computed>
2020-05-15 03:25:48	INFO	Calibrater::solve	.   EGainCurve: table=/mnt/ufs18/rs-033/ChomiukLab/LocalGroupX/NGC6822/13A-213_05_15_2013_continuum.ms.hifv_priorcals.s5_2.gc.tbl select= interp=linear spwmap=[-1] calWt=true
2020-05-15 03:25:48	INFO	Calibrater::solve	.   TOpac: table=/mnt/ufs18/rs-033/ChomiukLab/LocalGroupX/NGC6822/13A-213_05_15_2013_continuum.ms.hifv_priorcals.s5_3.opac.tbl select= interp=linear spwmap=[-1] calWt=true
2020-05-15 03:25:48	INFO	Calibrater::solve	The following calibration term is arranged for solve:
2020-05-15 03:25:48	INFO	Calibrater::solve	.   K Jones: table=13A-213_05_15_2013_continuum.ms.hifv_semiFinalBPdcals.s9_2.delay.tbl append=false solint=inf refantmode='flex' refant='ea13,ea26,ea14,ea24,ea15,ea22,ea07,ea10,ea28,ea11,ea17,ea02,ea04,ea21,ea19,ea05,ea25,ea16,ea12,ea23,ea18,ea03,ea06,ea09,ea01,ea08,ea27' minsnr=3 apmode=P solnorm=false
2020-05-15 03:25:49	INFO	Calibrater::solve	For solint = inf, found 8 solution intervals.
2020-05-15 03:26:29	INFO	Calibrater::solve	  Found good K Jones solutions in 8 solution intervals.
2020-05-15 03:26:29	INFO		Writing solutions to table: 13A-213_05_15_2013_continuum.ms.hifv_semiFinalBPdcals.s9_2.delay.tbl
2020-05-15 03:26:29	INFO	calibrater::solve	Finished solving.
2020-05-15 03:26:29	INFO	gaincal::::	Calibration solve statistics per spw:  (expected/attempted/succeeded):
2020-05-15 03:26:29	INFO	gaincal::::	  Spw 0: 1/1/1
2020-05-15 03:26:29	INFO	gaincal::::	  Spw 1: 1/1/1
2020-05-15 03:26:29	INFO	gaincal::::	  Spw 2: 1/1/1
2020-05-15 03:26:29	INFO	gaincal::::	  Spw 3: 1/1/1
2020-05-15 03:26:29	INFO	gaincal::::	  Spw 4: 1/1/1
2020-05-15 03:26:29	INFO	gaincal::::	  Spw 5: 1/1/1
2020-05-15 03:26:29	INFO	gaincal::::	  Spw 6: 1/1/1
2020-05-15 03:26:29	INFO	gaincal::::	  Spw 7: 1/1/1
2020-05-15 03:26:31	INFO	gaincal::::	##### End Task: gaincal              #####
2020-05-15 03:26:31	INFO	gaincal::::+	##########################################
2020-05-15 03:26:31	INFO	pipeline.hifv.tasks.semiFinalBPdcals.semiFinalBPdcals::pipeline.hifv.tasks.semiFinalBPdcals.semiFinalBPdcals::	Fraction of flagged solutions = 0.0300925925926
2020-05-15 03:26:31	INFO	pipeline.hifv.tasks.semiFinalBPdcals.semiFinalBPdcals::pipeline.hifv.tasks.semiFinalBPdcals.semiFinalBPdcals::	Median fraction of flagged solutions per antenna = 0.0
2020-05-15 03:26:31	INFO	pipeline.hifv.tasks.semiFinalBPdcals.semiFinalBPdcals::pipeline.hifv.tasks.semiFinalBPdcals.semiFinalBPdcals::	Delay calibration complete
2020-05-15 03:26:31	INFO	pipeline.infrastructure.callibrary::pipeline.infrastructure.callibrary::	Consolidating calibrations for 13A-213_05_15_2013_continuum.ms
2020-05-15 03:26:31	INFO	pipeline.infrastructure.jobrequest::pipeline.infrastructure.jobrequest::	Executing gaincal(vis='13A-213_05_15_2013_continuum.ms', caltable='13A-213_05_15_2013_continuum.ms.hifv_semiFinalBPdcals.s9_3.BPinitialgain.tbl', field='1', spw='0:42~86,1:42~86,2:42~86,3:42~86,4:42~86,5:42~86,6:42~86,7:42~86', selectdata=True, scan='2,3', solint='int', combine='scan', preavg=-1.0, refant='ea13,ea26,ea14,ea24,ea15,ea22,ea07,ea10,ea28,ea11,ea17,ea02,ea04,ea21,ea19,ea05,ea25,ea16,ea12,ea23,ea18,ea03,ea06,ea09,ea01,ea08,ea27', minblperant=4, minsnr=3.0, solnorm=False, gaintype='G', smodel=[], calmode='p', append=False, docallib=False, gaintable=['13A-213_05_15_2013_continuum.ms.hifv_priorcals.s5_2.gc.tbl', '13A-213_05_15_2013_continuum.ms.hifv_priorcals.s5_3.opac.tbl', '13A-213_05_15_2013_continuum.ms.hifv_priorcals.s5_4.rq.tbl', '13A-213_05_15_2013_continuum.ms.hifv_priorcals.s5_6.ants.tbl', '13A-213_05_15_2013_continuum.ms.hifv_semiFinalBPdcals.s9_2.delay.tbl'], gainfield=[''], interp=[''], spwmap=[], parang=True)
2020-05-15 03:26:31	INFO	gaincal::::	
2020-05-15 03:26:31	INFO	gaincal::::+	##########################################
2020-05-15 03:26:31	INFO	gaincal::::+	##### Begin Task: gaincal            #####
2020-05-15 03:26:31	INFO	gaincal::::	gaincal(vis="/mnt/ufs18/rs-033/ChomiukLab/LocalGroupX/NGC6822/13A-213_05_15_2013_continuum.ms",caltable="13A-213_05_15_2013_continuum.ms.hifv_semiFinalBPdcals.s9_3.BPinitialgain.tbl",field="1",spw="0:42~86,1:42~86,2:42~86,3:42~86,4:42~86,5:42~86,6:42~86,7:42~86",intent="",
2020-05-15 03:26:31	INFO	gaincal::::+	        selectdata=True,timerange="",uvrange="",antenna="",scan="2,3",
2020-05-15 03:26:31	INFO	gaincal::::+	        observation="",msselect="",solint="int",combine="scan",preavg=-1.0,
2020-05-15 03:26:31	INFO	gaincal::::+	        refant="ea13,ea26,ea14,ea24,ea15,ea22,ea07,ea10,ea28,ea11,ea17,ea02,ea04,ea21,ea19,ea05,ea25,ea16,ea12,ea23,ea18,ea03,ea06,ea09,ea01,ea08,ea27",refantmode="flex",minblperant=4,minsnr=3.0,solnorm=False,
2020-05-15 03:26:31	INFO	gaincal::::+	        normtype="mean",gaintype="G",smodel=[],calmode="p",solmode="",
2020-05-15 03:26:31	INFO	gaincal::::+	        rmsthresh=[],append=False,splinetime=3600.0,npointaver=3,phasewrap=180.0,
2020-05-15 03:26:31	INFO	gaincal::::+	        docallib=False,callib="",gaintable=['/mnt/ufs18/rs-033/ChomiukLab/LocalGroupX/NGC6822/13A-213_05_15_2013_continuum.ms.hifv_priorcals.s5_2.gc.tbl', '/mnt/ufs18/rs-033/ChomiukLab/LocalGroupX/NGC6822/13A-213_05_15_2013_continuum.ms.hifv_priorcals.s5_3.opac.tbl', '/mnt/ufs18/rs-033/ChomiukLab/LocalGroupX/NGC6822/13A-213_05_15_2013_continuum.ms.hifv_priorcals.s5_4.rq.tbl', '/mnt/ufs18/rs-033/ChomiukLab/LocalGroupX/NGC6822/13A-213_05_15_2013_continuum.ms.hifv_priorcals.s5_6.ants.tbl', '13A-213_05_15_2013_continuum.ms.hifv_semiFinalBPdcals.s9_2.delay.tbl'],gainfield=[''],interp=[''],
2020-05-15 03:26:31	INFO	gaincal::::+	        spwmap=[],parang=True)
2020-05-15 03:26:31	INFO	gaincal::calibrater::open	****Using NEW VI2-driven calibrater tool****
2020-05-15 03:26:31	INFO	gaincal::calibrater::open	Opening MS: /mnt/ufs18/rs-033/ChomiukLab/LocalGroupX/NGC6822/13A-213_05_15_2013_continuum.ms for calibration.
2020-05-15 03:26:31	INFO	gaincal::Calibrater::	Initializing nominal selection to the whole MS.
2020-05-15 03:26:31	INFO	gaincal::::	NB: gaincal automatically excludes auto-correlations.
2020-05-15 03:26:31	INFO	calibrater::setdata	Beginning selectvis--(MSSelection version)-------
2020-05-15 03:26:31	INFO	calibrater::reset	Reseting solve/apply state
2020-05-15 03:26:31	INFO	Calibrater::selectvis	Performing selection on MeasurementSet
2020-05-15 03:26:31	INFO	Calibrater::selectvis+	 Selecting on spw: '0:42~86,1:42~86,2:42~86,3:42~86,4:42~86,5:42~86,6:42~86,7:42~86'
2020-05-15 03:26:31	INFO	Calibrater::selectvis+	 Selecting on scan: '2,3'
2020-05-15 03:26:31	INFO	Calibrater::selectvis+	 Selecting on field: '1'
2020-05-15 03:26:31	INFO	Calibrater::selectvis+	 Selecting with TaQL: 'ANTENNA1!=ANTENNA2'
2020-05-15 03:26:31	INFO	Calibrater::selectvis	By selection 3967704 rows are reduced to 497016
2020-05-15 03:26:31	INFO	Calibrater::selectvis	Frequency selection: 
2020-05-15 03:26:31	INFO	Calibrater::selectvis	.  Spw 0:42~86 (45 channels, step by 1)
2020-05-15 03:26:31	INFO	Calibrater::selectvis+	.  Spw 1:42~86 (45 channels, step by 1)
2020-05-15 03:26:31	INFO	Calibrater::selectvis+	.  Spw 2:42~86 (45 channels, step by 1)
2020-05-15 03:26:31	INFO	Calibrater::selectvis+	.  Spw 3:42~86 (45 channels, step by 1)
2020-05-15 03:26:31	INFO	Calibrater::selectvis+	.  Spw 4:42~86 (45 channels, step by 1)
2020-05-15 03:26:31	INFO	Calibrater::selectvis+	.  Spw 5:42~86 (45 channels, step by 1)
2020-05-15 03:26:31	INFO	Calibrater::selectvis+	.  Spw 6:42~86 (45 channels, step by 1)
2020-05-15 03:26:31	INFO	Calibrater::selectvis+	.  Spw 7:42~86 (45 channels, step by 1)
2020-05-15 03:26:31	INFO	calibrater::setdata	chanmode=none nchan=1 start=0 step=1 mStart='0km/s' mStep='0km/s' msSelect='ANTENNA1!=ANTENNA2'
2020-05-15 03:26:31	INFO	calibrater::setapply	Beginning setapply--(MSSelection version)-------
2020-05-15 03:26:31	INFO	Calibrater::setapply(type, applypar)	Arranging to APPLY:
2020-05-15 03:26:31	INFO	Calibrater::setapply(type, applypar)	.   EGainCurve: table=/mnt/ufs18/rs-033/ChomiukLab/LocalGroupX/NGC6822/13A-213_05_15_2013_continuum.ms.hifv_priorcals.s5_2.gc.tbl select= interp=linear spwmap=[-1] calWt=true
2020-05-15 03:26:31	INFO	calibrater::setapply	Beginning setapply--(MSSelection version)-------
2020-05-15 03:26:31	INFO	Calibrater::setapply(type, applypar)	Arranging to APPLY:
2020-05-15 03:26:31	INFO	Calibrater::setapply(type, applypar)	.   TOpac: table=/mnt/ufs18/rs-033/ChomiukLab/LocalGroupX/NGC6822/13A-213_05_15_2013_continuum.ms.hifv_priorcals.s5_3.opac.tbl select= interp=linear spwmap=[-1] calWt=true
2020-05-15 03:26:31	INFO	calibrater::setapply	Beginning setapply--(MSSelection version)-------
2020-05-15 03:26:31	INFO	Calibrater::setapply(type, applypar)	Arranging to APPLY:
2020-05-15 03:26:42	INFO	Calibrater::setapply(type, applypar)	.   G EVLASWPOW: table=/mnt/ufs18/rs-033/ChomiukLab/LocalGroupX/NGC6822/13A-213_05_15_2013_continuum.ms.hifv_priorcals.s5_4.rq.tbl select= interp=linear spwmap=[-1] calWt=true
2020-05-15 03:26:42	INFO	calibrater::setapply	Beginning setapply--(MSSelection version)-------
2020-05-15 03:26:42	INFO	Calibrater::setapply(type, applypar)	Arranging to APPLY:
2020-05-15 03:26:42	INFO		 (KAntPos Jones: Overriding with spwmap=[0] since KAntPos Jones is not spw-dependent)
2020-05-15 03:26:42	INFO		 (KAntPos Jones: Enforcing calWt()=false for phase/delay-like terms)
2020-05-15 03:26:42	INFO		No VLATrDelCorr keyword in the antpos caltable; turning trop delay correction OFF.
2020-05-15 03:26:42	INFO	Calibrater::setapply(type, applypar)	.   KAntPos Jones: table=/mnt/ufs18/rs-033/ChomiukLab/LocalGroupX/NGC6822/13A-213_05_15_2013_continuum.ms.hifv_priorcals.s5_6.ants.tbl select= interp=linear spwmap=[0] calWt=false
2020-05-15 03:26:42	INFO	calibrater::setapply	Beginning setapply--(MSSelection version)-------
2020-05-15 03:26:42	INFO	Calibrater::setapply(type, applypar)	Arranging to APPLY:
2020-05-15 03:26:43	INFO		 (K Jones: Enforcing calWt()=false for phase/delay-like terms)
2020-05-15 03:26:43	INFO	Calibrater::setapply(type, applypar)	.   K Jones: table=13A-213_05_15_2013_continuum.ms.hifv_semiFinalBPdcals.s9_2.delay.tbl select= interp=linear spwmap=[-1] calWt=false
2020-05-15 03:26:43	INFO	calibrater::setapply	Beginning setapply--(MSSelection version)-------
2020-05-15 03:26:43	INFO	Calibrater::setapply(type, applypar)	Arranging to APPLY:
2020-05-15 03:26:43	INFO	Calibrater::setapply(type, applypar)	.   P Jones <pre-computed>
2020-05-15 03:26:43	INFO	calibrater::setsolve	Beginning setsolve--(MSSelection version)-------
2020-05-15 03:26:43	INFO	Calibrater::setsolve	Arranging to SOLVE:
2020-05-15 03:26:43	INFO	Calibrater::setsolve	.   G Jones: table=13A-213_05_15_2013_continuum.ms.hifv_semiFinalBPdcals.s9_3.BPinitialgain.tbl append=false solint=int refantmode='flex' refant='ea13,ea26,ea14,ea24,ea15,ea22,ea07,ea10,ea28,ea11,ea17,ea02,ea04,ea21,ea19,ea05,ea25,ea16,ea12,ea23,ea18,ea03,ea06,ea09,ea01,ea08,ea27' minsnr=3 apmode=P solnorm=false
2020-05-15 03:26:43	INFO	calibrater::solve	Beginning solve-----------------------------
2020-05-15 03:26:43	INFO	Calibrater::solve	The following calibration terms are arranged for apply:
2020-05-15 03:26:43	INFO	Calibrater::solve	.   KAntPos Jones: table=/mnt/ufs18/rs-033/ChomiukLab/LocalGroupX/NGC6822/13A-213_05_15_2013_continuum.ms.hifv_priorcals.s5_6.ants.tbl select= interp=linear spwmap=[0] calWt=false
2020-05-15 03:26:43	INFO	Calibrater::solve	.   K Jones: table=13A-213_05_15_2013_continuum.ms.hifv_semiFinalBPdcals.s9_2.delay.tbl select= interp=linear spwmap=[-1] calWt=false
2020-05-15 03:26:43	INFO	Calibrater::solve	.   G EVLASWPOW: table=/mnt/ufs18/rs-033/ChomiukLab/LocalGroupX/NGC6822/13A-213_05_15_2013_continuum.ms.hifv_priorcals.s5_4.rq.tbl select= interp=linear spwmap=[-1] calWt=true
2020-05-15 03:26:43	INFO	Calibrater::solve	.   P Jones <pre-computed>
2020-05-15 03:26:43	INFO	Calibrater::solve	.   EGainCurve: table=/mnt/ufs18/rs-033/ChomiukLab/LocalGroupX/NGC6822/13A-213_05_15_2013_continuum.ms.hifv_priorcals.s5_2.gc.tbl select= interp=linear spwmap=[-1] calWt=true
2020-05-15 03:26:43	INFO	Calibrater::solve	.   TOpac: table=/mnt/ufs18/rs-033/ChomiukLab/LocalGroupX/NGC6822/13A-213_05_15_2013_continuum.ms.hifv_priorcals.s5_3.opac.tbl select= interp=linear spwmap=[-1] calWt=true
2020-05-15 03:26:43	INFO	Calibrater::solve	The following calibration term is arranged for solve:
2020-05-15 03:26:43	INFO	Calibrater::solve	.   G Jones: table=13A-213_05_15_2013_continuum.ms.hifv_semiFinalBPdcals.s9_3.BPinitialgain.tbl append=false solint=int refantmode='flex' refant='ea13,ea26,ea14,ea24,ea15,ea22,ea07,ea10,ea28,ea11,ea17,ea02,ea04,ea21,ea19,ea05,ea25,ea16,ea12,ea23,ea18,ea03,ea06,ea09,ea01,ea08,ea27' minsnr=3 apmode=P solnorm=false
2020-05-15 03:26:43	INFO	ChannelAverageTVI::parseConfiguration	Channel bin is [-1, -1, -1, -1, -1, -1, -1, -1]
2020-05-15 03:26:43	INFO	Calibrater::solve	For solint = int, found 1416 solution intervals.
2020-05-15 03:27:06	INFO	Calibrater::solve	  Found good G Jones solutions in 954 solution intervals.
2020-05-15 03:27:06	INFO		Applying refant: ea13 (ea26,ea14,ea24,ea15,ea22,ea07,ea10,ea28,ea11,ea17,ea02,ea04,ea21,ea19,ea05,ea25,ea16,ea12,ea23,ea18,ea03,ea06,ea09,ea01,ea08,ea27) refantmode = flex (hold alternate refants' phase constant) when refant flagged
2020-05-15 03:27:06	INFO		At 2013/05/15/09:13:17.5 (Spw=0, Fld=1), using refant ea11 (id=10) (alternate)
2020-05-15 03:27:06	INFO		At 2013/05/15/09:13:17.5 (Spw=1, Fld=1), using refant ea11 (id=10) (alternate)
2020-05-15 03:27:06	INFO		At 2013/05/15/09:13:17.5 (Spw=2, Fld=1), using refant ea11 (id=10) (alternate)
2020-05-15 03:27:06	INFO		At 2013/05/15/09:13:17.5 (Spw=3, Fld=1), using refant ea11 (id=10) (alternate)
2020-05-15 03:27:06	INFO		At 2013/05/15/09:13:22.5 (Spw=4, Fld=1), using refant ea24 (id=22) (alternate)
2020-05-15 03:27:06	INFO		At 2013/05/15/09:19:17.5 (Spw=4, Fld=1), using refant ea26 (id=24) (alternate)
2020-05-15 03:27:06	INFO		At 2013/05/15/09:19:32.5 (Spw=4, Fld=1), using refant ea26 (id=24) (alternate)
2020-05-15 03:27:06	INFO		At 2013/05/15/09:19:47.5 (Spw=4, Fld=1), using refant ea14 (id=13) (alternate)
2020-05-15 03:27:06	INFO		At 2013/05/15/09:20:07.5 (Spw=4, Fld=1), using refant ea10 (id=9) (alternate)
2020-05-15 03:27:06	INFO		At 2013/05/15/09:20:12.5 (Spw=4, Fld=1), using refant ea04 (id=3) (alternate)
2020-05-15 03:27:06	INFO		At 2013/05/15/09:20:37.5 (Spw=4, Fld=1), using refant ea14 (id=13) (alternate)
2020-05-15 03:27:06	INFO		At 2013/05/15/09:20:52.5 (Spw=4, Fld=1), using refant ea26 (id=24) (alternate)
2020-05-15 03:27:06	INFO		At 2013/05/15/09:21:27.5 (Spw=4, Fld=1), using refant ea26 (id=24) (alternate)
2020-05-15 03:27:06	INFO		At 2013/05/15/09:23:02.5 (Spw=4, Fld=1), using refant ea26 (id=24) (alternate)
2020-05-15 03:27:06	INFO		At 2013/05/15/09:13:17.5 (Spw=5, Fld=1), using refant ea11 (id=10) (alternate)
2020-05-15 03:27:06	INFO		At 2013/05/15/09:13:17.5 (Spw=6, Fld=1), using refant ea11 (id=10) (alternate)
2020-05-15 03:27:06	INFO		At 2013/05/15/09:13:17.5 (Spw=7, Fld=1), using refant ea11 (id=10) (alternate)
2020-05-15 03:27:06	INFO		 NB: An alternate refant was used at least once to maintain
2020-05-15 03:27:06	INFO	+	  phase continuity where the user's preferred refant drops out.
2020-05-15 03:27:06	INFO	+	  Alternate refants are held constant in phase (_not_ zeroed)
2020-05-15 03:27:06	INFO	+	  during these periods, and the preferred refant may return at
2020-05-15 03:27:06	INFO	+	  a non-zero phase.  This is generally harmless.
2020-05-15 03:27:06	INFO		Enforcing apmode on solutions.
2020-05-15 03:27:20	INFO		Writing solutions to table: 13A-213_05_15_2013_continuum.ms.hifv_semiFinalBPdcals.s9_3.BPinitialgain.tbl
2020-05-15 03:27:20	INFO	calibrater::solve	Finished solving.
2020-05-15 03:27:20	INFO	gaincal::::	Calibration solve statistics per spw:  (expected/attempted/succeeded):
2020-05-15 03:27:20	INFO	gaincal::::	  Spw 0: 177/120/120
2020-05-15 03:27:20	INFO	gaincal::::	  Spw 1: 177/120/120
2020-05-15 03:27:20	INFO	gaincal::::	  Spw 2: 177/120/120
2020-05-15 03:27:20	INFO	gaincal::::	  Spw 3: 177/120/120
2020-05-15 03:27:20	INFO	gaincal::::	  Spw 4: 177/116/114
2020-05-15 03:27:20	INFO	gaincal::::	  Spw 5: 177/120/120
2020-05-15 03:27:20	INFO	gaincal::::	  Spw 6: 177/120/120
2020-05-15 03:27:20	INFO	gaincal::::	  Spw 7: 177/120/120
2020-05-15 03:27:22	INFO	gaincal::::	##### End Task: gaincal              #####
2020-05-15 03:27:22	INFO	gaincal::::+	##########################################
2020-05-15 03:27:22	INFO	pipeline.infrastructure.callibrary::pipeline.infrastructure.callibrary::	Consolidating calibrations for 13A-213_05_15_2013_continuum.ms
2020-05-15 03:27:22	INFO	pipeline.infrastructure.jobrequest::pipeline.infrastructure.jobrequest::	Executing bandpass(vis='13A-213_05_15_2013_continuum.ms', caltable='13A-213_05_15_2013_continuum.ms.hifv_semiFinalBPdcals.s9_4.BPcal.tbl', field='1', selectdata=True, scan='2,3', solint='inf', combine='scan', refant='ea13,ea26,ea14,ea24,ea15,ea22,ea07,ea10,ea28,ea11,ea17,ea02,ea04,ea21,ea19,ea05,ea25,ea16,ea12,ea23,ea18,ea03,ea06,ea09,ea01,ea08,ea27', minblperant=4, minsnr=5.0, solnorm=False, bandtype='B', smodel=[], append=False, fillgaps=0, docallib=False, gaintable=['13A-213_05_15_2013_continuum.ms.hifv_priorcals.s5_2.gc.tbl', '13A-213_05_15_2013_continuum.ms.hifv_priorcals.s5_3.opac.tbl', '13A-213_05_15_2013_continuum.ms.hifv_priorcals.s5_4.rq.tbl', '13A-213_05_15_2013_continuum.ms.hifv_priorcals.s5_6.ants.tbl', '13A-213_05_15_2013_continuum.ms.hifv_semiFinalBPdcals.s9_2.delay.tbl', '13A-213_05_15_2013_continuum.ms.hifv_semiFinalBPdcals.s9_3.BPinitialgain.tbl'], gainfield=[''], interp=[''], spwmap=[], parang=True)
2020-05-15 03:27:22	INFO	bandpass::::	
2020-05-15 03:27:22	INFO	bandpass::::+	##########################################
2020-05-15 03:27:22	INFO	bandpass::::+	##### Begin Task: bandpass           #####
2020-05-15 03:27:22	INFO	bandpass::::	bandpass(vis="/mnt/ufs18/rs-033/ChomiukLab/LocalGroupX/NGC6822/13A-213_05_15_2013_continuum.ms",caltable="13A-213_05_15_2013_continuum.ms.hifv_semiFinalBPdcals.s9_4.BPcal.tbl",field="1",spw="",intent="",
2020-05-15 03:27:22	INFO	bandpass::::+	        selectdata=True,timerange="",uvrange="",antenna="",scan="2,3",
2020-05-15 03:27:22	INFO	bandpass::::+	        observation="",msselect="",solint="inf",combine="scan",refant="ea13,ea26,ea14,ea24,ea15,ea22,ea07,ea10,ea28,ea11,ea17,ea02,ea04,ea21,ea19,ea05,ea25,ea16,ea12,ea23,ea18,ea03,ea06,ea09,ea01,ea08,ea27",
2020-05-15 03:27:22	INFO	bandpass::::+	        minblperant=4,minsnr=5.0,solnorm=False,bandtype="B",smodel=[],
2020-05-15 03:27:22	INFO	bandpass::::+	        append=False,fillgaps=0,degamp=3,degphase=3,visnorm=False,
2020-05-15 03:27:22	INFO	bandpass::::+	        maskcenter=0,maskedge=5,docallib=False,callib="",gaintable=['/mnt/ufs18/rs-033/ChomiukLab/LocalGroupX/NGC6822/13A-213_05_15_2013_continuum.ms.hifv_priorcals.s5_2.gc.tbl', '/mnt/ufs18/rs-033/ChomiukLab/LocalGroupX/NGC6822/13A-213_05_15_2013_continuum.ms.hifv_priorcals.s5_3.opac.tbl', '/mnt/ufs18/rs-033/ChomiukLab/LocalGroupX/NGC6822/13A-213_05_15_2013_continuum.ms.hifv_priorcals.s5_4.rq.tbl', '/mnt/ufs18/rs-033/ChomiukLab/LocalGroupX/NGC6822/13A-213_05_15_2013_continuum.ms.hifv_priorcals.s5_6.ants.tbl', '13A-213_05_15_2013_continuum.ms.hifv_semiFinalBPdcals.s9_2.delay.tbl', '13A-213_05_15_2013_continuum.ms.hifv_semiFinalBPdcals.s9_3.BPinitialgain.tbl'],
2020-05-15 03:27:22	INFO	bandpass::::+	        gainfield=[''],interp=[''],spwmap=[],parang=True)
2020-05-15 03:27:22	INFO	bandpass::calibrater::open	****Using NEW VI2-driven calibrater tool****
2020-05-15 03:27:22	INFO	bandpass::calibrater::open	Opening MS: /mnt/ufs18/rs-033/ChomiukLab/LocalGroupX/NGC6822/13A-213_05_15_2013_continuum.ms for calibration.
2020-05-15 03:27:22	INFO	bandpass::Calibrater::	Initializing nominal selection to the whole MS.
2020-05-15 03:27:22	INFO	bandpass::calibrater::reset	Reseting solve/apply state
2020-05-15 03:27:22	INFO	bandpass::::	NB: bandpass automatically excludes auto-correlations.
2020-05-15 03:27:22	INFO	calibrater::setdata	Beginning selectvis--(MSSelection version)-------
2020-05-15 03:27:22	INFO	calibrater::reset	Reseting solve/apply state
2020-05-15 03:27:22	INFO	Calibrater::selectvis	Performing selection on MeasurementSet
2020-05-15 03:27:22	INFO	Calibrater::selectvis+	 Selecting on scan: '2,3'
2020-05-15 03:27:22	INFO	Calibrater::selectvis+	 Selecting on field: '1'
2020-05-15 03:27:22	INFO	Calibrater::selectvis+	 Selecting with TaQL: 'ANTENNA1!=ANTENNA2'
2020-05-15 03:27:22	INFO	Calibrater::selectvis	By selection 3967704 rows are reduced to 497016
2020-05-15 03:27:22	INFO	Calibrater::selectvis	Frequency selection: Selecting all channels in all spws.
2020-05-15 03:27:22	INFO	calibrater::setdata	chanmode=none nchan=1 start=0 step=1 mStart='0km/s' mStep='0km/s' msSelect='ANTENNA1!=ANTENNA2'
2020-05-15 03:27:22	INFO	calibrater::setapply	Beginning setapply--(MSSelection version)-------
2020-05-15 03:27:22	INFO	Calibrater::setapply(type, applypar)	Arranging to APPLY:
2020-05-15 03:27:22	INFO	Calibrater::setapply(type, applypar)	.   EGainCurve: table=/mnt/ufs18/rs-033/ChomiukLab/LocalGroupX/NGC6822/13A-213_05_15_2013_continuum.ms.hifv_priorcals.s5_2.gc.tbl select= interp=linear spwmap=[-1] calWt=true
2020-05-15 03:27:22	INFO	calibrater::setapply	Beginning setapply--(MSSelection version)-------
2020-05-15 03:27:22	INFO	Calibrater::setapply(type, applypar)	Arranging to APPLY:
2020-05-15 03:27:22	INFO	Calibrater::setapply(type, applypar)	.   TOpac: table=/mnt/ufs18/rs-033/ChomiukLab/LocalGroupX/NGC6822/13A-213_05_15_2013_continuum.ms.hifv_priorcals.s5_3.opac.tbl select= interp=linear spwmap=[-1] calWt=true
2020-05-15 03:27:22	INFO	calibrater::setapply	Beginning setapply--(MSSelection version)-------
2020-05-15 03:27:22	INFO	Calibrater::setapply(type, applypar)	Arranging to APPLY:
2020-05-15 03:27:33	INFO	Calibrater::setapply(type, applypar)	.   G EVLASWPOW: table=/mnt/ufs18/rs-033/ChomiukLab/LocalGroupX/NGC6822/13A-213_05_15_2013_continuum.ms.hifv_priorcals.s5_4.rq.tbl select= interp=linear spwmap=[-1] calWt=true
2020-05-15 03:27:33	INFO	calibrater::setapply	Beginning setapply--(MSSelection version)-------
2020-05-15 03:27:33	INFO	Calibrater::setapply(type, applypar)	Arranging to APPLY:
2020-05-15 03:27:33	INFO		 (KAntPos Jones: Overriding with spwmap=[0] since KAntPos Jones is not spw-dependent)
2020-05-15 03:27:33	INFO		 (KAntPos Jones: Enforcing calWt()=false for phase/delay-like terms)
2020-05-15 03:27:33	INFO		No VLATrDelCorr keyword in the antpos caltable; turning trop delay correction OFF.
2020-05-15 03:27:33	INFO	Calibrater::setapply(type, applypar)	.   KAntPos Jones: table=/mnt/ufs18/rs-033/ChomiukLab/LocalGroupX/NGC6822/13A-213_05_15_2013_continuum.ms.hifv_priorcals.s5_6.ants.tbl select= interp=linear spwmap=[0] calWt=false
2020-05-15 03:27:33	INFO	calibrater::setapply	Beginning setapply--(MSSelection version)-------
2020-05-15 03:27:33	INFO	Calibrater::setapply(type, applypar)	Arranging to APPLY:
2020-05-15 03:27:33	INFO		 (K Jones: Enforcing calWt()=false for phase/delay-like terms)
2020-05-15 03:27:33	INFO	Calibrater::setapply(type, applypar)	.   K Jones: table=13A-213_05_15_2013_continuum.ms.hifv_semiFinalBPdcals.s9_2.delay.tbl select= interp=linear spwmap=[-1] calWt=false
2020-05-15 03:27:33	INFO	calibrater::setapply	Beginning setapply--(MSSelection version)-------
2020-05-15 03:27:33	INFO	Calibrater::setapply(type, applypar)	Arranging to APPLY:
2020-05-15 03:27:34	INFO	Calibrater::setapply(type, applypar)	.   G Jones: table=13A-213_05_15_2013_continuum.ms.hifv_semiFinalBPdcals.s9_3.BPinitialgain.tbl select= interp=linear spwmap=[-1] calWt=true
2020-05-15 03:27:34	INFO	calibrater::setapply	Beginning setapply--(MSSelection version)-------
2020-05-15 03:27:34	INFO	Calibrater::setapply(type, applypar)	Arranging to APPLY:
2020-05-15 03:27:34	INFO	Calibrater::setapply(type, applypar)	.   P Jones <pre-computed>
2020-05-15 03:27:34	INFO	calibrater::setsolve	Beginning setsolve--(MSSelection version)-------
2020-05-15 03:27:34	INFO	Calibrater::setsolve	Arranging to SOLVE:
2020-05-15 03:27:34	INFO	Calibrater::setsolve	.   B Jones: table=13A-213_05_15_2013_continuum.ms.hifv_semiFinalBPdcals.s9_4.BPcal.tbl append=false solint=inf,none refantmode='flex' refant='ea13,ea26,ea14,ea24,ea15,ea22,ea07,ea10,ea28,ea11,ea17,ea02,ea04,ea21,ea19,ea05,ea25,ea16,ea12,ea23,ea18,ea03,ea06,ea09,ea01,ea08,ea27' minsnr=5 apmode=AP solnorm=false
2020-05-15 03:27:34	INFO	calibrater::solve	Beginning solve-----------------------------
2020-05-15 03:27:34	INFO	Calibrater::solve	The following calibration terms are arranged for apply:
2020-05-15 03:27:34	INFO	Calibrater::solve	.   KAntPos Jones: table=/mnt/ufs18/rs-033/ChomiukLab/LocalGroupX/NGC6822/13A-213_05_15_2013_continuum.ms.hifv_priorcals.s5_6.ants.tbl select= interp=linear spwmap=[0] calWt=false
2020-05-15 03:27:34	INFO	Calibrater::solve	.   K Jones: table=13A-213_05_15_2013_continuum.ms.hifv_semiFinalBPdcals.s9_2.delay.tbl select= interp=linear spwmap=[-1] calWt=false
2020-05-15 03:27:34	INFO	Calibrater::solve	.   G EVLASWPOW: table=/mnt/ufs18/rs-033/ChomiukLab/LocalGroupX/NGC6822/13A-213_05_15_2013_continuum.ms.hifv_priorcals.s5_4.rq.tbl select= interp=linear spwmap=[-1] calWt=true
2020-05-15 03:27:34	INFO	Calibrater::solve	.   G Jones: table=13A-213_05_15_2013_continuum.ms.hifv_semiFinalBPdcals.s9_3.BPinitialgain.tbl select= interp=linear spwmap=[-1] calWt=true
2020-05-15 03:27:34	INFO	Calibrater::solve	.   P Jones <pre-computed>
2020-05-15 03:27:34	INFO	Calibrater::solve	.   EGainCurve: table=/mnt/ufs18/rs-033/ChomiukLab/LocalGroupX/NGC6822/13A-213_05_15_2013_continuum.ms.hifv_priorcals.s5_2.gc.tbl select= interp=linear spwmap=[-1] calWt=true
2020-05-15 03:27:34	INFO	Calibrater::solve	.   TOpac: table=/mnt/ufs18/rs-033/ChomiukLab/LocalGroupX/NGC6822/13A-213_05_15_2013_continuum.ms.hifv_priorcals.s5_3.opac.tbl select= interp=linear spwmap=[-1] calWt=true
2020-05-15 03:27:34	INFO	Calibrater::solve	The following calibration term is arranged for solve:
2020-05-15 03:27:34	INFO	Calibrater::solve	.   B Jones: table=13A-213_05_15_2013_continuum.ms.hifv_semiFinalBPdcals.s9_4.BPcal.tbl append=false solint=inf,none refantmode='flex' refant='ea13,ea26,ea14,ea24,ea15,ea22,ea07,ea10,ea28,ea11,ea17,ea02,ea04,ea21,ea19,ea05,ea25,ea16,ea12,ea23,ea18,ea03,ea06,ea09,ea01,ea08,ea27' minsnr=5 apmode=AP solnorm=false
2020-05-15 03:27:34	INFO	Calibrater::solve	For solint = inf, found 8 solution intervals.
2020-05-15 03:28:21	INFO	Calibrater::solve	  Found good B Jones solutions in 8 solution intervals.
2020-05-15 03:28:21	INFO		Applying refant: ea13 (ea26,ea14,ea24,ea15,ea22,ea07,ea10,ea28,ea11,ea17,ea02,ea04,ea21,ea19,ea05,ea25,ea16,ea12,ea23,ea18,ea03,ea06,ea09,ea01,ea08,ea27) refantmode = flex (hold alternate refants' phase constant) when refant flagged
2020-05-15 03:28:21	INFO		Writing solutions to table: 13A-213_05_15_2013_continuum.ms.hifv_semiFinalBPdcals.s9_4.BPcal.tbl
2020-05-15 03:28:21	INFO	calibrater::solve	Finished solving.
2020-05-15 03:28:22	INFO	bandpass::::	##### End Task: bandpass             #####
2020-05-15 03:28:22	INFO	bandpass::::+	##########################################
2020-05-15 03:28:22	INFO	pipeline.infrastructure.callibrary::pipeline.infrastructure.callibrary::	Consolidating calibrations for 13A-213_05_15_2013_continuum.ms
2020-05-15 03:28:22	INFO	pipeline.hifv.tasks.semiFinalBPdcals.semiFinalBPdcals::pipeline.hifv.tasks.semiFinalBPdcals.semiFinalBPdcals::	Using 'linear,linearflag' for bandpass table
2020-05-15 03:28:22	INFO	pipeline.hifv.tasks.semiFinalBPdcals.semiFinalBPdcals::pipeline.hifv.tasks.semiFinalBPdcals.semiFinalBPdcals::	Applying semi-final delay and BP calibrations to all calibrators
2020-05-15 03:28:22	INFO	pipeline.infrastructure.callibrary::pipeline.infrastructure.callibrary::	Consolidating calibrations for 13A-213_05_15_2013_continuum.ms
2020-05-15 03:28:22	INFO	pipeline.infrastructure.jobrequest::pipeline.infrastructure.jobrequest::	Executing applycal(vis='13A-213_05_15_2013_continuum.ms', selectdata=True, scan='2,3,4,5,9,13,17', docallib=False, gaintable=['13A-213_05_15_2013_continuum.ms.hifv_priorcals.s5_2.gc.tbl', '13A-213_05_15_2013_continuum.ms.hifv_priorcals.s5_3.opac.tbl', '13A-213_05_15_2013_continuum.ms.hifv_priorcals.s5_4.rq.tbl', '13A-213_05_15_2013_continuum.ms.hifv_priorcals.s5_6.ants.tbl', '13A-213_05_15_2013_continuum.ms.hifv_semiFinalBPdcals.s9_2.delay.tbl', '13A-213_05_15_2013_continuum.ms.hifv_semiFinalBPdcals.s9_4.BPcal.tbl'], gainfield=[''], interp=['', '', '', '', '', 'linear,linearflag'], spwmap=[], calwt=[False, False, False, False, False, False], parang=True, applymode='calflagstrict', flagbackup=True)
2020-05-15 03:28:22	INFO	applycal::::	
2020-05-15 03:28:22	INFO	applycal::::+	##########################################
2020-05-15 03:28:22	INFO	applycal::::+	##### Begin Task: applycal           #####
2020-05-15 03:28:22	INFO	applycal::::	applycal(vis="/mnt/ufs18/rs-033/ChomiukLab/LocalGroupX/NGC6822/13A-213_05_15_2013_continuum.ms",field="",spw="",intent="",selectdata=True,
2020-05-15 03:28:22	INFO	applycal::::+	        timerange="",uvrange="",antenna="",scan="2,3,4,5,9,13,17",observation="",
2020-05-15 03:28:22	INFO	applycal::::+	        msselect="",docallib=False,callib="",gaintable=['/mnt/ufs18/rs-033/ChomiukLab/LocalGroupX/NGC6822/13A-213_05_15_2013_continuum.ms.hifv_priorcals.s5_2.gc.tbl', '/mnt/ufs18/rs-033/ChomiukLab/LocalGroupX/NGC6822/13A-213_05_15_2013_continuum.ms.hifv_priorcals.s5_3.opac.tbl', '/mnt/ufs18/rs-033/ChomiukLab/LocalGroupX/NGC6822/13A-213_05_15_2013_continuum.ms.hifv_priorcals.s5_4.rq.tbl', '/mnt/ufs18/rs-033/ChomiukLab/LocalGroupX/NGC6822/13A-213_05_15_2013_continuum.ms.hifv_priorcals.s5_6.ants.tbl', '13A-213_05_15_2013_continuum.ms.hifv_semiFinalBPdcals.s9_2.delay.tbl', '13A-213_05_15_2013_continuum.ms.hifv_semiFinalBPdcals.s9_4.BPcal.tbl'],gainfield=[''],
2020-05-15 03:28:22	INFO	applycal::::+	        interp=['', '', '', '', '', 'linear,linearflag'],spwmap=[],calwt=[False, False, False, False, False, False],parang=True,applymode="calflagstrict",
2020-05-15 03:28:22	INFO	applycal::::+	        flagbackup=True)
2020-05-15 03:28:22	INFO	applycal::calibrater::open	****Using NEW VI2-driven calibrater tool****
2020-05-15 03:28:22	INFO	applycal::calibrater::open	Opening MS: /mnt/ufs18/rs-033/ChomiukLab/LocalGroupX/NGC6822/13A-213_05_15_2013_continuum.ms for calibration.
2020-05-15 03:28:22	INFO	applycal::Calibrater::	Initializing nominal selection to the whole MS.
2020-05-15 03:28:22	INFO	applycal::AgentFlagger::open	Table type is Measurement Set
2020-05-15 03:28:22	INFO	FlagVersion::saveFlagVersion	Creating new backup flag file called applycal_2
2020-05-15 03:28:27	INFO	calibrater::setdata	Beginning selectvis--(MSSelection version)-------
2020-05-15 03:28:27	INFO	calibrater::reset	Reseting solve/apply state
2020-05-15 03:28:27	INFO	Calibrater::selectvis	Performing selection on MeasurementSet
2020-05-15 03:28:27	INFO	Calibrater::selectvis+	 Selecting on scan: '2,3,4,5,9,13,17'
2020-05-15 03:28:28	INFO	Calibrater::selectvis	By selection 3967704 rows are reduced to 1097928
2020-05-15 03:28:28	INFO	Calibrater::selectvis	Frequency selection: Selecting all channels in all spws.
2020-05-15 03:28:28	INFO	calibrater::setdata	chanmode=none nchan=1 start=0 step=1 mStart='0km/s' mStep='0km/s' msSelect=''
2020-05-15 03:28:28	INFO	calibrater::setapply	Beginning setapply--(MSSelection version)-------
2020-05-15 03:28:28	INFO	Calibrater::setapply(type, applypar)	Arranging to APPLY:
2020-05-15 03:28:28	INFO	Calibrater::setapply(type, applypar)	.   EGainCurve: table=/mnt/ufs18/rs-033/ChomiukLab/LocalGroupX/NGC6822/13A-213_05_15_2013_continuum.ms.hifv_priorcals.s5_2.gc.tbl select= interp=linear spwmap=[-1] calWt=false
2020-05-15 03:28:28	INFO	calibrater::setapply	Beginning setapply--(MSSelection version)-------
2020-05-15 03:28:28	INFO	Calibrater::setapply(type, applypar)	Arranging to APPLY:
2020-05-15 03:28:28	INFO	Calibrater::setapply(type, applypar)	.   TOpac: table=/mnt/ufs18/rs-033/ChomiukLab/LocalGroupX/NGC6822/13A-213_05_15_2013_continuum.ms.hifv_priorcals.s5_3.opac.tbl select= interp=linear spwmap=[-1] calWt=false
2020-05-15 03:28:28	INFO	calibrater::setapply	Beginning setapply--(MSSelection version)-------
2020-05-15 03:28:28	INFO	Calibrater::setapply(type, applypar)	Arranging to APPLY:
2020-05-15 03:28:39	INFO	Calibrater::setapply(type, applypar)	.   G EVLASWPOW: table=/mnt/ufs18/rs-033/ChomiukLab/LocalGroupX/NGC6822/13A-213_05_15_2013_continuum.ms.hifv_priorcals.s5_4.rq.tbl select= interp=linear spwmap=[-1] calWt=false
2020-05-15 03:28:39	INFO	calibrater::setapply	Beginning setapply--(MSSelection version)-------
2020-05-15 03:28:39	INFO	Calibrater::setapply(type, applypar)	Arranging to APPLY:
2020-05-15 03:28:39	INFO		 (KAntPos Jones: Overriding with spwmap=[0] since KAntPos Jones is not spw-dependent)
2020-05-15 03:28:39	INFO		No VLATrDelCorr keyword in the antpos caltable; turning trop delay correction OFF.
2020-05-15 03:28:39	INFO	Calibrater::setapply(type, applypar)	.   KAntPos Jones: table=/mnt/ufs18/rs-033/ChomiukLab/LocalGroupX/NGC6822/13A-213_05_15_2013_continuum.ms.hifv_priorcals.s5_6.ants.tbl select= interp=linear spwmap=[0] calWt=false
2020-05-15 03:28:39	INFO	calibrater::setapply	Beginning setapply--(MSSelection version)-------
2020-05-15 03:28:39	INFO	Calibrater::setapply(type, applypar)	Arranging to APPLY:
2020-05-15 03:28:39	INFO	Calibrater::setapply(type, applypar)	.   K Jones: table=13A-213_05_15_2013_continuum.ms.hifv_semiFinalBPdcals.s9_2.delay.tbl select= interp=linear spwmap=[-1] calWt=false
2020-05-15 03:28:39	INFO	calibrater::setapply	Beginning setapply--(MSSelection version)-------
2020-05-15 03:28:39	INFO	Calibrater::setapply(type, applypar)	Arranging to APPLY:
2020-05-15 03:28:39	INFO	Calibrater::setapply(type, applypar)	.   B Jones: table=13A-213_05_15_2013_continuum.ms.hifv_semiFinalBPdcals.s9_4.BPcal.tbl select= interp=linear,linearflag spwmap=[-1] calWt=false
2020-05-15 03:28:39	INFO	calibrater::setapply	Beginning setapply--(MSSelection version)-------
2020-05-15 03:28:39	INFO	Calibrater::setapply(type, applypar)	Arranging to APPLY:
2020-05-15 03:28:39	INFO	Calibrater::setapply(type, applypar)	.   P Jones <pre-computed>
2020-05-15 03:28:39	INFO	calibrater::correct	Beginning correct---------------------------
2020-05-15 03:28:39	INFO	Calibrater::correct2 (VI2/VB2)	The following calibration terms are arranged for apply:
2020-05-15 03:28:39	INFO	Calibrater::correct2 (VI2/VB2)	.   KAntPos Jones: table=/mnt/ufs18/rs-033/ChomiukLab/LocalGroupX/NGC6822/13A-213_05_15_2013_continuum.ms.hifv_priorcals.s5_6.ants.tbl select= interp=linear spwmap=[0] calWt=false
2020-05-15 03:28:39	INFO	Calibrater::correct2 (VI2/VB2)	.   B Jones: table=13A-213_05_15_2013_continuum.ms.hifv_semiFinalBPdcals.s9_4.BPcal.tbl select= interp=linear,linearflag spwmap=[-1] calWt=false
2020-05-15 03:28:39	INFO	Calibrater::correct2 (VI2/VB2)	.   K Jones: table=13A-213_05_15_2013_continuum.ms.hifv_semiFinalBPdcals.s9_2.delay.tbl select= interp=linear spwmap=[-1] calWt=false
2020-05-15 03:28:39	INFO	Calibrater::correct2 (VI2/VB2)	.   G EVLASWPOW: table=/mnt/ufs18/rs-033/ChomiukLab/LocalGroupX/NGC6822/13A-213_05_15_2013_continuum.ms.hifv_priorcals.s5_4.rq.tbl select= interp=linear spwmap=[-1] calWt=false
2020-05-15 03:28:39	INFO	Calibrater::correct2 (VI2/VB2)	.   P Jones <pre-computed>
2020-05-15 03:28:39	INFO	Calibrater::correct2 (VI2/VB2)	.   EGainCurve: table=/mnt/ufs18/rs-033/ChomiukLab/LocalGroupX/NGC6822/13A-213_05_15_2013_continuum.ms.hifv_priorcals.s5_2.gc.tbl select= interp=linear spwmap=[-1] calWt=false
2020-05-15 03:28:39	INFO	Calibrater::correct2 (VI2/VB2)	.   TOpac: table=/mnt/ufs18/rs-033/ChomiukLab/LocalGroupX/NGC6822/13A-213_05_15_2013_continuum.ms.hifv_priorcals.s5_3.opac.tbl select= interp=linear spwmap=[-1] calWt=false
2020-05-15 03:29:45	INFO	calibrater::correct	Finished correcting.
2020-05-15 03:29:45	INFO	applycal::::	Calibration apply flagging statistics (among calibrateable spws):
2020-05-15 03:29:45	INFO	applycal::::	  Total visibilities selected for correction (ncorr x nchan x nrow summed over spws) = 562139136
2020-05-15 03:29:45	INFO	applycal::::	  Flags:
2020-05-15 03:29:45	INFO	applycal::::	   KAntPos Jones: In: 263568778 / 562139136   (46.8867511833%) --> Out: 263568778 / 562139136   (46.8867511833%) (/mnt/ufs18/rs-033/ChomiukLab/LocalGroupX/NGC6822/13A-213_05_15_2013_continuum.ms.hifv_priorcals.s5_6.ants.tbl)
2020-05-15 03:29:45	INFO	applycal::::	   B Jones: In: 263568778 / 562139136   (46.8867511833%) --> Out: 283953905 / 562139136   (50.5131001945%) (13A-213_05_15_2013_continuum.ms.hifv_semiFinalBPdcals.s9_4.BPcal.tbl)
2020-05-15 03:29:45	INFO	applycal::::	   K Jones: In: 283953905 / 562139136   (50.5131001945%) --> Out: 283953905 / 562139136   (50.5131001945%) (13A-213_05_15_2013_continuum.ms.hifv_semiFinalBPdcals.s9_2.delay.tbl)
2020-05-15 03:29:45	INFO	applycal::::	   G EVLASWPOW: In: 283953905 / 562139136   (50.5131001945%) --> Out: 283953905 / 562139136   (50.5131001945%) (/mnt/ufs18/rs-033/ChomiukLab/LocalGroupX/NGC6822/13A-213_05_15_2013_continuum.ms.hifv_priorcals.s5_4.rq.tbl)
2020-05-15 03:29:45	INFO	applycal::::	   P Jones: In: 283953905 / 562139136   (50.5131001945%) --> Out: 283953905 / 562139136   (50.5131001945%)
2020-05-15 03:29:45	INFO	applycal::::	   EGainCurve: In: 283953905 / 562139136   (50.5131001945%) --> Out: 283953905 / 562139136   (50.5131001945%) (/mnt/ufs18/rs-033/ChomiukLab/LocalGroupX/NGC6822/13A-213_05_15_2013_continuum.ms.hifv_priorcals.s5_2.gc.tbl)
2020-05-15 03:29:45	INFO	applycal::::	   TOpac: In: 283953905 / 562139136   (50.5131001945%) --> Out: 283953905 / 562139136   (50.5131001945%) (/mnt/ufs18/rs-033/ChomiukLab/LocalGroupX/NGC6822/13A-213_05_15_2013_continuum.ms.hifv_priorcals.s5_3.opac.tbl)
2020-05-15 03:29:46	INFO	applycal::::	CASA Version 5.6.1-8  
2020-05-15 03:29:46	INFO	applycal::::	
2020-05-15 03:29:46	INFO	applycal::::	##### End Task: applycal             #####
2020-05-15 03:29:46	INFO	applycal::::+	##########################################
